[DYCLOUD]2024-12-25 11:22:42.866	[34minfo[0m	/Users/dujie/Desktop/cmdb/æŒç»­æ›´æ–°/cmdb/server/initialize/gorm.go:73	register table success
[DYCLOUD]2024-12-25 11:22:42.867	[34minfo[0m	/Users/dujie/Desktop/cmdb/æŒç»­æ›´æ–°/cmdb/server/initialize/redis.go:35	redis connect ping response:	{"name": "", "pong": "PONG"}
[DYCLOUD]2024-12-25 11:22:42.868	[34minfo[0m	/Users/dujie/Desktop/cmdb/æŒç»­æ›´æ–°/cmdb/server/initialize/redis.go:35	redis connect ping response:	{"name": "cache", "pong": "PONG"}
[DYCLOUD]2024-12-25 11:22:42.868	[34minfo[0m	/Users/dujie/Desktop/cmdb/æŒç»­æ›´æ–°/cmdb/server/initialize/router.go:60	register swagger handler
[DYCLOUD]2024-12-25 11:22:42.903	[34minfo[0m	/Users/dujie/Desktop/cmdb/æŒç»­æ›´æ–°/cmdb/server/initialize/router.go:105	router register success
[DYCLOUD]2024-12-25 11:22:42.903	[34minfo[0m	/Users/dujie/Desktop/cmdb/æŒç»­æ›´æ–°/cmdb/server/core/server.go:39	server run success on 	{"address": ":8888"}
[DYCLOUD]2024-12-25 13:10:56.191	[34minfo[0m	/Users/dujie/Desktop/cmdb/æŒç»­æ›´æ–°/cmdb/server/initialize/gorm.go:73	register table success
[DYCLOUD]2024-12-25 13:10:56.193	[34minfo[0m	/Users/dujie/Desktop/cmdb/æŒç»­æ›´æ–°/cmdb/server/initialize/redis.go:35	redis connect ping response:	{"name": "", "pong": "PONG"}
[DYCLOUD]2024-12-25 13:10:56.193	[34minfo[0m	/Users/dujie/Desktop/cmdb/æŒç»­æ›´æ–°/cmdb/server/initialize/redis.go:35	redis connect ping response:	{"name": "cache", "pong": "PONG"}
[DYCLOUD]2024-12-25 13:10:56.194	[34minfo[0m	/Users/dujie/Desktop/cmdb/æŒç»­æ›´æ–°/cmdb/server/initialize/router.go:60	register swagger handler
[DYCLOUD]2024-12-25 13:10:56.236	[34minfo[0m	/Users/dujie/Desktop/cmdb/æŒç»­æ›´æ–°/cmdb/server/initialize/router.go:105	router register success
[DYCLOUD]2024-12-25 13:10:56.236	[34minfo[0m	/Users/dujie/Desktop/cmdb/æŒç»­æ›´æ–°/cmdb/server/core/server.go:39	server run success on 	{"address": ":8888"}
[DYCLOUD]2024-12-25 13:14:49.367	[34minfo[0m	/Users/dujie/Desktop/cmdb/æŒç»­æ›´æ–°/cmdb/server/initialize/gorm.go:73	register table success
[DYCLOUD]2024-12-25 13:14:49.369	[34minfo[0m	/Users/dujie/Desktop/cmdb/æŒç»­æ›´æ–°/cmdb/server/initialize/redis.go:35	redis connect ping response:	{"name": "", "pong": "PONG"}
[DYCLOUD]2024-12-25 13:14:49.369	[34minfo[0m	/Users/dujie/Desktop/cmdb/æŒç»­æ›´æ–°/cmdb/server/initialize/redis.go:35	redis connect ping response:	{"name": "cache", "pong": "PONG"}
[DYCLOUD]2024-12-25 13:14:49.369	[34minfo[0m	/Users/dujie/Desktop/cmdb/æŒç»­æ›´æ–°/cmdb/server/initialize/router.go:60	register swagger handler
[DYCLOUD]2024-12-25 13:14:49.407	[34minfo[0m	/Users/dujie/Desktop/cmdb/æŒç»­æ›´æ–°/cmdb/server/initialize/router.go:105	router register success
[DYCLOUD]2024-12-25 13:14:49.407	[34minfo[0m	/Users/dujie/Desktop/cmdb/æŒç»­æ›´æ–°/cmdb/server/core/server.go:39	server run success on 	{"address": ":8888"}
[DYCLOUD]2024-12-25 14:24:27.537	[34minfo[0m	/Users/dujie/Desktop/cmdb/æŒç»­æ›´æ–°/cmdb/server/initialize/gorm.go:73	register table success
[DYCLOUD]2024-12-25 14:24:27.538	[34minfo[0m	/Users/dujie/Desktop/cmdb/æŒç»­æ›´æ–°/cmdb/server/initialize/redis.go:35	redis connect ping response:	{"name": "", "pong": "PONG"}
[DYCLOUD]2024-12-25 14:24:27.539	[34minfo[0m	/Users/dujie/Desktop/cmdb/æŒç»­æ›´æ–°/cmdb/server/initialize/redis.go:35	redis connect ping response:	{"name": "cache", "pong": "PONG"}
[DYCLOUD]2024-12-25 14:24:27.539	[34minfo[0m	/Users/dujie/Desktop/cmdb/æŒç»­æ›´æ–°/cmdb/server/initialize/router.go:60	register swagger handler
[DYCLOUD]2024-12-25 14:24:27.578	[34minfo[0m	/Users/dujie/Desktop/cmdb/æŒç»­æ›´æ–°/cmdb/server/initialize/router.go:105	router register success
[DYCLOUD]2024-12-25 14:24:27.578	[34minfo[0m	/Users/dujie/Desktop/cmdb/æŒç»­æ›´æ–°/cmdb/server/core/server.go:39	server run success on 	{"address": ":8888"}
[DYCLOUD]2024-12-25 14:32:21.203	[34minfo[0m	/Users/dujie/Desktop/cmdb/æŒç»­æ›´æ–°/cmdb/server/initialize/gorm.go:73	register table success
[DYCLOUD]2024-12-25 14:32:21.205	[34minfo[0m	/Users/dujie/Desktop/cmdb/æŒç»­æ›´æ–°/cmdb/server/initialize/redis.go:35	redis connect ping response:	{"name": "", "pong": "PONG"}
[DYCLOUD]2024-12-25 14:32:21.205	[34minfo[0m	/Users/dujie/Desktop/cmdb/æŒç»­æ›´æ–°/cmdb/server/initialize/redis.go:35	redis connect ping response:	{"name": "cache", "pong": "PONG"}
[DYCLOUD]2024-12-25 14:32:21.206	[34minfo[0m	/Users/dujie/Desktop/cmdb/æŒç»­æ›´æ–°/cmdb/server/initialize/router.go:60	register swagger handler
[DYCLOUD]2024-12-25 14:32:21.242	[34minfo[0m	/Users/dujie/Desktop/cmdb/æŒç»­æ›´æ–°/cmdb/server/initialize/router.go:105	router register success
[DYCLOUD]2024-12-25 14:32:21.242	[34minfo[0m	/Users/dujie/Desktop/cmdb/æŒç»­æ›´æ–°/cmdb/server/core/server.go:39	server run success on 	{"address": ":8888"}
[DYCLOUD]2024-12-25 14:57:51.821	[34minfo[0m	/Users/dujie/Desktop/cmdb/æŒç»­æ›´æ–°/cmdb/server/service/kubernetes/metrics/metrics.go:128	promql: sum(rate(container_cpu_usage_seconds_total{image!="",pod="alertmanager-main-0", namespace="monitoring"}[1m])) by (pod,namespace) 
[DYCLOUD]2024-12-25 14:57:51.821	[34minfo[0m	/Users/dujie/Desktop/cmdb/æŒç»­æ›´æ–°/cmdb/server/service/kubernetes/metrics/metrics.go:128	promql: sum(container_memory_working_set_bytes{image!="", pod=~"alertmanager-main-0", namespace="monitoring"}) by (pod, namespace) 
[DYCLOUD]2024-12-25 14:57:51.830	[34minfo[0m	/Users/dujie/Desktop/cmdb/æŒç»­æ›´æ–°/cmdb/server/service/kubernetes/metrics/metrics.go:128	promql: sum(rate(container_cpu_usage_seconds_total{image!="",pod="blackbox-exporter-fc58d667b-j6fzl", namespace="monitoring"}[1m])) by (pod,namespace) 
[DYCLOUD]2024-12-25 14:57:51.830	[34minfo[0m	/Users/dujie/Desktop/cmdb/æŒç»­æ›´æ–°/cmdb/server/service/kubernetes/metrics/metrics.go:128	promql: sum(container_memory_working_set_bytes{image!="", pod=~"grafana-d56fc4b79-lnplj", namespace="monitoring"}) by (pod, namespace) 
[DYCLOUD]2024-12-25 14:57:51.830	[34minfo[0m	/Users/dujie/Desktop/cmdb/æŒç»­æ›´æ–°/cmdb/server/service/kubernetes/metrics/metrics.go:128	promql: sum(rate(container_cpu_usage_seconds_total{image!="",pod="alertmanager-main-1", namespace="monitoring"}[1m])) by (pod,namespace) 
[DYCLOUD]2024-12-25 14:57:51.830	[34minfo[0m	/Users/dujie/Desktop/cmdb/æŒç»­æ›´æ–°/cmdb/server/service/kubernetes/metrics/metrics.go:128	promql: sum(container_memory_working_set_bytes{image!="", pod=~"blackbox-exporter-fc58d667b-j6fzl", namespace="monitoring"}) by (pod, namespace) 
[DYCLOUD]2024-12-25 14:57:51.830	[34minfo[0m	/Users/dujie/Desktop/cmdb/æŒç»­æ›´æ–°/cmdb/server/service/kubernetes/metrics/metrics.go:128	promql: sum(rate(container_cpu_usage_seconds_total{image!="",pod="kube-state-metrics-59d7f5d659-hcrsw", namespace="monitoring"}[1m])) by (pod,namespace) 
[DYCLOUD]2024-12-25 14:57:51.830	[34minfo[0m	/Users/dujie/Desktop/cmdb/æŒç»­æ›´æ–°/cmdb/server/service/kubernetes/metrics/metrics.go:128	promql: sum(inspector_pod_tcpsummarytcpestablishedconn{target_pod=~"kube-state-metrics-59d7f5d659-hcrsw", target_namespace="monitoring"} ) by  (target_pod, target_namespace) 
[DYCLOUD]2024-12-25 14:57:51.830	[34minfo[0m	/Users/dujie/Desktop/cmdb/æŒç»­æ›´æ–°/cmdb/server/service/kubernetes/metrics/metrics.go:128	promql: sum(rate(container_cpu_usage_seconds_total{image!="",pod="grafana-d56fc4b79-lnplj", namespace="monitoring"}[1m])) by (pod,namespace) 
[DYCLOUD]2024-12-25 14:57:51.830	[34minfo[0m	/Users/dujie/Desktop/cmdb/æŒç»­æ›´æ–°/cmdb/server/service/kubernetes/metrics/metrics.go:128	promql: sum(inspector_pod_tcpsummarytcpestablishedconn{target_pod=~"blackbox-exporter-fc58d667b-j6fzl", target_namespace="monitoring"} ) by  (target_pod, target_namespace) 
[DYCLOUD]2024-12-25 14:57:51.830	[34minfo[0m	/Users/dujie/Desktop/cmdb/æŒç»­æ›´æ–°/cmdb/server/service/kubernetes/metrics/metrics.go:128	promql: sum(container_memory_working_set_bytes{image!="", pod=~"alertmanager-main-2", namespace="monitoring"}) by (pod, namespace) 
[DYCLOUD]2024-12-25 14:57:51.832	[34minfo[0m	/Users/dujie/Desktop/cmdb/æŒç»­æ›´æ–°/cmdb/server/service/kubernetes/metrics/metrics.go:128	promql: sum(container_memory_working_set_bytes{image!="", pod=~"kube-state-metrics-59d7f5d659-hcrsw", namespace="monitoring"}) by (pod, namespace) 
[DYCLOUD]2024-12-25 14:57:51.833	[34minfo[0m	/Users/dujie/Desktop/cmdb/æŒç»­æ›´æ–°/cmdb/server/service/kubernetes/metrics/metrics.go:128	promql: sum(inspector_pod_tcpsummarytcpestablishedconn{target_pod=~"grafana-d56fc4b79-lnplj", target_namespace="monitoring"} ) by  (target_pod, target_namespace) 
[DYCLOUD]2024-12-25 14:57:51.833	[34minfo[0m	/Users/dujie/Desktop/cmdb/æŒç»­æ›´æ–°/cmdb/server/service/kubernetes/metrics/metrics.go:128	promql: sum(inspector_pod_tcpsummarytcpestablishedconn{target_pod=~"alertmanager-main-2", target_namespace="monitoring"} ) by  (target_pod, target_namespace) 
[DYCLOUD]2024-12-25 14:57:51.833	[34minfo[0m	/Users/dujie/Desktop/cmdb/æŒç»­æ›´æ–°/cmdb/server/service/kubernetes/metrics/metrics.go:128	promql: sum(container_memory_working_set_bytes{image!="", pod=~"alertmanager-main-1", namespace="monitoring"}) by (pod, namespace) 
[DYCLOUD]2024-12-25 14:57:51.833	[34minfo[0m	/Users/dujie/Desktop/cmdb/æŒç»­æ›´æ–°/cmdb/server/service/kubernetes/metrics/metrics.go:128	promql: sum(inspector_pod_tcpsummarytcpestablishedconn{target_pod=~"alertmanager-main-0", target_namespace="monitoring"} ) by  (target_pod, target_namespace) 
[DYCLOUD]2024-12-25 14:57:51.833	[34minfo[0m	/Users/dujie/Desktop/cmdb/æŒç»­æ›´æ–°/cmdb/server/service/kubernetes/metrics/metrics.go:128	promql: sum(inspector_pod_tcpsummarytcpestablishedconn{target_pod=~"alertmanager-main-1", target_namespace="monitoring"} ) by  (target_pod, target_namespace) 
[DYCLOUD]2024-12-25 14:57:51.833	[34minfo[0m	/Users/dujie/Desktop/cmdb/æŒç»­æ›´æ–°/cmdb/server/service/kubernetes/metrics/metrics.go:128	promql: sum(rate(container_cpu_usage_seconds_total{image!="",pod="alertmanager-main-2", namespace="monitoring"}[1m])) by (pod,namespace) 
[DYCLOUD]2024-12-25 14:57:51.938	[34minfo[0m	/Users/dujie/Desktop/cmdb/æŒç»­æ›´æ–°/cmdb/server/service/kubernetes/metrics/metrics.go:128	promql: sum(inspector_pod_tcpsummarytcpestablishedconn{target_pod=~"node-exporter-998lw", target_namespace="monitoring"} ) by  (target_pod, target_namespace) 
[DYCLOUD]2024-12-25 14:57:51.939	[34minfo[0m	/Users/dujie/Desktop/cmdb/æŒç»­æ›´æ–°/cmdb/server/service/kubernetes/metrics/metrics.go:128	promql: sum(rate(container_cpu_usage_seconds_total{image!="",pod="node-exporter-998lw", namespace="monitoring"}[1m])) by (pod,namespace) 
[DYCLOUD]2024-12-25 14:57:51.939	[34minfo[0m	/Users/dujie/Desktop/cmdb/æŒç»­æ›´æ–°/cmdb/server/service/kubernetes/metrics/metrics.go:128	promql: sum(container_memory_working_set_bytes{image!="", pod=~"node-exporter-kzkbg", namespace="monitoring"}) by (pod, namespace) 
[DYCLOUD]2024-12-25 14:57:51.938	[34minfo[0m	/Users/dujie/Desktop/cmdb/æŒç»­æ›´æ–°/cmdb/server/service/kubernetes/metrics/metrics.go:128	promql: sum(inspector_pod_tcpsummarytcpestablishedconn{target_pod=~"node-exporter-4z4c2", target_namespace="monitoring"} ) by  (target_pod, target_namespace) 
[DYCLOUD]2024-12-25 14:57:51.939	[34minfo[0m	/Users/dujie/Desktop/cmdb/æŒç»­æ›´æ–°/cmdb/server/service/kubernetes/metrics/metrics.go:128	promql: sum(rate(container_cpu_usage_seconds_total{image!="",pod="node-exporter-4z4c2", namespace="monitoring"}[1m])) by (pod,namespace) 
[DYCLOUD]2024-12-25 14:57:51.939	[34minfo[0m	/Users/dujie/Desktop/cmdb/æŒç»­æ›´æ–°/cmdb/server/service/kubernetes/metrics/metrics.go:128	promql: sum(container_memory_working_set_bytes{image!="", pod=~"node-exporter-998lw", namespace="monitoring"}) by (pod, namespace) 
[DYCLOUD]2024-12-25 14:57:51.942	[34minfo[0m	/Users/dujie/Desktop/cmdb/æŒç»­æ›´æ–°/cmdb/server/service/kubernetes/metrics/metrics.go:128	promql: sum(inspector_pod_tcpsummarytcpestablishedconn{target_pod=~"node-exporter-g49k7", target_namespace="monitoring"} ) by  (target_pod, target_namespace) 
[DYCLOUD]2024-12-25 14:57:51.942	[34minfo[0m	/Users/dujie/Desktop/cmdb/æŒç»­æ›´æ–°/cmdb/server/service/kubernetes/metrics/metrics.go:128	promql: sum(container_memory_working_set_bytes{image!="", pod=~"node-exporter-4z4c2", namespace="monitoring"}) by (pod, namespace) 
[DYCLOUD]2024-12-25 14:57:51.942	[34minfo[0m	/Users/dujie/Desktop/cmdb/æŒç»­æ›´æ–°/cmdb/server/service/kubernetes/metrics/metrics.go:128	promql: sum(rate(container_cpu_usage_seconds_total{image!="",pod="node-exporter-kzkbg", namespace="monitoring"}[1m])) by (pod,namespace) 
[DYCLOUD]2024-12-25 14:57:51.942	[34minfo[0m	/Users/dujie/Desktop/cmdb/æŒç»­æ›´æ–°/cmdb/server/service/kubernetes/metrics/metrics.go:128	promql: sum(container_memory_working_set_bytes{image!="", pod=~"node-exporter-g49k7", namespace="monitoring"}) by (pod, namespace) 
[DYCLOUD]2024-12-25 14:57:51.942	[34minfo[0m	/Users/dujie/Desktop/cmdb/æŒç»­æ›´æ–°/cmdb/server/service/kubernetes/metrics/metrics.go:128	promql: sum(rate(container_cpu_usage_seconds_total{image!="",pod="node-exporter-g49k7", namespace="monitoring"}[1m])) by (pod,namespace) 
[DYCLOUD]2024-12-25 14:57:51.942	[34minfo[0m	/Users/dujie/Desktop/cmdb/æŒç»­æ›´æ–°/cmdb/server/service/kubernetes/metrics/metrics.go:128	promql: sum(inspector_pod_tcpsummarytcpestablishedconn{target_pod=~"node-exporter-kzkbg", target_namespace="monitoring"} ) by  (target_pod, target_namespace) 
