[DYCLOUD]2024-11-25 08:37:57.235	[34minfo[0m	/Users/dujie/Desktop/cmdb/æŒç»­æ›´æ–°/cmdb/server/initialize/gorm.go:73	register table success
[DYCLOUD]2024-11-25 08:37:57.237	[34minfo[0m	/Users/dujie/Desktop/cmdb/æŒç»­æ›´æ–°/cmdb/server/initialize/redis.go:35	redis connect ping response:	{"name": "", "pong": "PONG"}
[DYCLOUD]2024-11-25 08:37:57.237	[34minfo[0m	/Users/dujie/Desktop/cmdb/æŒç»­æ›´æ–°/cmdb/server/initialize/redis.go:35	redis connect ping response:	{"name": "cache", "pong": "PONG"}
[DYCLOUD]2024-11-25 08:37:57.238	[34minfo[0m	/Users/dujie/Desktop/cmdb/æŒç»­æ›´æ–°/cmdb/server/initialize/router.go:60	register swagger handler
[DYCLOUD]2024-11-25 08:37:57.296	[34minfo[0m	/Users/dujie/Desktop/cmdb/æŒç»­æ›´æ–°/cmdb/server/initialize/router.go:105	router register success
[DYCLOUD]2024-11-25 08:37:57.296	[34minfo[0m	/Users/dujie/Desktop/cmdb/æŒç»­æ›´æ–°/cmdb/server/core/server.go:39	server run success on 	{"address": ":8888"}
[DYCLOUD]2024-11-25 09:23:43.454	[34minfo[0m	/Users/dujie/Desktop/cmdb/æŒç»­æ›´æ–°/cmdb/server/initialize/gorm.go:73	register table success
[DYCLOUD]2024-11-25 09:23:43.455	[34minfo[0m	/Users/dujie/Desktop/cmdb/æŒç»­æ›´æ–°/cmdb/server/initialize/redis.go:35	redis connect ping response:	{"name": "", "pong": "PONG"}
[DYCLOUD]2024-11-25 09:23:43.456	[34minfo[0m	/Users/dujie/Desktop/cmdb/æŒç»­æ›´æ–°/cmdb/server/initialize/redis.go:35	redis connect ping response:	{"name": "cache", "pong": "PONG"}
[DYCLOUD]2024-11-25 09:23:43.456	[34minfo[0m	/Users/dujie/Desktop/cmdb/æŒç»­æ›´æ–°/cmdb/server/initialize/router.go:60	register swagger handler
[DYCLOUD]2024-11-25 09:23:43.508	[34minfo[0m	/Users/dujie/Desktop/cmdb/æŒç»­æ›´æ–°/cmdb/server/initialize/router.go:105	router register success
[DYCLOUD]2024-11-25 09:23:43.508	[34minfo[0m	/Users/dujie/Desktop/cmdb/æŒç»­æ›´æ–°/cmdb/server/core/server.go:39	server run success on 	{"address": ":8888"}
[DYCLOUD]2024-11-25 09:25:00.780	[34minfo[0m	/Users/dujie/Desktop/cmdb/æŒç»­æ›´æ–°/cmdb/server/initialize/gorm.go:73	register table success
[DYCLOUD]2024-11-25 09:25:00.781	[34minfo[0m	/Users/dujie/Desktop/cmdb/æŒç»­æ›´æ–°/cmdb/server/initialize/redis.go:35	redis connect ping response:	{"name": "", "pong": "PONG"}
[DYCLOUD]2024-11-25 09:25:00.781	[34minfo[0m	/Users/dujie/Desktop/cmdb/æŒç»­æ›´æ–°/cmdb/server/initialize/redis.go:35	redis connect ping response:	{"name": "cache", "pong": "PONG"}
[DYCLOUD]2024-11-25 09:25:00.782	[34minfo[0m	/Users/dujie/Desktop/cmdb/æŒç»­æ›´æ–°/cmdb/server/initialize/router.go:60	register swagger handler
[DYCLOUD]2024-11-25 09:25:00.827	[34minfo[0m	/Users/dujie/Desktop/cmdb/æŒç»­æ›´æ–°/cmdb/server/initialize/router.go:105	router register success
[DYCLOUD]2024-11-25 09:25:00.827	[34minfo[0m	/Users/dujie/Desktop/cmdb/æŒç»­æ›´æ–°/cmdb/server/core/server.go:39	server run success on 	{"address": ":8888"}
[DYCLOUD]2024-11-25 09:26:36.125	[34minfo[0m	/Users/dujie/Desktop/cmdb/æŒç»­æ›´æ–°/cmdb/server/initialize/gorm.go:73	register table success
[DYCLOUD]2024-11-25 09:26:36.126	[34minfo[0m	/Users/dujie/Desktop/cmdb/æŒç»­æ›´æ–°/cmdb/server/initialize/redis.go:35	redis connect ping response:	{"name": "", "pong": "PONG"}
[DYCLOUD]2024-11-25 09:26:36.126	[34minfo[0m	/Users/dujie/Desktop/cmdb/æŒç»­æ›´æ–°/cmdb/server/initialize/redis.go:35	redis connect ping response:	{"name": "cache", "pong": "PONG"}
[DYCLOUD]2024-11-25 09:26:36.127	[34minfo[0m	/Users/dujie/Desktop/cmdb/æŒç»­æ›´æ–°/cmdb/server/initialize/router.go:60	register swagger handler
[DYCLOUD]2024-11-25 09:26:36.214	[34minfo[0m	/Users/dujie/Desktop/cmdb/æŒç»­æ›´æ–°/cmdb/server/initialize/router.go:105	router register success
[DYCLOUD]2024-11-25 09:26:36.215	[34minfo[0m	/Users/dujie/Desktop/cmdb/æŒç»­æ›´æ–°/cmdb/server/core/server.go:39	server run success on 	{"address": ":8888"}
[DYCLOUD]2024-11-25 09:27:27.023	[34minfo[0m	/Users/dujie/Desktop/cmdb/æŒç»­æ›´æ–°/cmdb/server/initialize/gorm.go:73	register table success
[DYCLOUD]2024-11-25 09:27:27.024	[34minfo[0m	/Users/dujie/Desktop/cmdb/æŒç»­æ›´æ–°/cmdb/server/initialize/redis.go:35	redis connect ping response:	{"name": "", "pong": "PONG"}
[DYCLOUD]2024-11-25 09:27:27.025	[34minfo[0m	/Users/dujie/Desktop/cmdb/æŒç»­æ›´æ–°/cmdb/server/initialize/redis.go:35	redis connect ping response:	{"name": "cache", "pong": "PONG"}
[DYCLOUD]2024-11-25 09:27:27.025	[34minfo[0m	/Users/dujie/Desktop/cmdb/æŒç»­æ›´æ–°/cmdb/server/initialize/router.go:60	register swagger handler
[DYCLOUD]2024-11-25 09:27:27.065	[34minfo[0m	/Users/dujie/Desktop/cmdb/æŒç»­æ›´æ–°/cmdb/server/initialize/router.go:105	router register success
[DYCLOUD]2024-11-25 09:27:27.065	[34minfo[0m	/Users/dujie/Desktop/cmdb/æŒç»­æ›´æ–°/cmdb/server/core/server.go:39	server run success on 	{"address": ":8888"}
[DYCLOUD]2024-11-25 09:46:45.197	[34minfo[0m	/Users/dujie/Desktop/cmdb/æŒç»­æ›´æ–°/cmdb/server/initialize/gorm.go:73	register table success
[DYCLOUD]2024-11-25 09:46:45.198	[34minfo[0m	/Users/dujie/Desktop/cmdb/æŒç»­æ›´æ–°/cmdb/server/initialize/redis.go:35	redis connect ping response:	{"name": "", "pong": "PONG"}
[DYCLOUD]2024-11-25 09:46:45.199	[34minfo[0m	/Users/dujie/Desktop/cmdb/æŒç»­æ›´æ–°/cmdb/server/initialize/redis.go:35	redis connect ping response:	{"name": "cache", "pong": "PONG"}
[DYCLOUD]2024-11-25 09:46:45.199	[34minfo[0m	/Users/dujie/Desktop/cmdb/æŒç»­æ›´æ–°/cmdb/server/initialize/router.go:60	register swagger handler
[DYCLOUD]2024-11-25 09:46:45.241	[34minfo[0m	/Users/dujie/Desktop/cmdb/æŒç»­æ›´æ–°/cmdb/server/initialize/router.go:105	router register success
[DYCLOUD]2024-11-25 09:46:45.241	[34minfo[0m	/Users/dujie/Desktop/cmdb/æŒç»­æ›´æ–°/cmdb/server/core/server.go:39	server run success on 	{"address": ":8888"}
[DYCLOUD]2024-11-25 09:53:47.512	[34minfo[0m	/Users/dujie/Desktop/cmdb/æŒç»­æ›´æ–°/cmdb/server/initialize/gorm.go:73	register table success
[DYCLOUD]2024-11-25 09:53:47.513	[34minfo[0m	/Users/dujie/Desktop/cmdb/æŒç»­æ›´æ–°/cmdb/server/initialize/redis.go:35	redis connect ping response:	{"name": "", "pong": "PONG"}
[DYCLOUD]2024-11-25 09:53:47.514	[34minfo[0m	/Users/dujie/Desktop/cmdb/æŒç»­æ›´æ–°/cmdb/server/initialize/redis.go:35	redis connect ping response:	{"name": "cache", "pong": "PONG"}
[DYCLOUD]2024-11-25 09:53:47.514	[34minfo[0m	/Users/dujie/Desktop/cmdb/æŒç»­æ›´æ–°/cmdb/server/initialize/router.go:60	register swagger handler
[DYCLOUD]2024-11-25 09:53:47.555	[34minfo[0m	/Users/dujie/Desktop/cmdb/æŒç»­æ›´æ–°/cmdb/server/initialize/router.go:105	router register success
[DYCLOUD]2024-11-25 09:53:47.555	[34minfo[0m	/Users/dujie/Desktop/cmdb/æŒç»­æ›´æ–°/cmdb/server/core/server.go:39	server run success on 	{"address": ":8888"}
[DYCLOUD]2024-11-25 09:55:34.201	[34minfo[0m	/Users/dujie/Desktop/cmdb/æŒç»­æ›´æ–°/cmdb/server/initialize/gorm.go:73	register table success
[DYCLOUD]2024-11-25 09:55:34.202	[34minfo[0m	/Users/dujie/Desktop/cmdb/æŒç»­æ›´æ–°/cmdb/server/initialize/redis.go:35	redis connect ping response:	{"name": "", "pong": "PONG"}
[DYCLOUD]2024-11-25 09:55:34.203	[34minfo[0m	/Users/dujie/Desktop/cmdb/æŒç»­æ›´æ–°/cmdb/server/initialize/redis.go:35	redis connect ping response:	{"name": "cache", "pong": "PONG"}
[DYCLOUD]2024-11-25 09:55:34.203	[34minfo[0m	/Users/dujie/Desktop/cmdb/æŒç»­æ›´æ–°/cmdb/server/initialize/router.go:60	register swagger handler
[DYCLOUD]2024-11-25 09:55:34.247	[34minfo[0m	/Users/dujie/Desktop/cmdb/æŒç»­æ›´æ–°/cmdb/server/initialize/router.go:105	router register success
[DYCLOUD]2024-11-25 09:55:34.247	[34minfo[0m	/Users/dujie/Desktop/cmdb/æŒç»­æ›´æ–°/cmdb/server/core/server.go:39	server run success on 	{"address": ":8888"}
[DYCLOUD]2024-11-25 13:58:12.869	[34minfo[0m	/Users/dujie/Desktop/cmdb/æŒç»­æ›´æ–°/cmdb/server/initialize/gorm.go:73	register table success
[DYCLOUD]2024-11-25 13:58:12.870	[34minfo[0m	/Users/dujie/Desktop/cmdb/æŒç»­æ›´æ–°/cmdb/server/initialize/redis.go:35	redis connect ping response:	{"name": "", "pong": "PONG"}
[DYCLOUD]2024-11-25 13:58:12.871	[34minfo[0m	/Users/dujie/Desktop/cmdb/æŒç»­æ›´æ–°/cmdb/server/initialize/redis.go:35	redis connect ping response:	{"name": "cache", "pong": "PONG"}
[DYCLOUD]2024-11-25 13:58:12.871	[34minfo[0m	/Users/dujie/Desktop/cmdb/æŒç»­æ›´æ–°/cmdb/server/initialize/router.go:60	register swagger handler
[DYCLOUD]2024-11-25 13:58:12.908	[34minfo[0m	/Users/dujie/Desktop/cmdb/æŒç»­æ›´æ–°/cmdb/server/initialize/router.go:105	router register success
[DYCLOUD]2024-11-25 13:58:12.908	[34minfo[0m	/Users/dujie/Desktop/cmdb/æŒç»­æ›´æ–°/cmdb/server/core/server.go:39	server run success on 	{"address": ":8888"}
[DYCLOUD]2024-11-25 14:17:23.570	[34minfo[0m	/Users/dujie/Desktop/cmdb/æŒç»­æ›´æ–°/cmdb/server/initialize/gorm.go:73	register table success
[DYCLOUD]2024-11-25 14:17:23.571	[34minfo[0m	/Users/dujie/Desktop/cmdb/æŒç»­æ›´æ–°/cmdb/server/initialize/redis.go:35	redis connect ping response:	{"name": "", "pong": "PONG"}
[DYCLOUD]2024-11-25 14:17:23.572	[34minfo[0m	/Users/dujie/Desktop/cmdb/æŒç»­æ›´æ–°/cmdb/server/initialize/redis.go:35	redis connect ping response:	{"name": "cache", "pong": "PONG"}
[DYCLOUD]2024-11-25 14:17:23.572	[34minfo[0m	/Users/dujie/Desktop/cmdb/æŒç»­æ›´æ–°/cmdb/server/initialize/router.go:60	register swagger handler
[DYCLOUD]2024-11-25 14:17:23.618	[34minfo[0m	/Users/dujie/Desktop/cmdb/æŒç»­æ›´æ–°/cmdb/server/initialize/router.go:105	router register success
[DYCLOUD]2024-11-25 14:17:23.618	[34minfo[0m	/Users/dujie/Desktop/cmdb/æŒç»­æ›´æ–°/cmdb/server/core/server.go:39	server run success on 	{"address": ":8888"}
[DYCLOUD]2024-11-25 14:23:26.380	[34minfo[0m	/Users/dujie/Desktop/cmdb/æŒç»­æ›´æ–°/cmdb/server/initialize/gorm.go:73	register table success
[DYCLOUD]2024-11-25 14:23:26.382	[34minfo[0m	/Users/dujie/Desktop/cmdb/æŒç»­æ›´æ–°/cmdb/server/initialize/redis.go:35	redis connect ping response:	{"name": "", "pong": "PONG"}
[DYCLOUD]2024-11-25 14:23:26.382	[34minfo[0m	/Users/dujie/Desktop/cmdb/æŒç»­æ›´æ–°/cmdb/server/initialize/redis.go:35	redis connect ping response:	{"name": "cache", "pong": "PONG"}
[DYCLOUD]2024-11-25 14:23:26.383	[34minfo[0m	/Users/dujie/Desktop/cmdb/æŒç»­æ›´æ–°/cmdb/server/initialize/router.go:60	register swagger handler
[DYCLOUD]2024-11-25 14:23:26.424	[34minfo[0m	/Users/dujie/Desktop/cmdb/æŒç»­æ›´æ–°/cmdb/server/initialize/router.go:105	router register success
[DYCLOUD]2024-11-25 14:23:26.424	[34minfo[0m	/Users/dujie/Desktop/cmdb/æŒç»­æ›´æ–°/cmdb/server/core/server.go:39	server run success on 	{"address": ":8888"}
[DYCLOUD]2024-11-25 14:25:37.038	[34minfo[0m	/Users/dujie/Desktop/cmdb/æŒç»­æ›´æ–°/cmdb/server/initialize/gorm.go:73	register table success
[DYCLOUD]2024-11-25 14:25:37.039	[34minfo[0m	/Users/dujie/Desktop/cmdb/æŒç»­æ›´æ–°/cmdb/server/initialize/redis.go:35	redis connect ping response:	{"name": "", "pong": "PONG"}
[DYCLOUD]2024-11-25 14:25:37.040	[34minfo[0m	/Users/dujie/Desktop/cmdb/æŒç»­æ›´æ–°/cmdb/server/initialize/redis.go:35	redis connect ping response:	{"name": "cache", "pong": "PONG"}
[DYCLOUD]2024-11-25 14:25:37.040	[34minfo[0m	/Users/dujie/Desktop/cmdb/æŒç»­æ›´æ–°/cmdb/server/initialize/router.go:60	register swagger handler
[DYCLOUD]2024-11-25 14:25:37.079	[34minfo[0m	/Users/dujie/Desktop/cmdb/æŒç»­æ›´æ–°/cmdb/server/initialize/router.go:105	router register success
[DYCLOUD]2024-11-25 14:25:37.079	[34minfo[0m	/Users/dujie/Desktop/cmdb/æŒç»­æ›´æ–°/cmdb/server/core/server.go:39	server run success on 	{"address": ":8888"}
[DYCLOUD]2024-11-25 14:28:37.889	[34minfo[0m	/Users/dujie/Desktop/cmdb/æŒç»­æ›´æ–°/cmdb/server/initialize/gorm.go:73	register table success
[DYCLOUD]2024-11-25 14:28:37.891	[34minfo[0m	/Users/dujie/Desktop/cmdb/æŒç»­æ›´æ–°/cmdb/server/initialize/redis.go:35	redis connect ping response:	{"name": "", "pong": "PONG"}
[DYCLOUD]2024-11-25 14:28:37.891	[34minfo[0m	/Users/dujie/Desktop/cmdb/æŒç»­æ›´æ–°/cmdb/server/initialize/redis.go:35	redis connect ping response:	{"name": "cache", "pong": "PONG"}
[DYCLOUD]2024-11-25 14:28:37.891	[34minfo[0m	/Users/dujie/Desktop/cmdb/æŒç»­æ›´æ–°/cmdb/server/initialize/router.go:60	register swagger handler
[DYCLOUD]2024-11-25 14:28:37.931	[34minfo[0m	/Users/dujie/Desktop/cmdb/æŒç»­æ›´æ–°/cmdb/server/initialize/router.go:105	router register success
[DYCLOUD]2024-11-25 14:28:37.932	[34minfo[0m	/Users/dujie/Desktop/cmdb/æŒç»­æ›´æ–°/cmdb/server/core/server.go:39	server run success on 	{"address": ":8888"}
[DYCLOUD]2024-11-25 14:45:12.498	[34minfo[0m	/Users/dujie/Desktop/cmdb/æŒç»­æ›´æ–°/cmdb/server/initialize/gorm.go:73	register table success
[DYCLOUD]2024-11-25 14:45:12.499	[34minfo[0m	/Users/dujie/Desktop/cmdb/æŒç»­æ›´æ–°/cmdb/server/initialize/redis.go:35	redis connect ping response:	{"name": "", "pong": "PONG"}
[DYCLOUD]2024-11-25 14:45:12.499	[34minfo[0m	/Users/dujie/Desktop/cmdb/æŒç»­æ›´æ–°/cmdb/server/initialize/redis.go:35	redis connect ping response:	{"name": "cache", "pong": "PONG"}
[DYCLOUD]2024-11-25 14:45:12.500	[34minfo[0m	/Users/dujie/Desktop/cmdb/æŒç»­æ›´æ–°/cmdb/server/initialize/router.go:60	register swagger handler
[DYCLOUD]2024-11-25 14:45:12.541	[34minfo[0m	/Users/dujie/Desktop/cmdb/æŒç»­æ›´æ–°/cmdb/server/initialize/router.go:105	router register success
[DYCLOUD]2024-11-25 14:45:12.541	[34minfo[0m	/Users/dujie/Desktop/cmdb/æŒç»­æ›´æ–°/cmdb/server/core/server.go:39	server run success on 	{"address": ":8888"}
[DYCLOUD]2024-11-25 14:54:29.804	[34minfo[0m	/Users/dujie/Desktop/cmdb/æŒç»­æ›´æ–°/cmdb/server/initialize/gorm.go:73	register table success
[DYCLOUD]2024-11-25 14:54:29.806	[34minfo[0m	/Users/dujie/Desktop/cmdb/æŒç»­æ›´æ–°/cmdb/server/initialize/redis.go:35	redis connect ping response:	{"name": "", "pong": "PONG"}
[DYCLOUD]2024-11-25 14:54:29.806	[34minfo[0m	/Users/dujie/Desktop/cmdb/æŒç»­æ›´æ–°/cmdb/server/initialize/redis.go:35	redis connect ping response:	{"name": "cache", "pong": "PONG"}
[DYCLOUD]2024-11-25 14:54:29.806	[34minfo[0m	/Users/dujie/Desktop/cmdb/æŒç»­æ›´æ–°/cmdb/server/initialize/router.go:60	register swagger handler
[DYCLOUD]2024-11-25 14:54:29.842	[34minfo[0m	/Users/dujie/Desktop/cmdb/æŒç»­æ›´æ–°/cmdb/server/initialize/router.go:105	router register success
[DYCLOUD]2024-11-25 14:54:29.843	[34minfo[0m	/Users/dujie/Desktop/cmdb/æŒç»­æ›´æ–°/cmdb/server/core/server.go:39	server run success on 	{"address": ":8888"}
[DYCLOUD]2024-11-25 15:01:38.597	[34minfo[0m	/Users/dujie/Desktop/cmdb/æŒç»­æ›´æ–°/cmdb/server/initialize/gorm.go:73	register table success
[DYCLOUD]2024-11-25 15:01:38.598	[34minfo[0m	/Users/dujie/Desktop/cmdb/æŒç»­æ›´æ–°/cmdb/server/initialize/redis.go:35	redis connect ping response:	{"name": "", "pong": "PONG"}
[DYCLOUD]2024-11-25 15:01:38.598	[34minfo[0m	/Users/dujie/Desktop/cmdb/æŒç»­æ›´æ–°/cmdb/server/initialize/redis.go:35	redis connect ping response:	{"name": "cache", "pong": "PONG"}
[DYCLOUD]2024-11-25 15:01:38.599	[34minfo[0m	/Users/dujie/Desktop/cmdb/æŒç»­æ›´æ–°/cmdb/server/initialize/router.go:60	register swagger handler
[DYCLOUD]2024-11-25 15:01:38.636	[34minfo[0m	/Users/dujie/Desktop/cmdb/æŒç»­æ›´æ–°/cmdb/server/initialize/router.go:105	router register success
[DYCLOUD]2024-11-25 15:01:38.636	[34minfo[0m	/Users/dujie/Desktop/cmdb/æŒç»­æ›´æ–°/cmdb/server/core/server.go:39	server run success on 	{"address": ":8888"}
[DYCLOUD]2024-11-25 15:21:23.468	[34minfo[0m	/Users/dujie/Desktop/cmdb/æŒç»­æ›´æ–°/cmdb/server/initialize/gorm.go:73	register table success
[DYCLOUD]2024-11-25 15:21:23.469	[34minfo[0m	/Users/dujie/Desktop/cmdb/æŒç»­æ›´æ–°/cmdb/server/initialize/redis.go:35	redis connect ping response:	{"name": "", "pong": "PONG"}
[DYCLOUD]2024-11-25 15:21:23.470	[34minfo[0m	/Users/dujie/Desktop/cmdb/æŒç»­æ›´æ–°/cmdb/server/initialize/redis.go:35	redis connect ping response:	{"name": "cache", "pong": "PONG"}
[DYCLOUD]2024-11-25 15:21:23.470	[34minfo[0m	/Users/dujie/Desktop/cmdb/æŒç»­æ›´æ–°/cmdb/server/initialize/router.go:60	register swagger handler
[DYCLOUD]2024-11-25 15:21:23.509	[34minfo[0m	/Users/dujie/Desktop/cmdb/æŒç»­æ›´æ–°/cmdb/server/initialize/router.go:105	router register success
[DYCLOUD]2024-11-25 15:21:23.509	[34minfo[0m	/Users/dujie/Desktop/cmdb/æŒç»­æ›´æ–°/cmdb/server/core/server.go:39	server run success on 	{"address": ":8888"}
[DYCLOUD]2024-11-25 15:24:49.373	[34minfo[0m	/Users/dujie/Desktop/cmdb/æŒç»­æ›´æ–°/cmdb/server/initialize/gorm.go:73	register table success
[DYCLOUD]2024-11-25 15:24:49.374	[34minfo[0m	/Users/dujie/Desktop/cmdb/æŒç»­æ›´æ–°/cmdb/server/initialize/redis.go:35	redis connect ping response:	{"name": "", "pong": "PONG"}
[DYCLOUD]2024-11-25 15:24:49.374	[34minfo[0m	/Users/dujie/Desktop/cmdb/æŒç»­æ›´æ–°/cmdb/server/initialize/redis.go:35	redis connect ping response:	{"name": "cache", "pong": "PONG"}
[DYCLOUD]2024-11-25 15:24:49.375	[34minfo[0m	/Users/dujie/Desktop/cmdb/æŒç»­æ›´æ–°/cmdb/server/initialize/router.go:60	register swagger handler
[DYCLOUD]2024-11-25 15:24:49.416	[34minfo[0m	/Users/dujie/Desktop/cmdb/æŒç»­æ›´æ–°/cmdb/server/initialize/router.go:105	router register success
[DYCLOUD]2024-11-25 15:24:49.417	[34minfo[0m	/Users/dujie/Desktop/cmdb/æŒç»­æ›´æ–°/cmdb/server/core/server.go:39	server run success on 	{"address": ":8888"}
[DYCLOUD]2024-11-25 15:31:07.734	[34minfo[0m	/Users/dujie/Desktop/cmdb/æŒç»­æ›´æ–°/cmdb/server/initialize/gorm.go:73	register table success
[DYCLOUD]2024-11-25 15:31:07.736	[34minfo[0m	/Users/dujie/Desktop/cmdb/æŒç»­æ›´æ–°/cmdb/server/initialize/redis.go:35	redis connect ping response:	{"name": "", "pong": "PONG"}
[DYCLOUD]2024-11-25 15:31:07.736	[34minfo[0m	/Users/dujie/Desktop/cmdb/æŒç»­æ›´æ–°/cmdb/server/initialize/redis.go:35	redis connect ping response:	{"name": "cache", "pong": "PONG"}
[DYCLOUD]2024-11-25 15:31:07.736	[34minfo[0m	/Users/dujie/Desktop/cmdb/æŒç»­æ›´æ–°/cmdb/server/initialize/router.go:60	register swagger handler
[DYCLOUD]2024-11-25 15:31:07.773	[34minfo[0m	/Users/dujie/Desktop/cmdb/æŒç»­æ›´æ–°/cmdb/server/initialize/router.go:105	router register success
[DYCLOUD]2024-11-25 15:31:07.773	[34minfo[0m	/Users/dujie/Desktop/cmdb/æŒç»­æ›´æ–°/cmdb/server/core/server.go:39	server run success on 	{"address": ":8888"}
[DYCLOUD]2024-11-25 16:03:29.952	[34minfo[0m	/Users/dujie/Desktop/cmdb/æŒç»­æ›´æ–°/cmdb/server/initialize/gorm.go:73	register table success
[DYCLOUD]2024-11-25 16:03:29.953	[34minfo[0m	/Users/dujie/Desktop/cmdb/æŒç»­æ›´æ–°/cmdb/server/initialize/redis.go:35	redis connect ping response:	{"name": "", "pong": "PONG"}
[DYCLOUD]2024-11-25 16:03:29.954	[34minfo[0m	/Users/dujie/Desktop/cmdb/æŒç»­æ›´æ–°/cmdb/server/initialize/redis.go:35	redis connect ping response:	{"name": "cache", "pong": "PONG"}
[DYCLOUD]2024-11-25 16:03:29.954	[34minfo[0m	/Users/dujie/Desktop/cmdb/æŒç»­æ›´æ–°/cmdb/server/initialize/router.go:60	register swagger handler
[DYCLOUD]2024-11-25 16:03:29.995	[34minfo[0m	/Users/dujie/Desktop/cmdb/æŒç»­æ›´æ–°/cmdb/server/initialize/router.go:105	router register success
[DYCLOUD]2024-11-25 16:03:29.995	[34minfo[0m	/Users/dujie/Desktop/cmdb/æŒç»­æ›´æ–°/cmdb/server/core/server.go:39	server run success on 	{"address": ":8888"}
[DYCLOUD]2024-11-25 16:09:23.059	[34minfo[0m	/Users/dujie/Desktop/cmdb/æŒç»­æ›´æ–°/cmdb/server/initialize/gorm.go:73	register table success
[DYCLOUD]2024-11-25 16:09:23.060	[34minfo[0m	/Users/dujie/Desktop/cmdb/æŒç»­æ›´æ–°/cmdb/server/initialize/redis.go:35	redis connect ping response:	{"name": "", "pong": "PONG"}
[DYCLOUD]2024-11-25 16:09:23.061	[34minfo[0m	/Users/dujie/Desktop/cmdb/æŒç»­æ›´æ–°/cmdb/server/initialize/redis.go:35	redis connect ping response:	{"name": "cache", "pong": "PONG"}
[DYCLOUD]2024-11-25 16:09:23.061	[34minfo[0m	/Users/dujie/Desktop/cmdb/æŒç»­æ›´æ–°/cmdb/server/initialize/router.go:60	register swagger handler
[DYCLOUD]2024-11-25 16:09:23.103	[34minfo[0m	/Users/dujie/Desktop/cmdb/æŒç»­æ›´æ–°/cmdb/server/initialize/router.go:105	router register success
[DYCLOUD]2024-11-25 16:09:23.103	[34minfo[0m	/Users/dujie/Desktop/cmdb/æŒç»­æ›´æ–°/cmdb/server/core/server.go:39	server run success on 	{"address": ":8888"}
[DYCLOUD]2024-11-25 16:12:18.078	[34minfo[0m	/Users/dujie/Desktop/cmdb/æŒç»­æ›´æ–°/cmdb/server/initialize/gorm.go:73	register table success
[DYCLOUD]2024-11-25 16:12:18.080	[34minfo[0m	/Users/dujie/Desktop/cmdb/æŒç»­æ›´æ–°/cmdb/server/initialize/redis.go:35	redis connect ping response:	{"name": "", "pong": "PONG"}
[DYCLOUD]2024-11-25 16:12:18.080	[34minfo[0m	/Users/dujie/Desktop/cmdb/æŒç»­æ›´æ–°/cmdb/server/initialize/redis.go:35	redis connect ping response:	{"name": "cache", "pong": "PONG"}
[DYCLOUD]2024-11-25 16:12:18.081	[34minfo[0m	/Users/dujie/Desktop/cmdb/æŒç»­æ›´æ–°/cmdb/server/initialize/router.go:60	register swagger handler
[DYCLOUD]2024-11-25 16:12:18.118	[34minfo[0m	/Users/dujie/Desktop/cmdb/æŒç»­æ›´æ–°/cmdb/server/initialize/router.go:105	router register success
[DYCLOUD]2024-11-25 16:12:18.119	[34minfo[0m	/Users/dujie/Desktop/cmdb/æŒç»­æ›´æ–°/cmdb/server/core/server.go:39	server run success on 	{"address": ":8888"}
[DYCLOUD]2024-11-25 16:19:43.197	[34minfo[0m	/Users/dujie/Desktop/cmdb/æŒç»­æ›´æ–°/cmdb/server/initialize/gorm.go:73	register table success
[DYCLOUD]2024-11-25 16:19:43.198	[34minfo[0m	/Users/dujie/Desktop/cmdb/æŒç»­æ›´æ–°/cmdb/server/initialize/redis.go:35	redis connect ping response:	{"name": "", "pong": "PONG"}
[DYCLOUD]2024-11-25 16:19:43.198	[34minfo[0m	/Users/dujie/Desktop/cmdb/æŒç»­æ›´æ–°/cmdb/server/initialize/redis.go:35	redis connect ping response:	{"name": "cache", "pong": "PONG"}
[DYCLOUD]2024-11-25 16:19:43.199	[34minfo[0m	/Users/dujie/Desktop/cmdb/æŒç»­æ›´æ–°/cmdb/server/initialize/router.go:60	register swagger handler
[DYCLOUD]2024-11-25 16:19:43.238	[34minfo[0m	/Users/dujie/Desktop/cmdb/æŒç»­æ›´æ–°/cmdb/server/initialize/router.go:105	router register success
[DYCLOUD]2024-11-25 16:19:43.238	[34minfo[0m	/Users/dujie/Desktop/cmdb/æŒç»­æ›´æ–°/cmdb/server/core/server.go:39	server run success on 	{"address": ":8888"}
[DYCLOUD]2024-11-25 16:28:43.949	[34minfo[0m	/Users/dujie/Desktop/cmdb/æŒç»­æ›´æ–°/cmdb/server/initialize/gorm.go:73	register table success
[DYCLOUD]2024-11-25 16:28:43.951	[34minfo[0m	/Users/dujie/Desktop/cmdb/æŒç»­æ›´æ–°/cmdb/server/initialize/redis.go:35	redis connect ping response:	{"name": "", "pong": "PONG"}
[DYCLOUD]2024-11-25 16:28:43.951	[34minfo[0m	/Users/dujie/Desktop/cmdb/æŒç»­æ›´æ–°/cmdb/server/initialize/redis.go:35	redis connect ping response:	{"name": "cache", "pong": "PONG"}
[DYCLOUD]2024-11-25 16:28:43.952	[34minfo[0m	/Users/dujie/Desktop/cmdb/æŒç»­æ›´æ–°/cmdb/server/initialize/router.go:60	register swagger handler
[DYCLOUD]2024-11-25 16:28:43.994	[34minfo[0m	/Users/dujie/Desktop/cmdb/æŒç»­æ›´æ–°/cmdb/server/initialize/router.go:105	router register success
[DYCLOUD]2024-11-25 16:28:43.995	[34minfo[0m	/Users/dujie/Desktop/cmdb/æŒç»­æ›´æ–°/cmdb/server/core/server.go:39	server run success on 	{"address": ":8888"}
[DYCLOUD]2024-11-25 16:36:54.618	[34minfo[0m	/Users/dujie/Desktop/cmdb/æŒç»­æ›´æ–°/cmdb/server/initialize/gorm.go:73	register table success
[DYCLOUD]2024-11-25 16:36:54.619	[34minfo[0m	/Users/dujie/Desktop/cmdb/æŒç»­æ›´æ–°/cmdb/server/initialize/redis.go:35	redis connect ping response:	{"name": "", "pong": "PONG"}
[DYCLOUD]2024-11-25 16:36:54.620	[34minfo[0m	/Users/dujie/Desktop/cmdb/æŒç»­æ›´æ–°/cmdb/server/initialize/redis.go:35	redis connect ping response:	{"name": "cache", "pong": "PONG"}
[DYCLOUD]2024-11-25 16:36:54.620	[34minfo[0m	/Users/dujie/Desktop/cmdb/æŒç»­æ›´æ–°/cmdb/server/initialize/router.go:60	register swagger handler
[DYCLOUD]2024-11-25 16:36:54.661	[34minfo[0m	/Users/dujie/Desktop/cmdb/æŒç»­æ›´æ–°/cmdb/server/initialize/router.go:105	router register success
[DYCLOUD]2024-11-25 16:36:54.661	[34minfo[0m	/Users/dujie/Desktop/cmdb/æŒç»­æ›´æ–°/cmdb/server/core/server.go:39	server run success on 	{"address": ":8888"}
[DYCLOUD]2024-11-25 16:44:43.499	[34minfo[0m	/Users/dujie/Desktop/cmdb/æŒç»­æ›´æ–°/cmdb/server/initialize/gorm.go:73	register table success
[DYCLOUD]2024-11-25 16:44:43.500	[34minfo[0m	/Users/dujie/Desktop/cmdb/æŒç»­æ›´æ–°/cmdb/server/initialize/redis.go:35	redis connect ping response:	{"name": "", "pong": "PONG"}
[DYCLOUD]2024-11-25 16:44:43.501	[34minfo[0m	/Users/dujie/Desktop/cmdb/æŒç»­æ›´æ–°/cmdb/server/initialize/redis.go:35	redis connect ping response:	{"name": "cache", "pong": "PONG"}
[DYCLOUD]2024-11-25 16:44:43.501	[34minfo[0m	/Users/dujie/Desktop/cmdb/æŒç»­æ›´æ–°/cmdb/server/initialize/router.go:60	register swagger handler
[DYCLOUD]2024-11-25 16:44:43.541	[34minfo[0m	/Users/dujie/Desktop/cmdb/æŒç»­æ›´æ–°/cmdb/server/initialize/router.go:105	router register success
[DYCLOUD]2024-11-25 16:44:43.542	[34minfo[0m	/Users/dujie/Desktop/cmdb/æŒç»­æ›´æ–°/cmdb/server/core/server.go:39	server run success on 	{"address": ":8888"}
