[DYCLOUD]2024-12-17 08:24:15.496	[31merror[0m	/Users/dujie/Desktop/cmdb/æŒç»­æ›´æ–°/cmdb/server/utils/claims.go:48	é‡æ–°å†™å…¥cookie tokenå¤±è´¥,æœªèƒ½æˆåŠŸè§£ætoken,è¯·æ£€æŸ¥è¯·æ±‚å¤´æ˜¯å¦å­˜åœ¨x-tokenä¸”claimsæ˜¯å¦ä¸ºè§„å®šç»“æ„
[DYCLOUD]2024-12-17 08:24:30.865	[31merror[0m	/Users/dujie/Desktop/cmdb/æŒç»­æ›´æ–°/cmdb/server/utils/docker/docker/client.go:35	record not found
[DYCLOUD]2024-12-17 08:24:30.866	[31merror[0m	/Users/dujie/Desktop/cmdb/æŒç»­æ›´æ–°/cmdb/server/api/v1/docker/container.go:39	è·å–å®¹å™¨åˆ—è¡¨å¤±è´¥:	{"error": "host is not found"}
[DYCLOUD]2024-12-17 08:24:30.866	[31merror[0m	/Users/dujie/Desktop/cmdb/æŒç»­æ›´æ–°/cmdb/server/utils/docker/docker/client.go:35	record not found
[DYCLOUD]2024-12-17 08:24:30.867	[31merror[0m	/Users/dujie/Desktop/cmdb/æŒç»­æ›´æ–°/cmdb/server/api/v1/docker/system.go:29	è·å–ç³»ç»Ÿä¿¡æ¯å¤±è´¥!	{"error": "host is not found"}
[DYCLOUD]2024-12-17 08:24:30.866	[31merror[0m	/Users/dujie/Desktop/cmdb/æŒç»­æ›´æ–°/cmdb/server/utils/docker/docker/client.go:35	record not found
[DYCLOUD]2024-12-17 08:24:30.867	[31merror[0m	/Users/dujie/Desktop/cmdb/æŒç»­æ›´æ–°/cmdb/server/utils/docker/docker/client.go:35	record not found
[DYCLOUD]2024-12-17 08:24:30.868	[31merror[0m	/Users/dujie/Desktop/cmdb/æŒç»­æ›´æ–°/cmdb/server/api/v1/docker/image.go:33	è·å–é•œåƒåˆ—è¡¨å¤±è´¥!	{"error": "host is not found"}
[DYCLOUD]2024-12-17 08:24:30.867	[31merror[0m	/Users/dujie/Desktop/cmdb/æŒç»­æ›´æ–°/cmdb/server/utils/docker/docker/client.go:35	record not found
[DYCLOUD]2024-12-17 08:24:30.868	[31merror[0m	/Users/dujie/Desktop/cmdb/æŒç»­æ›´æ–°/cmdb/server/api/v1/docker/network.go:33	è·å–ç½‘ç»œåˆ—è¡¨å¤±è´¥!	{"error": "host is not found"}
[DYCLOUD]2024-12-17 08:24:30.869	[31merror[0m	/Users/dujie/Desktop/cmdb/æŒç»­æ›´æ–°/cmdb/server/api/v1/docker/volume.go:33	è·å–å­˜å‚¨å·åˆ—è¡¨å¤±è´¥!	{"error": "host is not found"}
[DYCLOUD]2024-12-17 08:24:35.434	[31merror[0m	/Users/dujie/Desktop/cmdb/æŒç»­æ›´æ–°/cmdb/server/utils/docker/docker/client.go:35	record not found
[DYCLOUD]2024-12-17 08:24:35.434	[31merror[0m	/Users/dujie/Desktop/cmdb/æŒç»­æ›´æ–°/cmdb/server/utils/docker/docker/client.go:35	record not found
[DYCLOUD]2024-12-17 08:24:35.435	[31merror[0m	/Users/dujie/Desktop/cmdb/æŒç»­æ›´æ–°/cmdb/server/api/v1/docker/system.go:29	è·å–ç³»ç»Ÿä¿¡æ¯å¤±è´¥!	{"error": "host is not found"}
[DYCLOUD]2024-12-17 08:24:35.435	[31merror[0m	/Users/dujie/Desktop/cmdb/æŒç»­æ›´æ–°/cmdb/server/api/v1/docker/container.go:39	è·å–å®¹å™¨åˆ—è¡¨å¤±è´¥:	{"error": "host is not found"}
[DYCLOUD]2024-12-17 08:24:35.435	[31merror[0m	/Users/dujie/Desktop/cmdb/æŒç»­æ›´æ–°/cmdb/server/utils/docker/docker/client.go:35	record not found
[DYCLOUD]2024-12-17 08:24:35.436	[31merror[0m	/Users/dujie/Desktop/cmdb/æŒç»­æ›´æ–°/cmdb/server/api/v1/docker/volume.go:33	è·å–å­˜å‚¨å·åˆ—è¡¨å¤±è´¥!	{"error": "host is not found"}
[DYCLOUD]2024-12-17 08:24:35.436	[31merror[0m	/Users/dujie/Desktop/cmdb/æŒç»­æ›´æ–°/cmdb/server/utils/docker/docker/client.go:35	record not found
[DYCLOUD]2024-12-17 08:24:35.436	[31merror[0m	/Users/dujie/Desktop/cmdb/æŒç»­æ›´æ–°/cmdb/server/api/v1/docker/image.go:33	è·å–é•œåƒåˆ—è¡¨å¤±è´¥!	{"error": "host is not found"}
[DYCLOUD]2024-12-17 08:24:35.437	[31merror[0m	/Users/dujie/Desktop/cmdb/æŒç»­æ›´æ–°/cmdb/server/utils/docker/docker/client.go:35	record not found
[DYCLOUD]2024-12-17 08:24:35.437	[31merror[0m	/Users/dujie/Desktop/cmdb/æŒç»­æ›´æ–°/cmdb/server/api/v1/docker/network.go:33	è·å–ç½‘ç»œåˆ—è¡¨å¤±è´¥!	{"error": "host is not found"}
[DYCLOUD]2024-12-17 08:24:48.305	[31merror[0m	/Users/dujie/Desktop/cmdb/æŒç»­æ›´æ–°/cmdb/server/utils/docker/docker/client.go:35	record not found
[DYCLOUD]2024-12-17 08:24:48.306	[31merror[0m	/Users/dujie/Desktop/cmdb/æŒç»­æ›´æ–°/cmdb/server/api/v1/docker/container.go:39	è·å–å®¹å™¨åˆ—è¡¨å¤±è´¥:	{"error": "host is not found"}
[DYCLOUD]2024-12-17 08:24:48.305	[31merror[0m	/Users/dujie/Desktop/cmdb/æŒç»­æ›´æ–°/cmdb/server/utils/docker/docker/client.go:35	record not found
[DYCLOUD]2024-12-17 08:24:48.305	[31merror[0m	/Users/dujie/Desktop/cmdb/æŒç»­æ›´æ–°/cmdb/server/utils/docker/docker/client.go:35	record not found
[DYCLOUD]2024-12-17 08:24:48.305	[31merror[0m	/Users/dujie/Desktop/cmdb/æŒç»­æ›´æ–°/cmdb/server/utils/docker/docker/client.go:35	record not found
[DYCLOUD]2024-12-17 08:24:48.305	[31merror[0m	/Users/dujie/Desktop/cmdb/æŒç»­æ›´æ–°/cmdb/server/utils/docker/docker/client.go:35	record not found
[DYCLOUD]2024-12-17 08:24:48.306	[31merror[0m	/Users/dujie/Desktop/cmdb/æŒç»­æ›´æ–°/cmdb/server/api/v1/docker/image.go:33	è·å–é•œåƒåˆ—è¡¨å¤±è´¥!	{"error": "host is not found"}
[DYCLOUD]2024-12-17 08:24:48.307	[31merror[0m	/Users/dujie/Desktop/cmdb/æŒç»­æ›´æ–°/cmdb/server/api/v1/docker/system.go:29	è·å–ç³»ç»Ÿä¿¡æ¯å¤±è´¥!	{"error": "host is not found"}
[DYCLOUD]2024-12-17 08:24:48.307	[31merror[0m	/Users/dujie/Desktop/cmdb/æŒç»­æ›´æ–°/cmdb/server/api/v1/docker/network.go:33	è·å–ç½‘ç»œåˆ—è¡¨å¤±è´¥!	{"error": "host is not found"}
[DYCLOUD]2024-12-17 08:24:48.307	[31merror[0m	/Users/dujie/Desktop/cmdb/æŒç»­æ›´æ–°/cmdb/server/api/v1/docker/volume.go:33	è·å–å­˜å‚¨å·åˆ—è¡¨å¤±è´¥!	{"error": "host is not found"}
[DYCLOUD]2024-12-17 09:06:45.920	[31merror[0m	/Users/dujie/Desktop/cmdb/æŒç»­æ›´æ–°/cmdb/server/core/server.go:41	accept tcp [::]:8888: use of closed network connection
[DYCLOUD]2024-12-17 09:08:38.517	[31merror[0m	/Users/dujie/Desktop/cmdb/æŒç»­æ›´æ–°/cmdb/server/core/server.go:41	accept tcp [::]:8888: use of closed network connection
[DYCLOUD]2024-12-17 09:12:19.466	[31merror[0m	/Users/dujie/Desktop/cmdb/æŒç»­æ›´æ–°/cmdb/server/utils/claims.go:48	é‡æ–°å†™å…¥cookie tokenå¤±è´¥,æœªèƒ½æˆåŠŸè§£ætoken,è¯·æ£€æŸ¥è¯·æ±‚å¤´æ˜¯å¦å­˜åœ¨x-tokenä¸”claimsæ˜¯å¦ä¸ºè§„å®šç»“æ„
[DYCLOUD]2024-12-17 09:13:38.737	[31merror[0m	/Users/dujie/Desktop/cmdb/æŒç»­æ›´æ–°/cmdb/server/core/server.go:41	accept tcp [::]:8888: use of closed network connection
[DYCLOUD]2024-12-17 09:17:34.210	[31merror[0m	/Users/dujie/Desktop/cmdb/æŒç»­æ›´æ–°/cmdb/server/core/server.go:41	accept tcp [::]:8888: use of closed network connection
[DYCLOUD]2024-12-17 09:19:58.681	[31merror[0m	/Users/dujie/Desktop/cmdb/æŒç»­æ›´æ–°/cmdb/server/core/server.go:41	accept tcp [::]:8888: use of closed network connection
[DYCLOUD]2024-12-17 09:22:51.458	[31merror[0m	/Users/dujie/Desktop/cmdb/æŒç»­æ›´æ–°/cmdb/server/core/server.go:41	accept tcp [::]:8888: use of closed network connection
[DYCLOUD]2024-12-17 09:26:45.180	[31merror[0m	/Users/dujie/Desktop/cmdb/æŒç»­æ›´æ–°/cmdb/server/core/server.go:41	accept tcp [::]:8888: use of closed network connection
[DYCLOUD]2024-12-17 09:30:24.263	[31merror[0m	/Users/dujie/Desktop/cmdb/æŒç»­æ›´æ–°/cmdb/server/core/server.go:41	accept tcp [::]:8888: use of closed network connection
[DYCLOUD]2024-12-17 09:31:24.837	[31merror[0m	/Users/dujie/Desktop/cmdb/æŒç»­æ›´æ–°/cmdb/server/core/server.go:41	accept tcp [::]:8888: use of closed network connection
[DYCLOUD]2024-12-17 09:32:14.231	[31merror[0m	/Users/dujie/Desktop/cmdb/æŒç»­æ›´æ–°/cmdb/server/core/server.go:41	accept tcp [::]:8888: use of closed network connection
[DYCLOUD]2024-12-17 09:35:25.794	[31merror[0m	/Users/dujie/Desktop/cmdb/æŒç»­æ›´æ–°/cmdb/server/core/server.go:41	accept tcp [::]:8888: use of closed network connection
[DYCLOUD]2024-12-17 09:37:17.119	[31merror[0m	/Users/dujie/Desktop/cmdb/æŒç»­æ›´æ–°/cmdb/server/core/server.go:41	accept tcp [::]:8888: use of closed network connection
[DYCLOUD]2024-12-17 09:38:52.119	[31merror[0m	/Users/dujie/Desktop/cmdb/æŒç»­æ›´æ–°/cmdb/server/core/server.go:41	accept tcp [::]:8888: use of closed network connection
[DYCLOUD]2024-12-17 09:39:22.002	[31merror[0m	/Users/dujie/Desktop/cmdb/æŒç»­æ›´æ–°/cmdb/server/core/server.go:41	accept tcp [::]:8888: use of closed network connection
[DYCLOUD]2024-12-17 09:41:08.152	[31merror[0m	/Users/dujie/Desktop/cmdb/æŒç»­æ›´æ–°/cmdb/server/core/server.go:41	accept tcp [::]:8888: use of closed network connection
[DYCLOUD]2024-12-17 09:47:26.621	[31merror[0m	/Users/dujie/Desktop/cmdb/æŒç»­æ›´æ–°/cmdb/server/core/server.go:41	accept tcp [::]:8888: use of closed network connection
[DYCLOUD]2024-12-17 09:50:36.709	[31merror[0m	/Users/dujie/Desktop/cmdb/æŒç»­æ›´æ–°/cmdb/server/core/server.go:41	accept tcp [::]:8888: use of closed network connection
[DYCLOUD]2024-12-17 09:53:28.724	[31merror[0m	/Users/dujie/Desktop/cmdb/æŒç»­æ›´æ–°/cmdb/server/core/server.go:41	accept tcp [::]:8888: use of closed network connection
[DYCLOUD]2024-12-17 09:57:38.893	[31merror[0m	/Users/dujie/Desktop/cmdb/æŒç»­æ›´æ–°/cmdb/server/core/server.go:41	accept tcp [::]:8888: use of closed network connection
[DYCLOUD]2024-12-17 10:07:08.656	[31merror[0m	/Users/dujie/Desktop/cmdb/æŒç»­æ›´æ–°/cmdb/server/core/server.go:41	accept tcp [::]:8888: use of closed network connection
[DYCLOUD]2024-12-17 10:08:28.913	[31merror[0m	/Users/dujie/Desktop/cmdb/æŒç»­æ›´æ–°/cmdb/server/core/server.go:41	accept tcp [::]:8888: use of closed network connection
[DYCLOUD]2024-12-17 10:09:58.671	[31merror[0m	/Users/dujie/Desktop/cmdb/æŒç»­æ›´æ–°/cmdb/server/core/server.go:41	accept tcp [::]:8888: use of closed network connection
[DYCLOUD]2024-12-17 10:30:53.010	[31merror[0m	/Users/dujie/Desktop/cmdb/æŒç»­æ›´æ–°/cmdb/server/core/server.go:41	accept tcp [::]:8888: use of closed network connection
