[DYCLOUD]2024-12-26 09:49:01.794	[31merror[0m	/Users/dujie/Desktop/cmdb/æŒç»­æ›´æ–°/cmdb/server/api/v1/cicd/pipelines.go:64	æ‰§è¡Œå¤±è´¥!	{"error": "record not found"}
[DYCLOUD]2024-12-26 09:49:01.837	[31merror[0m	/Users/dujie/Desktop/cmdb/æŒç»­æ›´æ–°/cmdb/server/api/v1/cicd/applications.go:103	æ‰§è¡Œå¤±è´¥!	{"error": "æŸ¥è¯¢åº”ç”¨ä¿¡æ¯å¤±è´¥: record not found"}
[DYCLOUD]2024-12-26 09:49:24.708	[31merror[0m	/Users/dujie/Desktop/cmdb/æŒç»­æ›´æ–°/cmdb/server/api/v1/cicd/pipelines.go:64	æ‰§è¡Œå¤±è´¥!	{"error": "record not found"}
[DYCLOUD]2024-12-26 09:49:24.741	[31merror[0m	/Users/dujie/Desktop/cmdb/æŒç»­æ›´æ–°/cmdb/server/api/v1/cicd/applications.go:103	æ‰§è¡Œå¤±è´¥!	{"error": "æŸ¥è¯¢åº”ç”¨ä¿¡æ¯å¤±è´¥: record not found"}
[DYCLOUD]2024-12-26 09:51:46.864	[31merror[0m	/Users/dujie/Desktop/cmdb/æŒç»­æ›´æ–°/cmdb/server/api/v1/cicd/pipelines.go:64	æ‰§è¡Œå¤±è´¥!	{"error": "record not found"}
[DYCLOUD]2024-12-26 09:51:46.964	[31merror[0m	/Users/dujie/Desktop/cmdb/æŒç»­æ›´æ–°/cmdb/server/api/v1/cicd/applications.go:103	æ‰§è¡Œå¤±è´¥!	{"error": "æŸ¥è¯¢åº”ç”¨ä¿¡æ¯å¤±è´¥: record not found"}
[DYCLOUD]2024-12-26 09:55:37.697	[31merror[0m	/Users/dujie/Desktop/cmdb/æŒç»­æ›´æ–°/cmdb/server/api/v1/cicd/pipelines.go:64	æ‰§è¡Œå¤±è´¥!	{"error": "record not found"}
[DYCLOUD]2024-12-26 09:55:37.728	[31merror[0m	/Users/dujie/Desktop/cmdb/æŒç»­æ›´æ–°/cmdb/server/api/v1/cicd/applications.go:103	æ‰§è¡Œå¤±è´¥!	{"error": "æŸ¥è¯¢åº”ç”¨ä¿¡æ¯å¤±è´¥: record not found"}
[DYCLOUD]2024-12-26 10:23:19.980	[31merror[0m	/Users/dujie/Desktop/cmdb/æŒç»­æ›´æ–°/cmdb/server/api/v1/cicd/pipelines.go:64	æ‰§è¡Œå¤±è´¥!	{"error": "record not found"}
[DYCLOUD]2024-12-26 10:23:19.998	[31merror[0m	/Users/dujie/Desktop/cmdb/æŒç»­æ›´æ–°/cmdb/server/api/v1/cicd/applications.go:103	æ‰§è¡Œå¤±è´¥!	{"error": "æŸ¥è¯¢åº”ç”¨ä¿¡æ¯å¤±è´¥: record not found"}
[DYCLOUD]2024-12-26 10:23:49.176	[31merror[0m	/Users/dujie/Desktop/cmdb/æŒç»­æ›´æ–°/cmdb/server/api/v1/cicd/pipelines.go:64	æ‰§è¡Œå¤±è´¥!	{"error": "record not found"}
[DYCLOUD]2024-12-26 10:23:49.198	[31merror[0m	/Users/dujie/Desktop/cmdb/æŒç»­æ›´æ–°/cmdb/server/api/v1/cicd/applications.go:103	æ‰§è¡Œå¤±è´¥!	{"error": "æŸ¥è¯¢åº”ç”¨ä¿¡æ¯å¤±è´¥: record not found"}
[DYCLOUD]2024-12-26 10:25:11.688	[31merror[0m	/Users/dujie/Desktop/cmdb/æŒç»­æ›´æ–°/cmdb/server/core/server.go:41	accept tcp [::]:8888: use of closed network connection
[DYCLOUD]2024-12-26 10:28:06.510	[31merror[0m	/Users/dujie/Desktop/cmdb/æŒç»­æ›´æ–°/cmdb/server/core/server.go:41	accept tcp [::]:8888: use of closed network connection
[DYCLOUD]2024-12-26 10:28:57.452	[31merror[0m	/Users/dujie/Desktop/cmdb/æŒç»­æ›´æ–°/cmdb/server/core/server.go:41	accept tcp [::]:8888: use of closed network connection
[DYCLOUD]2024-12-26 13:21:29.319	[31merror[0m	/Users/dujie/Desktop/cmdb/æŒç»­æ›´æ–°/cmdb/server/api/v1/cicd/pipelines.go:64	æ‰§è¡Œå¤±è´¥!	{"error": "record not found"}
[DYCLOUD]2024-12-26 13:21:29.359	[31merror[0m	/Users/dujie/Desktop/cmdb/æŒç»­æ›´æ–°/cmdb/server/api/v1/cicd/applications.go:103	æ‰§è¡Œå¤±è´¥!	{"error": "æŸ¥è¯¢åº”ç”¨ä¿¡æ¯å¤±è´¥: record not found"}
[DYCLOUD]2024-12-26 13:21:59.829	[31merror[0m	/Users/dujie/Desktop/cmdb/æŒç»­æ›´æ–°/cmdb/server/api/v1/cicd/pipelines.go:64	æ‰§è¡Œå¤±è´¥!	{"error": "record not found"}
[DYCLOUD]2024-12-26 13:21:59.863	[31merror[0m	/Users/dujie/Desktop/cmdb/æŒç»­æ›´æ–°/cmdb/server/api/v1/cicd/applications.go:103	æ‰§è¡Œå¤±è´¥!	{"error": "æŸ¥è¯¢åº”ç”¨ä¿¡æ¯å¤±è´¥: record not found"}
[DYCLOUD]2024-12-26 13:23:04.603	[31merror[0m	/Users/dujie/Desktop/cmdb/æŒç»­æ›´æ–°/cmdb/server/api/v1/cicd/pipelines.go:64	æ‰§è¡Œå¤±è´¥!	{"error": "record not found"}
[DYCLOUD]2024-12-26 13:23:04.630	[31merror[0m	/Users/dujie/Desktop/cmdb/æŒç»­æ›´æ–°/cmdb/server/api/v1/cicd/applications.go:103	æ‰§è¡Œå¤±è´¥!	{"error": "æŸ¥è¯¢åº”ç”¨ä¿¡æ¯å¤±è´¥: record not found"}
[DYCLOUD]2024-12-26 13:28:08.931	[31merror[0m	/Users/dujie/Desktop/cmdb/æŒç»­æ›´æ–°/cmdb/server/api/v1/cicd/pipelines.go:429	æ‰§è¡Œå¤±è´¥!	{"error": "no matching project found for RepoID 59 and GitUrl https://gitee.com/dycloud5416/spring-boot-helloWorld.git"}
[DYCLOUD]2024-12-26 13:43:52.507	[31merror[0m	/Users/dujie/Desktop/cmdb/æŒç»­æ›´æ–°/cmdb/server/api/v1/cicd/pipelines.go:429	æ‰§è¡Œå¤±è´¥!	{"error": "no matching project found for RepoID 59 and GitUrl https://gitee.com/dycloud5416/cmdb-web.git"}
[DYCLOUD]2024-12-26 13:44:01.399	[31merror[0m	/Users/dujie/Desktop/cmdb/æŒç»­æ›´æ–°/cmdb/server/api/v1/cicd/pipelines.go:429	æ‰§è¡Œå¤±è´¥!	{"error": "no matching project found for RepoID 59 and GitUrl https://gitee.com/dycloud5416/cmdb-web.git"}
[DYCLOUD]2024-12-26 13:44:52.969	[31merror[0m	/Users/dujie/Desktop/cmdb/æŒç»­æ›´æ–°/cmdb/server/api/v1/cicd/pipelines.go:429	æ‰§è¡Œå¤±è´¥!	{"error": "no matching project found for RepoID 59 and GitUrl https://gitee.com/dycloud5416/cmdb-web.git"}
[DYCLOUD]2024-12-26 14:32:21.113	[31merror[0m	/Users/dujie/Desktop/cmdb/æŒç»­æ›´æ–°/cmdb/server/api/v1/cicd/pipelines.go:64	æ‰§è¡Œå¤±è´¥!	{"error": "record not found"}
[DYCLOUD]2024-12-26 14:32:21.132	[31merror[0m	/Users/dujie/Desktop/cmdb/æŒç»­æ›´æ–°/cmdb/server/api/v1/cicd/applications.go:103	æ‰§è¡Œå¤±è´¥!	{"error": "æŸ¥è¯¢åº”ç”¨ä¿¡æ¯å¤±è´¥: record not found"}
[DYCLOUD]2024-12-26 14:33:49.465	[31merror[0m	/Users/dujie/Desktop/cmdb/æŒç»­æ›´æ–°/cmdb/server/api/v1/cicd/pipelines.go:64	æ‰§è¡Œå¤±è´¥!	{"error": "record not found"}
[DYCLOUD]2024-12-26 14:33:49.486	[31merror[0m	/Users/dujie/Desktop/cmdb/æŒç»­æ›´æ–°/cmdb/server/api/v1/cicd/applications.go:103	æ‰§è¡Œå¤±è´¥!	{"error": "æŸ¥è¯¢åº”ç”¨ä¿¡æ¯å¤±è´¥: record not found"}
[DYCLOUD]2024-12-26 14:34:27.141	[31merror[0m	/Users/dujie/Desktop/cmdb/æŒç»­æ›´æ–°/cmdb/server/api/v1/cicd/pipelines.go:64	æ‰§è¡Œå¤±è´¥!	{"error": "record not found"}
[DYCLOUD]2024-12-26 14:34:27.159	[31merror[0m	/Users/dujie/Desktop/cmdb/æŒç»­æ›´æ–°/cmdb/server/api/v1/cicd/applications.go:103	æ‰§è¡Œå¤±è´¥!	{"error": "æŸ¥è¯¢åº”ç”¨ä¿¡æ¯å¤±è´¥: record not found"}
[DYCLOUD]2024-12-26 14:36:20.680	[31merror[0m	/Users/dujie/Desktop/cmdb/æŒç»­æ›´æ–°/cmdb/server/api/v1/cicd/pipelines.go:64	æ‰§è¡Œå¤±è´¥!	{"error": "record not found"}
[DYCLOUD]2024-12-26 14:36:20.702	[31merror[0m	/Users/dujie/Desktop/cmdb/æŒç»­æ›´æ–°/cmdb/server/api/v1/cicd/applications.go:103	æ‰§è¡Œå¤±è´¥!	{"error": "æŸ¥è¯¢åº”ç”¨ä¿¡æ¯å¤±è´¥: record not found"}
[DYCLOUD]2024-12-26 14:37:15.861	[31merror[0m	/Users/dujie/Desktop/cmdb/æŒç»­æ›´æ–°/cmdb/server/api/v1/cicd/pipelines.go:64	æ‰§è¡Œå¤±è´¥!	{"error": "record not found"}
[DYCLOUD]2024-12-26 14:37:15.895	[31merror[0m	/Users/dujie/Desktop/cmdb/æŒç»­æ›´æ–°/cmdb/server/api/v1/cicd/applications.go:103	æ‰§è¡Œå¤±è´¥!	{"error": "æŸ¥è¯¢åº”ç”¨ä¿¡æ¯å¤±è´¥: record not found"}
[DYCLOUD]2024-12-26 14:37:49.922	[31merror[0m	/Users/dujie/Desktop/cmdb/æŒç»­æ›´æ–°/cmdb/server/api/v1/cicd/pipelines.go:64	æ‰§è¡Œå¤±è´¥!	{"error": "record not found"}
[DYCLOUD]2024-12-26 14:37:49.970	[31merror[0m	/Users/dujie/Desktop/cmdb/æŒç»­æ›´æ–°/cmdb/server/api/v1/cicd/applications.go:103	æ‰§è¡Œå¤±è´¥!	{"error": "æŸ¥è¯¢åº”ç”¨ä¿¡æ¯å¤±è´¥: record not found"}
[DYCLOUD]2024-12-26 14:38:16.236	[31merror[0m	/Users/dujie/Desktop/cmdb/æŒç»­æ›´æ–°/cmdb/server/api/v1/cicd/pipelines.go:64	æ‰§è¡Œå¤±è´¥!	{"error": "record not found"}
[DYCLOUD]2024-12-26 14:38:16.303	[31merror[0m	/Users/dujie/Desktop/cmdb/æŒç»­æ›´æ–°/cmdb/server/api/v1/cicd/applications.go:103	æ‰§è¡Œå¤±è´¥!	{"error": "æŸ¥è¯¢åº”ç”¨ä¿¡æ¯å¤±è´¥: record not found"}
[DYCLOUD]2024-12-26 14:38:35.835	[31merror[0m	/Users/dujie/Desktop/cmdb/æŒç»­æ›´æ–°/cmdb/server/api/v1/cicd/pipelines.go:64	æ‰§è¡Œå¤±è´¥!	{"error": "record not found"}
[DYCLOUD]2024-12-26 14:38:35.879	[31merror[0m	/Users/dujie/Desktop/cmdb/æŒç»­æ›´æ–°/cmdb/server/api/v1/cicd/applications.go:103	æ‰§è¡Œå¤±è´¥!	{"error": "æŸ¥è¯¢åº”ç”¨ä¿¡æ¯å¤±è´¥: record not found"}
[DYCLOUD]2024-12-26 14:47:54.874	[31merror[0m	/Users/dujie/Desktop/cmdb/æŒç»­æ›´æ–°/cmdb/server/core/server.go:41	accept tcp [::]:8888: use of closed network connection
[DYCLOUD]2024-12-26 15:06:20.925	[31merror[0m	/Users/dujie/Desktop/cmdb/æŒç»­æ›´æ–°/cmdb/server/core/server.go:41	accept tcp [::]:8888: use of closed network connection
[DYCLOUD]2024-12-26 15:18:16.217	[31merror[0m	/Users/dujie/Desktop/cmdb/æŒç»­æ›´æ–°/cmdb/server/core/server.go:41	accept tcp [::]:8888: use of closed network connection
