[DYCLOUD]2024-12-26 10:25:45.654	[34minfo[0m	/Users/dujie/Desktop/cmdb/æŒç»­æ›´æ–°/cmdb/server/initialize/gorm.go:73	register table success
[DYCLOUD]2024-12-26 10:25:45.655	[34minfo[0m	/Users/dujie/Desktop/cmdb/æŒç»­æ›´æ–°/cmdb/server/initialize/redis.go:35	redis connect ping response:	{"name": "", "pong": "PONG"}
[DYCLOUD]2024-12-26 10:25:45.655	[34minfo[0m	/Users/dujie/Desktop/cmdb/æŒç»­æ›´æ–°/cmdb/server/initialize/redis.go:35	redis connect ping response:	{"name": "cache", "pong": "PONG"}
[DYCLOUD]2024-12-26 10:25:45.656	[34minfo[0m	/Users/dujie/Desktop/cmdb/æŒç»­æ›´æ–°/cmdb/server/initialize/router.go:60	register swagger handler
[DYCLOUD]2024-12-26 10:25:45.698	[34minfo[0m	/Users/dujie/Desktop/cmdb/æŒç»­æ›´æ–°/cmdb/server/initialize/router.go:105	router register success
[DYCLOUD]2024-12-26 10:25:45.698	[34minfo[0m	/Users/dujie/Desktop/cmdb/æŒç»­æ›´æ–°/cmdb/server/core/server.go:39	server run success on 	{"address": ":8888"}
[DYCLOUD]2024-12-26 10:28:37.337	[34minfo[0m	/Users/dujie/Desktop/cmdb/æŒç»­æ›´æ–°/cmdb/server/initialize/gorm.go:73	register table success
[DYCLOUD]2024-12-26 10:28:37.339	[34minfo[0m	/Users/dujie/Desktop/cmdb/æŒç»­æ›´æ–°/cmdb/server/initialize/redis.go:35	redis connect ping response:	{"name": "", "pong": "PONG"}
[DYCLOUD]2024-12-26 10:28:37.339	[34minfo[0m	/Users/dujie/Desktop/cmdb/æŒç»­æ›´æ–°/cmdb/server/initialize/redis.go:35	redis connect ping response:	{"name": "cache", "pong": "PONG"}
[DYCLOUD]2024-12-26 10:28:37.339	[34minfo[0m	/Users/dujie/Desktop/cmdb/æŒç»­æ›´æ–°/cmdb/server/initialize/router.go:60	register swagger handler
[DYCLOUD]2024-12-26 10:28:37.385	[34minfo[0m	/Users/dujie/Desktop/cmdb/æŒç»­æ›´æ–°/cmdb/server/initialize/router.go:105	router register success
[DYCLOUD]2024-12-26 10:28:37.385	[34minfo[0m	/Users/dujie/Desktop/cmdb/æŒç»­æ›´æ–°/cmdb/server/core/server.go:39	server run success on 	{"address": ":8888"}
[DYCLOUD]2024-12-26 10:29:50.282	[34minfo[0m	/Users/dujie/Desktop/cmdb/æŒç»­æ›´æ–°/cmdb/server/initialize/gorm.go:73	register table success
[DYCLOUD]2024-12-26 10:29:50.283	[34minfo[0m	/Users/dujie/Desktop/cmdb/æŒç»­æ›´æ–°/cmdb/server/initialize/redis.go:35	redis connect ping response:	{"name": "", "pong": "PONG"}
[DYCLOUD]2024-12-26 10:29:50.283	[34minfo[0m	/Users/dujie/Desktop/cmdb/æŒç»­æ›´æ–°/cmdb/server/initialize/redis.go:35	redis connect ping response:	{"name": "cache", "pong": "PONG"}
[DYCLOUD]2024-12-26 10:29:50.284	[34minfo[0m	/Users/dujie/Desktop/cmdb/æŒç»­æ›´æ–°/cmdb/server/initialize/router.go:60	register swagger handler
[DYCLOUD]2024-12-26 10:29:50.322	[34minfo[0m	/Users/dujie/Desktop/cmdb/æŒç»­æ›´æ–°/cmdb/server/initialize/router.go:105	router register success
[DYCLOUD]2024-12-26 10:29:50.322	[34minfo[0m	/Users/dujie/Desktop/cmdb/æŒç»­æ›´æ–°/cmdb/server/core/server.go:39	server run success on 	{"address": ":8888"}
[DYCLOUD]2024-12-26 14:21:08.977	[34minfo[0m	/Users/dujie/Desktop/cmdb/æŒç»­æ›´æ–°/cmdb/server/service/kubernetes/metrics/metrics.go:128	promql: sum(rate(container_cpu_usage_seconds_total{image!="",pod="hello-prod-5ff87f46c9-t8rlf", namespace="default"}[1m])) by (pod,namespace) 
[DYCLOUD]2024-12-26 14:21:08.984	[34minfo[0m	/Users/dujie/Desktop/cmdb/æŒç»­æ›´æ–°/cmdb/server/service/kubernetes/metrics/metrics.go:128	promql: sum(container_memory_working_set_bytes{image!="", pod=~"hello-prod-5ff87f46c9-t8rlf", namespace="default"}) by (pod, namespace) 
[DYCLOUD]2024-12-26 14:21:08.984	[34minfo[0m	/Users/dujie/Desktop/cmdb/æŒç»­æ›´æ–°/cmdb/server/service/kubernetes/metrics/metrics.go:128	promql: sum(inspector_pod_tcpsummarytcpestablishedconn{target_pod=~"coredns-5d6d79b5cd-fjm5k", target_namespace="kube-system"} ) by  (target_pod, target_namespace) 
[DYCLOUD]2024-12-26 14:21:08.992	[34minfo[0m	/Users/dujie/Desktop/cmdb/æŒç»­æ›´æ–°/cmdb/server/service/kubernetes/metrics/metrics.go:128	promql: sum(inspector_pod_tcpsummarytcpestablishedconn{target_pod=~"hello-prod-5ff87f46c9-t8rlf", target_namespace="default"} ) by  (target_pod, target_namespace) 
[DYCLOUD]2024-12-26 14:21:08.992	[34minfo[0m	/Users/dujie/Desktop/cmdb/æŒç»­æ›´æ–°/cmdb/server/service/kubernetes/metrics/metrics.go:128	promql: sum(inspector_pod_tcpsummarytcpestablishedconn{target_pod=~"hello-test-f956577cb-lvwzt", target_namespace="hello"} ) by  (target_pod, target_namespace) 
[DYCLOUD]2024-12-26 14:21:08.992	[34minfo[0m	/Users/dujie/Desktop/cmdb/æŒç»­æ›´æ–°/cmdb/server/service/kubernetes/metrics/metrics.go:128	promql: sum(rate(container_cpu_usage_seconds_total{image!="",pod="hello-test-f956577cb-lvwzt", namespace="hello"}[1m])) by (pod,namespace) 
[DYCLOUD]2024-12-26 14:21:08.992	[34minfo[0m	/Users/dujie/Desktop/cmdb/æŒç»­æ›´æ–°/cmdb/server/service/kubernetes/metrics/metrics.go:128	promql: sum(rate(container_cpu_usage_seconds_total{image!="",pod="calico-node-mvtf6", namespace="kube-system"}[1m])) by (pod,namespace) 
[DYCLOUD]2024-12-26 14:21:08.992	[34minfo[0m	/Users/dujie/Desktop/cmdb/æŒç»­æ›´æ–°/cmdb/server/service/kubernetes/metrics/metrics.go:128	promql: sum(inspector_pod_tcpsummarytcpestablishedconn{target_pod=~"calico-node-mvtf6", target_namespace="kube-system"} ) by  (target_pod, target_namespace) 
[DYCLOUD]2024-12-26 14:21:08.992	[34minfo[0m	/Users/dujie/Desktop/cmdb/æŒç»­æ›´æ–°/cmdb/server/service/kubernetes/metrics/metrics.go:128	promql: sum(inspector_pod_tcpsummarytcpestablishedconn{target_pod=~"metrics-server-747b5c55c6-8t5vs", target_namespace="kube-system"} ) by  (target_pod, target_namespace) 
[DYCLOUD]2024-12-26 14:21:08.992	[34minfo[0m	/Users/dujie/Desktop/cmdb/æŒç»­æ›´æ–°/cmdb/server/service/kubernetes/metrics/metrics.go:128	promql: sum(container_memory_working_set_bytes{image!="", pod=~"metrics-server-747b5c55c6-8t5vs", namespace="kube-system"}) by (pod, namespace) 
[DYCLOUD]2024-12-26 14:21:08.992	[34minfo[0m	/Users/dujie/Desktop/cmdb/æŒç»­æ›´æ–°/cmdb/server/service/kubernetes/metrics/metrics.go:128	promql: sum(rate(container_cpu_usage_seconds_total{image!="",pod="calico-kube-controllers-f4c87846f-mxdvm", namespace="kube-system"}[1m])) by (pod,namespace) 
[DYCLOUD]2024-12-26 14:21:08.994	[34minfo[0m	/Users/dujie/Desktop/cmdb/æŒç»­æ›´æ–°/cmdb/server/service/kubernetes/metrics/metrics.go:128	promql: sum(rate(container_cpu_usage_seconds_total{image!="",pod="coredns-5d6d79b5cd-fjm5k", namespace="kube-system"}[1m])) by (pod,namespace) 
[DYCLOUD]2024-12-26 14:21:08.994	[34minfo[0m	/Users/dujie/Desktop/cmdb/æŒç»­æ›´æ–°/cmdb/server/service/kubernetes/metrics/metrics.go:128	promql: sum(container_memory_working_set_bytes{image!="", pod=~"coredns-5d6d79b5cd-fjm5k", namespace="kube-system"}) by (pod, namespace) 
[DYCLOUD]2024-12-26 14:21:08.994	[34minfo[0m	/Users/dujie/Desktop/cmdb/æŒç»­æ›´æ–°/cmdb/server/service/kubernetes/metrics/metrics.go:128	promql: sum(container_memory_working_set_bytes{image!="", pod=~"hello-test-f956577cb-lvwzt", namespace="hello"}) by (pod, namespace) 
[DYCLOUD]2024-12-26 14:21:08.994	[34minfo[0m	/Users/dujie/Desktop/cmdb/æŒç»­æ›´æ–°/cmdb/server/service/kubernetes/metrics/metrics.go:128	promql: sum(rate(container_cpu_usage_seconds_total{image!="",pod="metrics-server-747b5c55c6-8t5vs", namespace="kube-system"}[1m])) by (pod,namespace) 
[DYCLOUD]2024-12-26 14:21:08.994	[34minfo[0m	/Users/dujie/Desktop/cmdb/æŒç»­æ›´æ–°/cmdb/server/service/kubernetes/metrics/metrics.go:128	promql: sum(container_memory_working_set_bytes{image!="", pod=~"calico-node-mvtf6", namespace="kube-system"}) by (pod, namespace) 
[DYCLOUD]2024-12-26 14:21:08.994	[34minfo[0m	/Users/dujie/Desktop/cmdb/æŒç»­æ›´æ–°/cmdb/server/service/kubernetes/metrics/metrics.go:128	promql: sum(inspector_pod_tcpsummarytcpestablishedconn{target_pod=~"calico-kube-controllers-f4c87846f-mxdvm", target_namespace="kube-system"} ) by  (target_pod, target_namespace) 
[DYCLOUD]2024-12-26 14:21:08.996	[34minfo[0m	/Users/dujie/Desktop/cmdb/æŒç»­æ›´æ–°/cmdb/server/service/kubernetes/metrics/metrics.go:128	promql: sum(container_memory_working_set_bytes{image!="", pod=~"calico-kube-controllers-f4c87846f-mxdvm", namespace="kube-system"}) by (pod, namespace) 
[DYCLOUD]2024-12-26 14:21:09.176	[34minfo[0m	/Users/dujie/Desktop/cmdb/æŒç»­æ›´æ–°/cmdb/server/service/kubernetes/metrics/metrics.go:128	promql: sum(rate(container_cpu_usage_seconds_total{image!="",pod="alertmanager-main-0", namespace="monitoring"}[1m])) by (pod,namespace) 
[DYCLOUD]2024-12-26 14:21:09.176	[34minfo[0m	/Users/dujie/Desktop/cmdb/æŒç»­æ›´æ–°/cmdb/server/service/kubernetes/metrics/metrics.go:128	promql: sum(rate(container_cpu_usage_seconds_total{image!="",pod="grafana-d56fc4b79-lnplj", namespace="monitoring"}[1m])) by (pod,namespace) 
[DYCLOUD]2024-12-26 14:21:09.176	[34minfo[0m	/Users/dujie/Desktop/cmdb/æŒç»­æ›´æ–°/cmdb/server/service/kubernetes/metrics/metrics.go:128	promql: sum(inspector_pod_tcpsummarytcpestablishedconn{target_pod=~"csi-cephfsplugin-hm9sf", target_namespace="rook-ceph"} ) by  (target_pod, target_namespace) 
[DYCLOUD]2024-12-26 14:21:09.176	[34minfo[0m	/Users/dujie/Desktop/cmdb/æŒç»­æ›´æ–°/cmdb/server/service/kubernetes/metrics/metrics.go:128	promql: sum(inspector_pod_tcpsummarytcpestablishedconn{target_pod=~"node-exporter-4z4c2", target_namespace="monitoring"} ) by  (target_pod, target_namespace) 
[DYCLOUD]2024-12-26 14:21:09.176	[34minfo[0m	/Users/dujie/Desktop/cmdb/æŒç»­æ›´æ–°/cmdb/server/service/kubernetes/metrics/metrics.go:128	promql: sum(rate(container_cpu_usage_seconds_total{image!="",pod="csi-cephfsplugin-hm9sf", namespace="rook-ceph"}[1m])) by (pod,namespace) 
[DYCLOUD]2024-12-26 14:21:09.176	[34minfo[0m	/Users/dujie/Desktop/cmdb/æŒç»­æ›´æ–°/cmdb/server/service/kubernetes/metrics/metrics.go:128	promql: sum(container_memory_working_set_bytes{image!="", pod=~"grafana-d56fc4b79-lnplj", namespace="monitoring"}) by (pod, namespace) 
[DYCLOUD]2024-12-26 14:21:09.176	[34minfo[0m	/Users/dujie/Desktop/cmdb/æŒç»­æ›´æ–°/cmdb/server/service/kubernetes/metrics/metrics.go:128	promql: sum(rate(container_cpu_usage_seconds_total{image!="",pod="node-exporter-4z4c2", namespace="monitoring"}[1m])) by (pod,namespace) 
[DYCLOUD]2024-12-26 14:21:09.176	[34minfo[0m	/Users/dujie/Desktop/cmdb/æŒç»­æ›´æ–°/cmdb/server/service/kubernetes/metrics/metrics.go:128	promql: sum(container_memory_working_set_bytes{image!="", pod=~"node-exporter-4z4c2", namespace="monitoring"}) by (pod, namespace) 
[DYCLOUD]2024-12-26 14:21:09.176	[34minfo[0m	/Users/dujie/Desktop/cmdb/æŒç»­æ›´æ–°/cmdb/server/service/kubernetes/metrics/metrics.go:128	promql: sum(container_memory_working_set_bytes{image!="", pod=~"csi-cephfsplugin-hm9sf", namespace="rook-ceph"}) by (pod, namespace) 
[DYCLOUD]2024-12-26 14:21:09.176	[34minfo[0m	/Users/dujie/Desktop/cmdb/æŒç»­æ›´æ–°/cmdb/server/service/kubernetes/metrics/metrics.go:128	promql: sum(inspector_pod_tcpsummarytcpestablishedconn{target_pod=~"alertmanager-main-0", target_namespace="monitoring"} ) by  (target_pod, target_namespace) 
[DYCLOUD]2024-12-26 14:21:09.176	[34minfo[0m	/Users/dujie/Desktop/cmdb/æŒç»­æ›´æ–°/cmdb/server/service/kubernetes/metrics/metrics.go:128	promql: sum(container_memory_working_set_bytes{image!="", pod=~"alertmanager-main-0", namespace="monitoring"}) by (pod, namespace) 
[DYCLOUD]2024-12-26 14:21:09.176	[34minfo[0m	/Users/dujie/Desktop/cmdb/æŒç»­æ›´æ–°/cmdb/server/service/kubernetes/metrics/metrics.go:128	promql: sum(inspector_pod_tcpsummarytcpestablishedconn{target_pod=~"grafana-d56fc4b79-lnplj", target_namespace="monitoring"} ) by  (target_pod, target_namespace) 
[DYCLOUD]2024-12-26 14:48:29.555	[34minfo[0m	/Users/dujie/Desktop/cmdb/æŒç»­æ›´æ–°/cmdb/server/initialize/gorm.go:73	register table success
[DYCLOUD]2024-12-26 14:48:29.557	[34minfo[0m	/Users/dujie/Desktop/cmdb/æŒç»­æ›´æ–°/cmdb/server/initialize/redis.go:35	redis connect ping response:	{"name": "", "pong": "PONG"}
[DYCLOUD]2024-12-26 14:48:29.557	[34minfo[0m	/Users/dujie/Desktop/cmdb/æŒç»­æ›´æ–°/cmdb/server/initialize/redis.go:35	redis connect ping response:	{"name": "cache", "pong": "PONG"}
[DYCLOUD]2024-12-26 14:48:29.558	[34minfo[0m	/Users/dujie/Desktop/cmdb/æŒç»­æ›´æ–°/cmdb/server/initialize/router.go:60	register swagger handler
[DYCLOUD]2024-12-26 14:48:29.597	[34minfo[0m	/Users/dujie/Desktop/cmdb/æŒç»­æ›´æ–°/cmdb/server/initialize/router.go:105	router register success
[DYCLOUD]2024-12-26 14:48:29.597	[34minfo[0m	/Users/dujie/Desktop/cmdb/æŒç»­æ›´æ–°/cmdb/server/core/server.go:39	server run success on 	{"address": ":8888"}
[DYCLOUD]2024-12-26 15:08:14.108	[34minfo[0m	/Users/dujie/Desktop/cmdb/æŒç»­æ›´æ–°/cmdb/server/initialize/gorm.go:73	register table success
[DYCLOUD]2024-12-26 15:08:14.109	[34minfo[0m	/Users/dujie/Desktop/cmdb/æŒç»­æ›´æ–°/cmdb/server/initialize/redis.go:35	redis connect ping response:	{"name": "", "pong": "PONG"}
[DYCLOUD]2024-12-26 15:08:14.109	[34minfo[0m	/Users/dujie/Desktop/cmdb/æŒç»­æ›´æ–°/cmdb/server/initialize/redis.go:35	redis connect ping response:	{"name": "cache", "pong": "PONG"}
[DYCLOUD]2024-12-26 15:08:14.110	[34minfo[0m	/Users/dujie/Desktop/cmdb/æŒç»­æ›´æ–°/cmdb/server/initialize/router.go:60	register swagger handler
[DYCLOUD]2024-12-26 15:08:14.150	[34minfo[0m	/Users/dujie/Desktop/cmdb/æŒç»­æ›´æ–°/cmdb/server/initialize/router.go:105	router register success
[DYCLOUD]2024-12-26 15:08:14.151	[34minfo[0m	/Users/dujie/Desktop/cmdb/æŒç»­æ›´æ–°/cmdb/server/core/server.go:39	server run success on 	{"address": ":8888"}
[DYCLOUD]2024-12-26 15:18:49.638	[34minfo[0m	/Users/dujie/Desktop/cmdb/æŒç»­æ›´æ–°/cmdb/server/initialize/gorm.go:73	register table success
[DYCLOUD]2024-12-26 15:18:49.640	[34minfo[0m	/Users/dujie/Desktop/cmdb/æŒç»­æ›´æ–°/cmdb/server/initialize/redis.go:35	redis connect ping response:	{"name": "", "pong": "PONG"}
[DYCLOUD]2024-12-26 15:18:49.640	[34minfo[0m	/Users/dujie/Desktop/cmdb/æŒç»­æ›´æ–°/cmdb/server/initialize/redis.go:35	redis connect ping response:	{"name": "cache", "pong": "PONG"}
[DYCLOUD]2024-12-26 15:18:49.641	[34minfo[0m	/Users/dujie/Desktop/cmdb/æŒç»­æ›´æ–°/cmdb/server/initialize/router.go:60	register swagger handler
[DYCLOUD]2024-12-26 15:18:49.684	[34minfo[0m	/Users/dujie/Desktop/cmdb/æŒç»­æ›´æ–°/cmdb/server/initialize/router.go:105	router register success
[DYCLOUD]2024-12-26 15:18:49.684	[34minfo[0m	/Users/dujie/Desktop/cmdb/æŒç»­æ›´æ–°/cmdb/server/core/server.go:39	server run success on 	{"address": ":8888"}
