[DYCLOUD]2024-11-04 13:27:50.719	[31merror[0m	/Users/dujie/Desktop/cmdb/æŒç»­æ›´æ–°/cmdb/server/api/v1/cicd/environment.go:34	æ‰§è¡Œå¤±è´¥!	{"error": "Error 1064 (42000): You have an error in your SQL syntax; check the manual that corresponds to your MySQL server version for the right syntax to use near 'key like ? OR id = ?) AND `cicd_environments`.`deleted_at` IS NULL' at line 1"}
[DYCLOUD]2024-11-04 13:28:47.393	[31merror[0m	/Users/dujie/Desktop/cmdb/æŒç»­æ›´æ–°/cmdb/server/core/server.go:41	accept tcp [::]:8888: use of closed network connection
[DYCLOUD]2024-11-04 13:42:30.331	[31merror[0m	/Users/dujie/Desktop/cmdb/æŒç»­æ›´æ–°/cmdb/server/core/server.go:41	accept tcp [::]:8888: use of closed network connection
[DYCLOUD]2024-11-04 13:43:38.012	[31merror[0m	/Users/dujie/Desktop/cmdb/æŒç»­æ›´æ–°/cmdb/server/core/server.go:41	accept tcp [::]:8888: use of closed network connection
[DYCLOUD]2024-11-04 13:46:51.936	[31merror[0m	/Users/dujie/Desktop/cmdb/æŒç»­æ›´æ–°/cmdb/server/core/server.go:41	accept tcp [::]:8888: use of closed network connection
[DYCLOUD]2024-11-04 14:01:18.238	[31merror[0m	/Users/dujie/Desktop/cmdb/æŒç»­æ›´æ–°/cmdb/server/service/cicd/serviceIntegration.go:197	ç™»å½•ä»“åº“å¤±è´¥:https://https://192.168.31.41:82è®¿é—®å¼‚å¸¸:Get "https://https//192.168.31.41:82": EOF
[DYCLOUD]2024-11-04 14:01:30.674	[31merror[0m	/Users/dujie/Desktop/cmdb/æŒç»­æ›´æ–°/cmdb/server/service/cicd/serviceIntegration.go:197	ç™»å½•ä»“åº“å¤±è´¥:https://192.168.31.41:82è®¿é—®å¼‚å¸¸:Get "https://192.168.31.41:82": dial tcp 192.168.31.41:82: connect: connection refused
[DYCLOUD]2024-11-04 14:01:34.670	[31merror[0m	/Users/dujie/Desktop/cmdb/æŒç»­æ›´æ–°/cmdb/server/service/cicd/serviceIntegration.go:197	ç™»å½•ä»“åº“å¤±è´¥:https://192.168.31.41:82è®¿é—®å¼‚å¸¸:Get "https://192.168.31.41:82": dial tcp 192.168.31.41:82: connect: connection refused
[DYCLOUD]2024-11-04 14:01:46.548	[31merror[0m	/Users/dujie/Desktop/cmdb/æŒç»­æ›´æ–°/cmdb/server/service/cicd/serviceIntegration.go:197	ç™»å½•ä»“åº“å¤±è´¥:http://192.168.31.41:82è®¿é—®å¼‚å¸¸:Get "http://192.168.31.41:82": dial tcp 192.168.31.41:82: connect: connection refused
[DYCLOUD]2024-11-04 14:03:52.386	[31merror[0m	/Users/dujie/Desktop/cmdb/æŒç»­æ›´æ–°/cmdb/server/service/cicd/serviceIntegration.go:197	ç™»å½•ä»“åº“å¤±è´¥:è´¦å·æˆ–å¯†ç ä¸æ­£ç¡®
[DYCLOUD]2024-11-04 14:04:17.915	[31merror[0m	/Users/dujie/Desktop/cmdb/æŒç»­æ›´æ–°/cmdb/server/service/cicd/serviceIntegration.go:197	ç™»å½•ä»“åº“å¤±è´¥:è´¦å·æˆ–å¯†ç ä¸æ­£ç¡®
[DYCLOUD]2024-11-04 14:23:16.430	[31merror[0m	/Users/dujie/Desktop/cmdb/æŒç»­æ›´æ–°/cmdb/server/core/server.go:41	accept tcp [::]:8888: use of closed network connection
[DYCLOUD]2024-11-04 14:24:35.925	[31merror[0m	/Users/dujie/Desktop/cmdb/æŒç»­æ›´æ–°/cmdb/server/core/server.go:41	accept tcp [::]:8888: use of closed network connection
[DYCLOUD]2024-11-04 15:16:53.442	[31merror[0m	/Users/dujie/Desktop/cmdb/æŒç»­æ›´æ–°/cmdb/server/core/server.go:41	accept tcp [::]:8888: use of closed network connection
[DYCLOUD]2024-11-04 15:18:55.661	[31merror[0m	/Users/dujie/Desktop/cmdb/æŒç»­æ›´æ–°/cmdb/server/core/server.go:41	accept tcp [::]:8888: use of closed network connection
[DYCLOUD]2024-11-04 15:19:17.191	[31merror[0m	/Users/dujie/Desktop/cmdb/æŒç»­æ›´æ–°/cmdb/server/api/v1/cicd/sourceCode.go:34	æ‰§è¡Œå¤±è´¥!	{"error": "Error 1064 (42000): You have an error in your SQL syntax; check the manual that corresponds to your MySQL server version for the right syntax to use near '[3,4,5,6,7] AND `cicd_services`.`deleted_at` IS NULL' at line 1"}
[DYCLOUD]2024-11-04 15:19:47.218	[31merror[0m	/Users/dujie/Desktop/cmdb/æŒç»­æ›´æ–°/cmdb/server/core/server.go:41	accept tcp [::]:8888: use of closed network connection
[DYCLOUD]2024-11-04 15:20:25.146	[31merror[0m	/Users/dujie/Desktop/cmdb/æŒç»­æ›´æ–°/cmdb/server/api/v1/cicd/sourceCode.go:121	æ‰§è¡Œå¤±è´¥!	{"error": "record not found"}
[DYCLOUD]2024-11-04 15:20:48.962	[31merror[0m	/Users/dujie/Desktop/cmdb/æŒç»­æ›´æ–°/cmdb/server/api/v1/cicd/sourceCode.go:121	æ‰§è¡Œå¤±è´¥!	{"error": "record not found"}
[DYCLOUD]2024-11-04 15:21:43.546	[31merror[0m	/Users/dujie/Desktop/cmdb/æŒç»­æ›´æ–°/cmdb/server/core/server.go:41	accept tcp [::]:8888: use of closed network connection
[DYCLOUD]2024-11-04 15:22:13.938	[31merror[0m	/Users/dujie/Desktop/cmdb/æŒç»­æ›´æ–°/cmdb/server/api/v1/cicd/sourceCode.go:121	æ‰§è¡Œå¤±è´¥!	{"error": "record not found"}
[DYCLOUD]2024-11-04 15:22:29.922	[31merror[0m	/Users/dujie/Desktop/cmdb/æŒç»­æ›´æ–°/cmdb/server/api/v1/cicd/sourceCode.go:121	æ‰§è¡Œå¤±è´¥!	{"error": "record not found"}
[DYCLOUD]2024-11-04 15:22:34.955	[31merror[0m	/Users/dujie/Desktop/cmdb/æŒç»­æ›´æ–°/cmdb/server/api/v1/cicd/sourceCode.go:121	æ‰§è¡Œå¤±è´¥!	{"error": "record not found"}
[DYCLOUD]2024-11-04 15:23:04.538	[31merror[0m	/Users/dujie/Desktop/cmdb/æŒç»­æ›´æ–°/cmdb/server/api/v1/cicd/sourceCode.go:121	æ‰§è¡Œå¤±è´¥!	{"error": "record not found"}
[DYCLOUD]2024-11-04 15:23:08.015	[31merror[0m	/Users/dujie/Desktop/cmdb/æŒç»­æ›´æ–°/cmdb/server/api/v1/cicd/sourceCode.go:121	æ‰§è¡Œå¤±è´¥!	{"error": "record not found"}
[DYCLOUD]2024-11-04 15:25:17.468	[31merror[0m	/Users/dujie/Desktop/cmdb/æŒç»­æ›´æ–°/cmdb/server/core/server.go:41	accept tcp [::]:8888: use of closed network connection
[DYCLOUD]2024-11-04 15:25:51.416	[31merror[0m	/Users/dujie/Desktop/cmdb/æŒç»­æ›´æ–°/cmdb/server/api/v1/cicd/sourceCode.go:121	æ‰§è¡Œå¤±è´¥!	{"error": "record not found"}
[DYCLOUD]2024-11-04 15:26:12.769	[31merror[0m	/Users/dujie/Desktop/cmdb/æŒç»­æ›´æ–°/cmdb/server/api/v1/cicd/sourceCode.go:121	æ‰§è¡Œå¤±è´¥!	{"error": "record not found"}
[DYCLOUD]2024-11-04 15:27:31.335	[31merror[0m	/Users/dujie/Desktop/cmdb/æŒç»­æ›´æ–°/cmdb/server/core/server.go:41	accept tcp [::]:8888: use of closed network connection
[DYCLOUD]2024-11-04 15:27:52.748	[31merror[0m	/Users/dujie/Desktop/cmdb/æŒç»­æ›´æ–°/cmdb/server/api/v1/cicd/sourceCode.go:121	æ‰§è¡Œå¤±è´¥!	{"error": "Error 1064 (42000): You have an error in your SQL syntax; check the manual that corresponds to your MySQL server version for the right syntax to use near 'int (0,1,2)) AND `cicd_services`.`deleted_at` IS NULL ORDER BY `cicd_services`.`' at line 1"}
[DYCLOUD]2024-11-04 15:28:11.847	[31merror[0m	/Users/dujie/Desktop/cmdb/æŒç»­æ›´æ–°/cmdb/server/core/server.go:41	accept tcp [::]:8888: use of closed network connection
[DYCLOUD]2024-11-04 15:30:53.225	[31merror[0m	/Users/dujie/Desktop/cmdb/æŒç»­æ›´æ–°/cmdb/server/api/v1/cicd/sourceCode.go:121	æ‰§è¡Œå¤±è´¥!	{"error": "record not found"}
[DYCLOUD]2024-11-04 15:31:02.052	[31merror[0m	/Users/dujie/Desktop/cmdb/æŒç»­æ›´æ–°/cmdb/server/api/v1/cicd/sourceCode.go:121	æ‰§è¡Œå¤±è´¥!	{"error": "record not found"}
[DYCLOUD]2024-11-04 15:33:48.263	[31merror[0m	/Users/dujie/Desktop/cmdb/æŒç»­æ›´æ–°/cmdb/server/api/v1/cicd/serviceIntegration.go:124	æ‰§è¡Œå¤±è´¥!	{"error": "record not found"}
[DYCLOUD]2024-11-04 15:34:17.925	[31merror[0m	/Users/dujie/Desktop/cmdb/æŒç»­æ›´æ–°/cmdb/server/api/v1/cicd/serviceIntegration.go:124	æ‰§è¡Œå¤±è´¥!	{"error": "record not found"}
[DYCLOUD]2024-11-04 15:34:37.740	[31merror[0m	/Users/dujie/Desktop/cmdb/æŒç»­æ›´æ–°/cmdb/server/api/v1/cicd/serviceIntegration.go:124	æ‰§è¡Œå¤±è´¥!	{"error": "record not found"}
[DYCLOUD]2024-11-04 16:05:41.164	[31merror[0m	/Users/dujie/Desktop/cmdb/æŒç»­æ›´æ–°/cmdb/server/core/server.go:41	accept tcp [::]:8888: use of closed network connection
[DYCLOUD]2024-11-04 16:34:55.486	[31merror[0m	/Users/dujie/Desktop/cmdb/æŒç»­æ›´æ–°/cmdb/server/utils/docker/docker/client.go:35	record not found
[DYCLOUD]2024-11-04 16:34:55.487	[31merror[0m	/Users/dujie/Desktop/cmdb/æŒç»­æ›´æ–°/cmdb/server/utils/docker/docker/client.go:35	record not found
[DYCLOUD]2024-11-04 16:34:55.486	[31merror[0m	/Users/dujie/Desktop/cmdb/æŒç»­æ›´æ–°/cmdb/server/utils/docker/docker/client.go:35	record not found
[DYCLOUD]2024-11-04 16:34:55.488	[31merror[0m	/Users/dujie/Desktop/cmdb/æŒç»­æ›´æ–°/cmdb/server/api/v1/docker/system.go:29	è·å–ç³»ç»Ÿä¿¡æ¯å¤±è´¥!	{"error": "host is not found"}
[DYCLOUD]2024-11-04 16:34:55.488	[31merror[0m	/Users/dujie/Desktop/cmdb/æŒç»­æ›´æ–°/cmdb/server/utils/docker/docker/client.go:35	record not found
[DYCLOUD]2024-11-04 16:34:55.486	[31merror[0m	/Users/dujie/Desktop/cmdb/æŒç»­æ›´æ–°/cmdb/server/api/v1/docker/image.go:33	è·å–é•œåƒåˆ—è¡¨å¤±è´¥!	{"error": "host is not found"}
[DYCLOUD]2024-11-04 16:34:55.488	[31merror[0m	/Users/dujie/Desktop/cmdb/æŒç»­æ›´æ–°/cmdb/server/utils/docker/docker/client.go:35	record not found
[DYCLOUD]2024-11-04 16:34:55.489	[31merror[0m	/Users/dujie/Desktop/cmdb/æŒç»­æ›´æ–°/cmdb/server/api/v1/docker/volume.go:33	è·å–å­˜å‚¨å·åˆ—è¡¨å¤±è´¥!	{"error": "host is not found"}
[DYCLOUD]2024-11-04 16:34:55.488	[31merror[0m	/Users/dujie/Desktop/cmdb/æŒç»­æ›´æ–°/cmdb/server/api/v1/docker/network.go:33	è·å–ç½‘ç»œåˆ—è¡¨å¤±è´¥!	{"error": "host is not found"}
[DYCLOUD]2024-11-04 16:34:55.488	[31merror[0m	/Users/dujie/Desktop/cmdb/æŒç»­æ›´æ–°/cmdb/server/api/v1/docker/container.go:39	è·å–å®¹å™¨åˆ—è¡¨å¤±è´¥:	{"error": "host is not found"}
[DYCLOUD]2024-11-04 16:34:57.197	[31merror[0m	/Users/dujie/Desktop/cmdb/æŒç»­æ›´æ–°/cmdb/server/utils/docker/docker/client.go:35	record not found
[DYCLOUD]2024-11-04 16:34:57.198	[31merror[0m	/Users/dujie/Desktop/cmdb/æŒç»­æ›´æ–°/cmdb/server/api/v1/docker/image.go:33	è·å–é•œåƒåˆ—è¡¨å¤±è´¥!	{"error": "host is not found"}
[DYCLOUD]2024-11-04 16:34:58.313	[31merror[0m	/Users/dujie/Desktop/cmdb/æŒç»­æ›´æ–°/cmdb/server/utils/docker/docker/client.go:35	record not found
[DYCLOUD]2024-11-04 16:34:58.314	[31merror[0m	/Users/dujie/Desktop/cmdb/æŒç»­æ›´æ–°/cmdb/server/api/v1/docker/network.go:33	è·å–ç½‘ç»œåˆ—è¡¨å¤±è´¥!	{"error": "host is not found"}
[DYCLOUD]2024-11-04 16:34:58.314	[31merror[0m	/Users/dujie/Desktop/cmdb/æŒç»­æ›´æ–°/cmdb/server/utils/docker/docker/client.go:35	record not found
[DYCLOUD]2024-11-04 16:34:58.313	[31merror[0m	/Users/dujie/Desktop/cmdb/æŒç»­æ›´æ–°/cmdb/server/utils/docker/docker/client.go:35	record not found
[DYCLOUD]2024-11-04 16:34:58.314	[31merror[0m	/Users/dujie/Desktop/cmdb/æŒç»­æ›´æ–°/cmdb/server/api/v1/docker/container.go:39	è·å–å®¹å™¨åˆ—è¡¨å¤±è´¥:	{"error": "host is not found"}
[DYCLOUD]2024-11-04 16:34:58.314	[31merror[0m	/Users/dujie/Desktop/cmdb/æŒç»­æ›´æ–°/cmdb/server/utils/docker/docker/client.go:35	record not found
[DYCLOUD]2024-11-04 16:34:58.315	[31merror[0m	/Users/dujie/Desktop/cmdb/æŒç»­æ›´æ–°/cmdb/server/api/v1/docker/volume.go:33	è·å–å­˜å‚¨å·åˆ—è¡¨å¤±è´¥!	{"error": "host is not found"}
[DYCLOUD]2024-11-04 16:34:58.315	[31merror[0m	/Users/dujie/Desktop/cmdb/æŒç»­æ›´æ–°/cmdb/server/utils/docker/docker/client.go:35	record not found
[DYCLOUD]2024-11-04 16:34:58.315	[31merror[0m	/Users/dujie/Desktop/cmdb/æŒç»­æ›´æ–°/cmdb/server/api/v1/docker/system.go:29	è·å–ç³»ç»Ÿä¿¡æ¯å¤±è´¥!	{"error": "host is not found"}
[DYCLOUD]2024-11-04 16:34:58.314	[31merror[0m	/Users/dujie/Desktop/cmdb/æŒç»­æ›´æ–°/cmdb/server/api/v1/docker/image.go:33	è·å–é•œåƒåˆ—è¡¨å¤±è´¥!	{"error": "host is not found"}
[DYCLOUD]2024-11-04 16:48:26.128	[31merror[0m	/Users/dujie/Desktop/cmdb/æŒç»­æ›´æ–°/cmdb/server/core/server.go:41	accept tcp [::]:8888: use of closed network connection
[DYCLOUD]2024-11-04 16:52:07.912	[31merror[0m	/Users/dujie/Desktop/cmdb/æŒç»­æ›´æ–°/cmdb/server/core/server.go:41	accept tcp [::]:8888: use of closed network connection
[DYCLOUD]2024-11-04 16:52:48.241	[31merror[0m	/Users/dujie/Desktop/cmdb/æŒç»­æ›´æ–°/cmdb/server/service/cicd/dao/git.go:143	parse type: %!s(cicd.ServiceType=3) conf error
[DYCLOUD]2024-11-04 16:53:36.971	[31merror[0m	/Users/dujie/Desktop/cmdb/æŒç»­æ›´æ–°/cmdb/server/core/server.go:41	accept tcp [::]:8888: use of closed network connection
[DYCLOUD]2024-11-04 16:53:59.168	[31merror[0m	/Users/dujie/Desktop/cmdb/æŒç»­æ›´æ–°/cmdb/server/service/cicd/dao/git.go:143	parse type: %!s(cicd.ServiceType=3) conf error
