[DYCLOUD]2024-11-18 09:37:33.962	[31merror[0m	/Users/dujie/Desktop/cmdb/æŒç»­æ›´æ–°/cmdb/server/core/server.go:41	accept tcp [::]:8888: use of closed network connection
[DYCLOUD]2024-11-18 09:51:12.762	[31merror[0m	/Users/dujie/Desktop/cmdb/æŒç»­æ›´æ–°/cmdb/server/initialize/redis.go:31	redis connect ping failed, err:	{"name": "", "error": "MISCONF Redis is configured to save RDB snapshots, but it's currently unable to persist to disk. Commands that may modify the data set are disabled, because this instance is configured to report errors during writes if RDB snapshotting fails (stop-writes-on-bgsave-error option). Please check the Redis logs for details about the RDB error."}
[DYCLOUD]2024-11-18 09:52:51.998	[31merror[0m	/Users/dujie/Desktop/cmdb/æŒç»­æ›´æ–°/cmdb/server/utils/claims.go:48	é‡æ–°å†™å…¥cookie tokenå¤±è´¥,æœªèƒ½æˆåŠŸè§£ætoken,è¯·æ£€æŸ¥è¯·æ±‚å¤´æ˜¯å¦å­˜åœ¨x-tokenä¸”claimsæ˜¯å¦ä¸ºè§„å®šç»“æ„
[DYCLOUD]2024-11-18 09:53:00.345	[31merror[0m	/Users/dujie/Desktop/cmdb/æŒç»­æ›´æ–°/cmdb/server/api/v1/cicd/applications.go:91	æ‰§è¡Œå¤±è´¥!	{"error": "record not found"}
[DYCLOUD]2024-11-18 09:53:25.975	[31merror[0m	/Users/dujie/Desktop/cmdb/æŒç»­æ›´æ–°/cmdb/server/utils/claims.go:48	é‡æ–°å†™å…¥cookie tokenå¤±è´¥,æœªèƒ½æˆåŠŸè§£ætoken,è¯·æ£€æŸ¥è¯·æ±‚å¤´æ˜¯å¦å­˜åœ¨x-tokenä¸”claimsæ˜¯å¦ä¸ºè§„å®šç»“æ„
[DYCLOUD]2024-11-18 09:54:53.667	[31merror[0m	/Users/dujie/Desktop/cmdb/æŒç»­æ›´æ–°/cmdb/server/core/server.go:41	accept tcp [::]:8888: use of closed network connection
[DYCLOUD]2024-11-18 10:33:02.312	[31merror[0m	/Users/dujie/Desktop/cmdb/æŒç»­æ›´æ–°/cmdb/server/core/server.go:41	accept tcp [::]:8888: use of closed network connection
[DYCLOUD]2024-11-18 10:35:17.914	[31merror[0m	/Users/dujie/Desktop/cmdb/æŒç»­æ›´æ–°/cmdb/server/core/server.go:41	accept tcp [::]:8888: use of closed network connection
[DYCLOUD]2024-11-18 10:38:57.388	[31merror[0m	/Users/dujie/Desktop/cmdb/æŒç»­æ›´æ–°/cmdb/server/core/server.go:41	accept tcp [::]:8888: use of closed network connection
[DYCLOUD]2024-11-18 10:42:17.497	[31merror[0m	/Users/dujie/Desktop/cmdb/æŒç»­æ›´æ–°/cmdb/server/core/server.go:41	accept tcp [::]:8888: use of closed network connection
[DYCLOUD]2024-11-18 10:43:59.111	[31merror[0m	/Users/dujie/Desktop/cmdb/æŒç»­æ›´æ–°/cmdb/server/core/server.go:41	accept tcp [::]:8888: use of closed network connection
[DYCLOUD]2024-11-18 10:44:57.761	[31merror[0m	/Users/dujie/Desktop/cmdb/æŒç»­æ›´æ–°/cmdb/server/core/server.go:41	accept tcp [::]:8888: use of closed network connection
[DYCLOUD]2024-11-18 10:48:04.353	[31merror[0m	/Users/dujie/Desktop/cmdb/æŒç»­æ›´æ–°/cmdb/server/core/server.go:41	accept tcp [::]:8888: use of closed network connection
[DYCLOUD]2024-11-18 10:50:53.551	[31merror[0m	/Users/dujie/Desktop/cmdb/æŒç»­æ›´æ–°/cmdb/server/core/server.go:41	accept tcp [::]:8888: use of closed network connection
[DYCLOUD]2024-11-18 10:52:26.492	[31merror[0m	/Users/dujie/Desktop/cmdb/æŒç»­æ›´æ–°/cmdb/server/core/server.go:41	accept tcp [::]:8888: use of closed network connection
[DYCLOUD]2024-11-18 10:56:13.274	[31merror[0m	/Users/dujie/Desktop/cmdb/æŒç»­æ›´æ–°/cmdb/server/core/server.go:41	accept tcp [::]:8888: use of closed network connection
[DYCLOUD]2024-11-18 11:00:54.828	[31merror[0m	/Users/dujie/Desktop/cmdb/æŒç»­æ›´æ–°/cmdb/server/core/server.go:41	accept tcp [::]:8888: use of closed network connection
[DYCLOUD]2024-11-18 11:03:02.468	[31merror[0m	/Users/dujie/Desktop/cmdb/æŒç»­æ›´æ–°/cmdb/server/core/server.go:41	accept tcp [::]:8888: use of closed network connection
[DYCLOUD]2024-11-18 11:08:32.802	[31merror[0m	/Users/dujie/Desktop/cmdb/æŒç»­æ›´æ–°/cmdb/server/core/server.go:41	accept tcp [::]:8888: use of closed network connection
[DYCLOUD]2024-11-18 11:09:01.424	[31merror[0m	/Users/dujie/Desktop/cmdb/æŒç»­æ›´æ–°/cmdb/server/core/server.go:41	accept tcp [::]:8888: use of closed network connection
[DYCLOUD]2024-11-18 11:10:45.270	[31merror[0m	/Users/dujie/Desktop/cmdb/æŒç»­æ›´æ–°/cmdb/server/core/server.go:41	accept tcp [::]:8888: use of closed network connection
[DYCLOUD]2024-11-18 11:11:12.821	[31merror[0m	/Users/dujie/Desktop/cmdb/æŒç»­æ›´æ–°/cmdb/server/core/server.go:41	accept tcp [::]:8888: use of closed network connection
[DYCLOUD]2024-11-18 11:12:36.089	[31merror[0m	/Users/dujie/Desktop/cmdb/æŒç»­æ›´æ–°/cmdb/server/core/server.go:41	accept tcp [::]:8888: use of closed network connection
[DYCLOUD]2024-11-18 11:14:19.214	[31merror[0m	/Users/dujie/Desktop/cmdb/æŒç»­æ›´æ–°/cmdb/server/core/server.go:41	accept tcp [::]:8888: use of closed network connection
[DYCLOUD]2024-11-18 11:17:26.089	[31merror[0m	/Users/dujie/Desktop/cmdb/æŒç»­æ›´æ–°/cmdb/server/core/server.go:41	accept tcp [::]:8888: use of closed network connection
[DYCLOUD]2024-11-18 11:18:26.599	[31merror[0m	/Users/dujie/Desktop/cmdb/æŒç»­æ›´æ–°/cmdb/server/core/server.go:41	accept tcp [::]:8888: use of closed network connection
[DYCLOUD]2024-11-18 12:59:47.425	[31merror[0m	/Users/dujie/Desktop/cmdb/æŒç»­æ›´æ–°/cmdb/server/core/server.go:41	accept tcp [::]:8888: use of closed network connection
[DYCLOUD]2024-11-18 13:06:51.487	[31merror[0m	/Users/dujie/Desktop/cmdb/æŒç»­æ›´æ–°/cmdb/server/core/server.go:41	accept tcp [::]:8888: use of closed network connection
[DYCLOUD]2024-11-18 13:08:27.267	[31merror[0m	/Users/dujie/Desktop/cmdb/æŒç»­æ›´æ–°/cmdb/server/core/server.go:41	accept tcp [::]:8888: use of closed network connection
[DYCLOUD]2024-11-18 13:09:54.828	[31merror[0m	/Users/dujie/Desktop/cmdb/æŒç»­æ›´æ–°/cmdb/server/core/server.go:41	accept tcp [::]:8888: use of closed network connection
[DYCLOUD]2024-11-18 13:15:03.378	[31merror[0m	/Users/dujie/Desktop/cmdb/æŒç»­æ›´æ–°/cmdb/server/core/server.go:41	accept tcp [::]:8888: use of closed network connection
[DYCLOUD]2024-11-18 13:19:14.268	[31merror[0m	/Users/dujie/Desktop/cmdb/æŒç»­æ›´æ–°/cmdb/server/core/server.go:41	accept tcp [::]:8888: use of closed network connection
[DYCLOUD]2024-11-18 13:24:33.886	[31merror[0m	/Users/dujie/Desktop/cmdb/æŒç»­æ›´æ–°/cmdb/server/core/server.go:41	accept tcp [::]:8888: use of closed network connection
[DYCLOUD]2024-11-18 13:28:32.379	[31merror[0m	/Users/dujie/Desktop/cmdb/æŒç»­æ›´æ–°/cmdb/server/core/server.go:41	accept tcp [::]:8888: use of closed network connection
[DYCLOUD]2024-11-18 13:32:40.578	[31merror[0m	/Users/dujie/Desktop/cmdb/æŒç»­æ›´æ–°/cmdb/server/core/server.go:41	accept tcp [::]:8888: use of closed network connection
[DYCLOUD]2024-11-18 13:33:25.524	[31merror[0m	/Users/dujie/Desktop/cmdb/æŒç»­æ›´æ–°/cmdb/server/api/v1/cicd/applications.go:91	æ‰§è¡Œå¤±è´¥!	{"error": "æŸ¥è¯¢åº”ç”¨ä¿¡æ¯å¤±è´¥: record not found"}
[DYCLOUD]2024-11-18 13:37:40.398	[31merror[0m	/Users/dujie/Desktop/cmdb/æŒç»­æ›´æ–°/cmdb/server/core/server.go:41	accept tcp [::]:8888: use of closed network connection
[DYCLOUD]2024-11-18 13:51:38.171	[31merror[0m	/Users/dujie/Desktop/cmdb/æŒç»­æ›´æ–°/cmdb/server/core/server.go:41	accept tcp [::]:8888: use of closed network connection
[DYCLOUD]2024-11-18 13:52:32.554	[31merror[0m	/Users/dujie/Desktop/cmdb/æŒç»­æ›´æ–°/cmdb/server/utils/claims.go:48	é‡æ–°å†™å…¥cookie tokenå¤±è´¥,æœªèƒ½æˆåŠŸè§£ætoken,è¯·æ£€æŸ¥è¯·æ±‚å¤´æ˜¯å¦å­˜åœ¨x-tokenä¸”claimsæ˜¯å¦ä¸ºè§„å®šç»“æ„
[DYCLOUD]2024-11-18 13:56:10.322	[31merror[0m	/Users/dujie/Desktop/cmdb/æŒç»­æ›´æ–°/cmdb/server/core/server.go:41	accept tcp [::]:8888: use of closed network connection
[DYCLOUD]2024-11-18 13:59:44.360	[31merror[0m	/Users/dujie/Desktop/cmdb/æŒç»­æ›´æ–°/cmdb/server/core/server.go:41	accept tcp [::]:8888: use of closed network connection
[DYCLOUD]2024-11-18 14:07:48.989	[31merror[0m	/Users/dujie/Desktop/cmdb/æŒç»­æ›´æ–°/cmdb/server/core/server.go:41	accept tcp [::]:8888: use of closed network connection
[DYCLOUD]2024-11-18 14:08:19.662	[31merror[0m	/Users/dujie/Desktop/cmdb/æŒç»­æ›´æ–°/cmdb/server/api/v1/cicd/applications.go:34	æ‰§è¡Œå¤±è´¥!	{"error": "è·å–åº”ç”¨åˆ—è¡¨å¤±è´¥: Develop: unsupported relations for schema App"}
[DYCLOUD]2024-11-18 14:09:16.050	[31merror[0m	/Users/dujie/Desktop/cmdb/æŒç»­æ›´æ–°/cmdb/server/core/server.go:41	accept tcp [::]:8888: use of closed network connection
[DYCLOUD]2024-11-18 14:10:49.625	[31merror[0m	/Users/dujie/Desktop/cmdb/æŒç»­æ›´æ–°/cmdb/server/core/server.go:41	accept tcp [::]:8888: use of closed network connection
[DYCLOUD]2024-11-18 14:12:53.160	[31merror[0m	/Users/dujie/Desktop/cmdb/æŒç»­æ›´æ–°/cmdb/server/core/server.go:41	accept tcp [::]:8888: use of closed network connection
[DYCLOUD]2024-11-18 14:15:46.016	[31merror[0m	/Users/dujie/Desktop/cmdb/æŒç»­æ›´æ–°/cmdb/server/core/server.go:41	accept tcp [::]:8888: use of closed network connection
[DYCLOUD]2024-11-18 14:17:54.669	[31merror[0m	/Users/dujie/Desktop/cmdb/æŒç»­æ›´æ–°/cmdb/server/core/server.go:41	accept tcp [::]:8888: use of closed network connection
[DYCLOUD]2024-11-18 14:21:35.503	[31merror[0m	/Users/dujie/Desktop/cmdb/æŒç»­æ›´æ–°/cmdb/server/core/server.go:41	accept tcp [::]:8888: use of closed network connection
[DYCLOUD]2024-11-18 14:23:09.698	[31merror[0m	/Users/dujie/Desktop/cmdb/æŒç»­æ›´æ–°/cmdb/server/core/server.go:41	accept tcp [::]:8888: use of closed network connection
[DYCLOUD]2024-11-18 14:24:54.968	[31merror[0m	/Users/dujie/Desktop/cmdb/æŒç»­æ›´æ–°/cmdb/server/core/server.go:41	accept tcp [::]:8888: use of closed network connection
[DYCLOUD]2024-11-18 14:26:20.145	[31merror[0m	/Users/dujie/Desktop/cmdb/æŒç»­æ›´æ–°/cmdb/server/core/server.go:41	accept tcp [::]:8888: use of closed network connection
[DYCLOUD]2024-11-18 14:27:30.987	[31merror[0m	/Users/dujie/Desktop/cmdb/æŒç»­æ›´æ–°/cmdb/server/core/server.go:41	accept tcp [::]:8888: use of closed network connection
[DYCLOUD]2024-11-18 14:28:57.687	[31merror[0m	/Users/dujie/Desktop/cmdb/æŒç»­æ›´æ–°/cmdb/server/core/server.go:41	accept tcp [::]:8888: use of closed network connection
[DYCLOUD]2024-11-18 14:32:39.237	[31merror[0m	/Users/dujie/Desktop/cmdb/æŒç»­æ›´æ–°/cmdb/server/core/server.go:41	accept tcp [::]:8888: use of closed network connection
[DYCLOUD]2024-11-18 14:34:25.461	[31merror[0m	/Users/dujie/Desktop/cmdb/æŒç»­æ›´æ–°/cmdb/server/api/v1/cicd/applications.go:91	æ‰§è¡Œå¤±è´¥!	{"error": "æŸ¥è¯¢åº”ç”¨ä¿¡æ¯å¤±è´¥: record not found"}
[DYCLOUD]2024-11-18 14:36:05.592	[31merror[0m	/Users/dujie/Desktop/cmdb/æŒç»­æ›´æ–°/cmdb/server/core/server.go:41	accept tcp [::]:8888: use of closed network connection
[DYCLOUD]2024-11-18 14:39:22.940	[31merror[0m	/Users/dujie/Desktop/cmdb/æŒç»­æ›´æ–°/cmdb/server/core/server.go:41	accept tcp [::]:8888: use of closed network connection
[DYCLOUD]2024-11-18 14:45:20.691	[31merror[0m	/Users/dujie/Desktop/cmdb/æŒç»­æ›´æ–°/cmdb/server/utils/claims.go:48	é‡æ–°å†™å…¥cookie tokenå¤±è´¥,æœªèƒ½æˆåŠŸè§£ætoken,è¯·æ£€æŸ¥è¯·æ±‚å¤´æ˜¯å¦å­˜åœ¨x-tokenä¸”claimsæ˜¯å¦ä¸ºè§„å®šç»“æ„
[DYCLOUD]2024-11-18 14:46:28.983	[31merror[0m	/Users/dujie/Desktop/cmdb/æŒç»­æ›´æ–°/cmdb/server/api/v1/cicd/applications.go:91	æ‰§è¡Œå¤±è´¥!	{"error": "æŸ¥è¯¢åº”ç”¨ä¿¡æ¯å¤±è´¥: record not found"}
[DYCLOUD]2024-11-18 14:51:04.729	[31merror[0m	/Users/dujie/Desktop/cmdb/æŒç»­æ›´æ–°/cmdb/server/api/v1/cicd/applications.go:91	æ‰§è¡Œå¤±è´¥!	{"error": "æŸ¥è¯¢åº”ç”¨ä¿¡æ¯å¤±è´¥: record not found"}
[DYCLOUD]2024-11-18 14:51:04.833	[31merror[0m	/Users/dujie/Desktop/cmdb/æŒç»­æ›´æ–°/cmdb/server/api/v1/cicd/applications.go:91	æ‰§è¡Œå¤±è´¥!	{"error": "æŸ¥è¯¢åº”ç”¨ä¿¡æ¯å¤±è´¥: record not found"}
[DYCLOUD]2024-11-18 14:51:04.994	[31merror[0m	/Users/dujie/Desktop/cmdb/æŒç»­æ›´æ–°/cmdb/server/api/v1/cicd/applications.go:91	æ‰§è¡Œå¤±è´¥!	{"error": "æŸ¥è¯¢åº”ç”¨ä¿¡æ¯å¤±è´¥: record not found"}
[DYCLOUD]2024-11-18 14:56:42.809	[31merror[0m	/Users/dujie/Desktop/cmdb/æŒç»­æ›´æ–°/cmdb/server/service/kubernetes/node/k8s_node.go:102	the server could not find the requested resource (get nodes.metrics.k8s.io)
[DYCLOUD]2024-11-18 14:56:51.703	[31merror[0m	/Users/dujie/Desktop/cmdb/æŒç»­æ›´æ–°/cmdb/server/service/kubernetes/workload/pod/k8s_pod.go:99	the server could not find the requested resource (get pods.metrics.k8s.io)
[DYCLOUD]2024-11-18 14:57:04.414	[31merror[0m	/Users/dujie/Desktop/cmdb/æŒç»­æ›´æ–°/cmdb/server/service/kubernetes/workload/pod/k8s_pod.go:99	the server could not find the requested resource (get pods.metrics.k8s.io)
[DYCLOUD]2024-11-18 15:12:26.345	[31merror[0m	/Users/dujie/Desktop/cmdb/æŒç»­æ›´æ–°/cmdb/server/api/v1/cicd/applications.go:91	æ‰§è¡Œå¤±è´¥!	{"error": "æŸ¥è¯¢åº”ç”¨ä¿¡æ¯å¤±è´¥: record not found"}
[DYCLOUD]2024-11-18 15:12:26.510	[31merror[0m	/Users/dujie/Desktop/cmdb/æŒç»­æ›´æ–°/cmdb/server/core/server.go:41	accept tcp [::]:8888: use of closed network connection
[DYCLOUD]2024-11-18 15:12:32.800	[31merror[0m	/Users/dujie/Desktop/cmdb/æŒç»­æ›´æ–°/cmdb/server/initialize/redis.go:31	redis connect ping failed, err:	{"name": "", "error": "MISCONF Redis is configured to save RDB snapshots, but it's currently unable to persist to disk. Commands that may modify the data set are disabled, because this instance is configured to report errors during writes if RDB snapshotting fails (stop-writes-on-bgsave-error option). Please check the Redis logs for details about the RDB error."}
[DYCLOUD]2024-11-18 15:13:40.802	[31merror[0m	/Users/dujie/Desktop/cmdb/æŒç»­æ›´æ–°/cmdb/server/api/v1/cicd/applications.go:91	æ‰§è¡Œå¤±è´¥!	{"error": "æŸ¥è¯¢åº”ç”¨ä¿¡æ¯å¤±è´¥: record not found"}
[DYCLOUD]2024-11-18 15:31:41.042	[31merror[0m	/Users/dujie/Desktop/cmdb/æŒç»­æ›´æ–°/cmdb/server/service/kubernetes/node/k8s_node.go:102	the server could not find the requested resource (get nodes.metrics.k8s.io)
