[DYCLOUD]2024-11-19 10:16:23.276	[31merror[0m	/Users/dujie/Desktop/cmdb/æŒç»­æ›´æ–°/cmdb/server/service/kubernetes/node/k8s_node.go:102	the server could not find the requested resource (get nodes.metrics.k8s.io)
[DYCLOUD]2024-11-19 10:16:33.542	[31merror[0m	/Users/dujie/Desktop/cmdb/æŒç»­æ›´æ–°/cmdb/server/api/v1/kubernetes/workload/pod/k8s_pod.go:280	è·å–å¤±è´¥!	{"error": "container web-tty is not valid for pod test-74c69cd8f4-2p2h9"}
[DYCLOUD]2024-11-19 10:35:44.151	[31merror[0m	/Users/dujie/Desktop/cmdb/æŒç»­æ›´æ–°/cmdb/server/service/kubernetes/node/k8s_node.go:102	the server could not find the requested resource (get nodes.metrics.k8s.io)
[DYCLOUD]2024-11-19 11:00:59.312	[31merror[0m	/Users/dujie/Desktop/cmdb/æŒç»­æ›´æ–°/cmdb/server/core/server.go:41	accept tcp [::]:8888: use of closed network connection
[DYCLOUD]2024-11-19 11:01:39.882	[31merror[0m	/Users/dujie/Desktop/cmdb/æŒç»­æ›´æ–°/cmdb/server/initialize/redis.go:31	redis connect ping failed, err:	{"name": "", "error": "MISCONF Redis is configured to save RDB snapshots, but it's currently unable to persist to disk. Commands that may modify the data set are disabled, because this instance is configured to report errors during writes if RDB snapshotting fails (stop-writes-on-bgsave-error option). Please check the Redis logs for details about the RDB error."}
[DYCLOUD]2024-11-19 11:03:07.303	[31merror[0m	/Users/dujie/Desktop/cmdb/æŒç»­æ›´æ–°/cmdb/server/service/kubernetes/node/k8s_node.go:102	the server could not find the requested resource (get nodes.metrics.k8s.io)
[DYCLOUD]2024-11-19 11:05:11.157	[31merror[0m	/Users/dujie/Desktop/cmdb/æŒç»­æ›´æ–°/cmdb/server/core/server.go:41	accept tcp [::]:8888: use of closed network connection
[DYCLOUD]2024-11-19 11:05:44.264	[31merror[0m	/Users/dujie/Desktop/cmdb/æŒç»­æ›´æ–°/cmdb/server/service/kubernetes/node/k8s_node.go:102	the server could not find the requested resource (get nodes.metrics.k8s.io)
[DYCLOUD]2024-11-19 11:06:21.609	[31merror[0m	/Users/dujie/Desktop/cmdb/æŒç»­æ›´æ–°/cmdb/server/service/kubernetes/node/k8s_node.go:102	the server could not find the requested resource (get nodes.metrics.k8s.io)
[DYCLOUD]2024-11-19 11:06:51.325	[31merror[0m	/Users/dujie/Desktop/cmdb/æŒç»­æ›´æ–°/cmdb/server/service/kubernetes/node/k8s_node.go:102	the server could not find the requested resource (get nodes.metrics.k8s.io)
[DYCLOUD]2024-11-19 11:07:07.627	[31merror[0m	/Users/dujie/Desktop/cmdb/æŒç»­æ›´æ–°/cmdb/server/service/kubernetes/node/k8s_node.go:102	the server could not find the requested resource (get nodes.metrics.k8s.io)
[DYCLOUD]2024-11-19 11:09:19.851	[31merror[0m	/Users/dujie/Desktop/cmdb/æŒç»­æ›´æ–°/cmdb/server/service/kubernetes/node/k8s_node.go:102	the server could not find the requested resource (get nodes.metrics.k8s.io)
[DYCLOUD]2024-11-19 11:11:06.615	[31merror[0m	/Users/dujie/Desktop/cmdb/æŒç»­æ›´æ–°/cmdb/server/service/kubernetes/node/k8s_node.go:102	the server could not find the requested resource (get nodes.metrics.k8s.io)
[DYCLOUD]2024-11-19 11:11:39.157	[31merror[0m	/Users/dujie/Desktop/cmdb/æŒç»­æ›´æ–°/cmdb/server/api/v1/ws/ws.go:79	ç»ˆç«¯WebSocket ç»ˆç«¯é€€å‡ºå¤±è´¥ï¼šwebsocket: close sent
[DYCLOUD]2024-11-19 11:11:41.657	[31merror[0m	/Users/dujie/Desktop/cmdb/æŒç»­æ›´æ–°/cmdb/server/service/kubernetes/node/k8s_node.go:102	the server could not find the requested resource (get nodes.metrics.k8s.io)
[DYCLOUD]2024-11-19 11:12:13.332	[31merror[0m	/Users/dujie/Desktop/cmdb/æŒç»­æ›´æ–°/cmdb/server/service/kubernetes/node/k8s_node.go:102	the server could not find the requested resource (get nodes.metrics.k8s.io)
[DYCLOUD]2024-11-19 11:12:36.971	[31merror[0m	/Users/dujie/Desktop/cmdb/æŒç»­æ›´æ–°/cmdb/server/service/kubernetes/node/k8s_node.go:102	the server could not find the requested resource (get nodes.metrics.k8s.io)
[DYCLOUD]2024-11-19 11:13:20.848	[31merror[0m	/Users/dujie/Desktop/cmdb/æŒç»­æ›´æ–°/cmdb/server/api/v1/ws/ws.go:79	ç»ˆç«¯WebSocket ç»ˆç«¯é€€å‡ºå¤±è´¥ï¼šwebsocket: close sent
[DYCLOUD]2024-11-19 11:13:20.856	[31merror[0m	/Users/dujie/Desktop/cmdb/æŒç»­æ›´æ–°/cmdb/server/core/server.go:41	accept tcp [::]:8888: use of closed network connection
[DYCLOUD]2024-11-19 11:14:16.435	[31merror[0m	/Users/dujie/Desktop/cmdb/æŒç»­æ›´æ–°/cmdb/server/service/kubernetes/node/k8s_node.go:102	the server could not find the requested resource (get nodes.metrics.k8s.io)
[DYCLOUD]2024-11-19 11:16:29.073	[31merror[0m	/Users/dujie/Desktop/cmdb/æŒç»­æ›´æ–°/cmdb/server/service/kubernetes/node/k8s_node.go:102	the server could not find the requested resource (get nodes.metrics.k8s.io)
[DYCLOUD]2024-11-19 11:19:37.596	[31merror[0m	/Users/dujie/Desktop/cmdb/æŒç»­æ›´æ–°/cmdb/server/service/kubernetes/node/k8s_node.go:102	the server could not find the requested resource (get nodes.metrics.k8s.io)
[DYCLOUD]2024-11-19 11:21:25.232	[31merror[0m	/Users/dujie/Desktop/cmdb/æŒç»­æ›´æ–°/cmdb/server/service/kubernetes/node/k8s_node.go:102	the server could not find the requested resource (get nodes.metrics.k8s.io)
[DYCLOUD]2024-11-19 11:22:42.543	[31merror[0m	/Users/dujie/Desktop/cmdb/æŒç»­æ›´æ–°/cmdb/server/service/kubernetes/node/k8s_node.go:102	the server could not find the requested resource (get nodes.metrics.k8s.io)
[DYCLOUD]2024-11-19 11:23:34.549	[31merror[0m	/Users/dujie/Desktop/cmdb/æŒç»­æ›´æ–°/cmdb/server/service/kubernetes/node/k8s_node.go:102	the server could not find the requested resource (get nodes.metrics.k8s.io)
[DYCLOUD]2024-11-19 11:24:31.220	[31merror[0m	/Users/dujie/Desktop/cmdb/æŒç»­æ›´æ–°/cmdb/server/service/kubernetes/node/k8s_node.go:102	the server could not find the requested resource (get nodes.metrics.k8s.io)
[DYCLOUD]2024-11-19 11:25:11.150	[31merror[0m	/Users/dujie/Desktop/cmdb/æŒç»­æ›´æ–°/cmdb/server/service/kubernetes/node/k8s_node.go:102	the server could not find the requested resource (get nodes.metrics.k8s.io)
[DYCLOUD]2024-11-19 11:26:21.397	[31merror[0m	/Users/dujie/Desktop/cmdb/æŒç»­æ›´æ–°/cmdb/server/service/kubernetes/node/k8s_node.go:102	the server could not find the requested resource (get nodes.metrics.k8s.io)
[DYCLOUD]2024-11-19 13:03:49.478	[31merror[0m	/Users/dujie/Desktop/cmdb/æŒç»­æ›´æ–°/cmdb/server/service/kubernetes/node/k8s_node.go:102	the server could not find the requested resource (get nodes.metrics.k8s.io)
[DYCLOUD]2024-11-19 13:04:29.136	[31merror[0m	/Users/dujie/Desktop/cmdb/æŒç»­æ›´æ–°/cmdb/server/service/kubernetes/node/k8s_node.go:102	the server could not find the requested resource (get nodes.metrics.k8s.io)
[DYCLOUD]2024-11-19 13:06:06.868	[31merror[0m	/Users/dujie/Desktop/cmdb/æŒç»­æ›´æ–°/cmdb/server/service/kubernetes/node/k8s_node.go:102	the server could not find the requested resource (get nodes.metrics.k8s.io)
[DYCLOUD]2024-11-19 13:08:44.999	[31merror[0m	/Users/dujie/Desktop/cmdb/æŒç»­æ›´æ–°/cmdb/server/service/kubernetes/node/k8s_node.go:102	the server could not find the requested resource (get nodes.metrics.k8s.io)
[DYCLOUD]2024-11-19 13:09:59.436	[31merror[0m	/Users/dujie/Desktop/cmdb/æŒç»­æ›´æ–°/cmdb/server/service/kubernetes/node/k8s_node.go:102	the server could not find the requested resource (get nodes.metrics.k8s.io)
[DYCLOUD]2024-11-19 13:12:59.002	[31merror[0m	/Users/dujie/Desktop/cmdb/æŒç»­æ›´æ–°/cmdb/server/api/v1/kubernetes/workload/pod/k8s_pod.go:280	è·å–å¤±è´¥!	{"error": "container node-shell is not valid for pod cloudtty-operator-controller-manager-669c8c97bc-lzq99"}
[DYCLOUD]2024-11-19 13:19:18.694	[31merror[0m	/Users/dujie/Desktop/cmdb/æŒç»­æ›´æ–°/cmdb/server/core/server.go:41	accept tcp [::]:8888: use of closed network connection
[DYCLOUD]2024-11-19 13:19:51.707	[31merror[0m	/Users/dujie/Desktop/cmdb/æŒç»­æ›´æ–°/cmdb/server/service/kubernetes/node/k8s_node.go:102	the server could not find the requested resource (get nodes.metrics.k8s.io)
