[DYCLOUD]2024-11-19 10:16:37.797	[34minfo[0m	/Users/dujie/Desktop/cmdb/æŒç»­æ›´æ–°/cmdb/server/api/v1/ws/ws.go:92	ç»ˆç«¯WebSocketè¶…æ—¶å…³é—­æˆåŠŸï¼
[DYCLOUD]2024-11-19 10:22:43.975	[34minfo[0m	/Users/dujie/Desktop/cmdb/æŒç»­æ›´æ–°/cmdb/server/api/v1/ws/ws.go:92	ç»ˆç«¯WebSocketè¶…æ—¶å…³é—­æˆåŠŸï¼
[DYCLOUD]2024-11-19 10:24:12.816	[34minfo[0m	/Users/dujie/Desktop/cmdb/æŒç»­æ›´æ–°/cmdb/server/api/v1/ws/ws.go:92	ç»ˆç«¯WebSocketè¶…æ—¶å…³é—­æˆåŠŸï¼
[DYCLOUD]2024-11-19 11:01:39.881	[34minfo[0m	/Users/dujie/Desktop/cmdb/æŒç»­æ›´æ–°/cmdb/server/initialize/gorm.go:73	register table success
[DYCLOUD]2024-11-19 11:02:10.108	[34minfo[0m	/Users/dujie/Desktop/cmdb/æŒç»­æ›´æ–°/cmdb/server/initialize/gorm.go:73	register table success
[DYCLOUD]2024-11-19 11:02:10.109	[34minfo[0m	/Users/dujie/Desktop/cmdb/æŒç»­æ›´æ–°/cmdb/server/initialize/redis.go:35	redis connect ping response:	{"name": "", "pong": "PONG"}
[DYCLOUD]2024-11-19 11:02:10.109	[34minfo[0m	/Users/dujie/Desktop/cmdb/æŒç»­æ›´æ–°/cmdb/server/initialize/redis.go:35	redis connect ping response:	{"name": "cache", "pong": "PONG"}
[DYCLOUD]2024-11-19 11:02:10.110	[34minfo[0m	/Users/dujie/Desktop/cmdb/æŒç»­æ›´æ–°/cmdb/server/initialize/router.go:60	register swagger handler
[DYCLOUD]2024-11-19 11:02:10.145	[34minfo[0m	/Users/dujie/Desktop/cmdb/æŒç»­æ›´æ–°/cmdb/server/initialize/router.go:105	router register success
[DYCLOUD]2024-11-19 11:02:10.145	[34minfo[0m	/Users/dujie/Desktop/cmdb/æŒç»­æ›´æ–°/cmdb/server/core/server.go:39	server run success on 	{"address": ":8888"}
[DYCLOUD]2024-11-19 11:05:41.909	[34minfo[0m	/Users/dujie/Desktop/cmdb/æŒç»­æ›´æ–°/cmdb/server/initialize/gorm.go:73	register table success
[DYCLOUD]2024-11-19 11:05:41.910	[34minfo[0m	/Users/dujie/Desktop/cmdb/æŒç»­æ›´æ–°/cmdb/server/initialize/redis.go:35	redis connect ping response:	{"name": "", "pong": "PONG"}
[DYCLOUD]2024-11-19 11:05:41.911	[34minfo[0m	/Users/dujie/Desktop/cmdb/æŒç»­æ›´æ–°/cmdb/server/initialize/redis.go:35	redis connect ping response:	{"name": "cache", "pong": "PONG"}
[DYCLOUD]2024-11-19 11:05:41.911	[34minfo[0m	/Users/dujie/Desktop/cmdb/æŒç»­æ›´æ–°/cmdb/server/initialize/router.go:60	register swagger handler
[DYCLOUD]2024-11-19 11:05:41.951	[34minfo[0m	/Users/dujie/Desktop/cmdb/æŒç»­æ›´æ–°/cmdb/server/initialize/router.go:105	router register success
[DYCLOUD]2024-11-19 11:05:41.951	[34minfo[0m	/Users/dujie/Desktop/cmdb/æŒç»­æ›´æ–°/cmdb/server/core/server.go:39	server run success on 	{"address": ":8888"}
[DYCLOUD]2024-11-19 11:09:34.482	[34minfo[0m	/Users/dujie/Desktop/cmdb/æŒç»­æ›´æ–°/cmdb/server/api/v1/ws/ws.go:92	ç»ˆç«¯WebSocketè¶…æ—¶å…³é—­æˆåŠŸï¼
[DYCLOUD]2024-11-19 11:11:39.162	[34minfo[0m	/Users/dujie/Desktop/cmdb/æŒç»­æ›´æ–°/cmdb/server/api/v1/ws/ws.go:92	ç»ˆç«¯WebSocketè¶…æ—¶å…³é—­æˆåŠŸï¼
[DYCLOUD]2024-11-19 11:13:20.855	[34minfo[0m	/Users/dujie/Desktop/cmdb/æŒç»­æ›´æ–°/cmdb/server/api/v1/ws/ws.go:92	ç»ˆç«¯WebSocketè¶…æ—¶å…³é—­æˆåŠŸï¼
[DYCLOUD]2024-11-19 11:13:53.132	[34minfo[0m	/Users/dujie/Desktop/cmdb/æŒç»­æ›´æ–°/cmdb/server/initialize/gorm.go:73	register table success
[DYCLOUD]2024-11-19 11:13:53.133	[34minfo[0m	/Users/dujie/Desktop/cmdb/æŒç»­æ›´æ–°/cmdb/server/initialize/redis.go:35	redis connect ping response:	{"name": "", "pong": "PONG"}
[DYCLOUD]2024-11-19 11:13:53.134	[34minfo[0m	/Users/dujie/Desktop/cmdb/æŒç»­æ›´æ–°/cmdb/server/initialize/redis.go:35	redis connect ping response:	{"name": "cache", "pong": "PONG"}
[DYCLOUD]2024-11-19 11:13:53.134	[34minfo[0m	/Users/dujie/Desktop/cmdb/æŒç»­æ›´æ–°/cmdb/server/initialize/router.go:60	register swagger handler
[DYCLOUD]2024-11-19 11:13:53.172	[34minfo[0m	/Users/dujie/Desktop/cmdb/æŒç»­æ›´æ–°/cmdb/server/initialize/router.go:105	router register success
[DYCLOUD]2024-11-19 11:13:53.172	[34minfo[0m	/Users/dujie/Desktop/cmdb/æŒç»­æ›´æ–°/cmdb/server/core/server.go:39	server run success on 	{"address": ":8888"}
[DYCLOUD]2024-11-19 13:10:04.033	[34minfo[0m	/Users/dujie/Desktop/cmdb/æŒç»­æ›´æ–°/cmdb/server/api/v1/ws/ws.go:92	ç»ˆç«¯WebSocketè¶…æ—¶å…³é—­æˆåŠŸï¼
[DYCLOUD]2024-11-19 13:10:11.849	[34minfo[0m	/Users/dujie/Desktop/cmdb/æŒç»­æ›´æ–°/cmdb/server/api/v1/ws/ws.go:92	ç»ˆç«¯WebSocketè¶…æ—¶å…³é—­æˆåŠŸï¼
[DYCLOUD]2024-11-19 13:10:40.929	[34minfo[0m	/Users/dujie/Desktop/cmdb/æŒç»­æ›´æ–°/cmdb/server/api/v1/ws/ws.go:92	ç»ˆç«¯WebSocketè¶…æ—¶å…³é—­æˆåŠŸï¼
[DYCLOUD]2024-11-19 13:10:59.062	[34minfo[0m	/Users/dujie/Desktop/cmdb/æŒç»­æ›´æ–°/cmdb/server/api/v1/ws/ws.go:92	ç»ˆç«¯WebSocketè¶…æ—¶å…³é—­æˆåŠŸï¼
[DYCLOUD]2024-11-19 13:13:21.036	[34minfo[0m	/Users/dujie/Desktop/cmdb/æŒç»­æ›´æ–°/cmdb/server/api/v1/ws/ws.go:92	ç»ˆç«¯WebSocketè¶…æ—¶å…³é—­æˆåŠŸï¼
[DYCLOUD]2024-11-19 13:14:05.305	[34minfo[0m	/Users/dujie/Desktop/cmdb/æŒç»­æ›´æ–°/cmdb/server/api/v1/ws/ws.go:92	ç»ˆç«¯WebSocketè¶…æ—¶å…³é—­æˆåŠŸï¼
[DYCLOUD]2024-11-19 13:14:32.189	[34minfo[0m	/Users/dujie/Desktop/cmdb/æŒç»­æ›´æ–°/cmdb/server/api/v1/ws/ws.go:92	ç»ˆç«¯WebSocketè¶…æ—¶å…³é—­æˆåŠŸï¼
[DYCLOUD]2024-11-19 13:17:04.491	[34minfo[0m	/Users/dujie/Desktop/cmdb/æŒç»­æ›´æ–°/cmdb/server/api/v1/ws/ws.go:92	ç»ˆç«¯WebSocketè¶…æ—¶å…³é—­æˆåŠŸï¼
[DYCLOUD]2024-11-19 13:18:58.658	[34minfo[0m	/Users/dujie/Desktop/cmdb/æŒç»­æ›´æ–°/cmdb/server/api/v1/ws/ws.go:92	ç»ˆç«¯WebSocketè¶…æ—¶å…³é—­æˆåŠŸï¼
[DYCLOUD]2024-11-19 13:19:50.077	[34minfo[0m	/Users/dujie/Desktop/cmdb/æŒç»­æ›´æ–°/cmdb/server/initialize/gorm.go:73	register table success
[DYCLOUD]2024-11-19 13:19:50.079	[34minfo[0m	/Users/dujie/Desktop/cmdb/æŒç»­æ›´æ–°/cmdb/server/initialize/redis.go:35	redis connect ping response:	{"name": "", "pong": "PONG"}
[DYCLOUD]2024-11-19 13:19:50.079	[34minfo[0m	/Users/dujie/Desktop/cmdb/æŒç»­æ›´æ–°/cmdb/server/initialize/redis.go:35	redis connect ping response:	{"name": "cache", "pong": "PONG"}
[DYCLOUD]2024-11-19 13:19:50.080	[34minfo[0m	/Users/dujie/Desktop/cmdb/æŒç»­æ›´æ–°/cmdb/server/initialize/router.go:60	register swagger handler
[DYCLOUD]2024-11-19 13:19:50.127	[34minfo[0m	/Users/dujie/Desktop/cmdb/æŒç»­æ›´æ–°/cmdb/server/initialize/router.go:105	router register success
[DYCLOUD]2024-11-19 13:19:50.127	[34minfo[0m	/Users/dujie/Desktop/cmdb/æŒç»­æ›´æ–°/cmdb/server/core/server.go:39	server run success on 	{"address": ":8888"}
[DYCLOUD]2024-11-19 13:20:29.227	[34minfo[0m	/Users/dujie/Desktop/cmdb/æŒç»­æ›´æ–°/cmdb/server/api/v1/ws/ws.go:92	ç»ˆç«¯WebSocketè¶…æ—¶å…³é—­æˆåŠŸï¼
[DYCLOUD]2024-11-19 13:24:24.072	[34minfo[0m	/Users/dujie/Desktop/cmdb/æŒç»­æ›´æ–°/cmdb/server/api/v1/ws/ws.go:92	ç»ˆç«¯WebSocketè¶…æ—¶å…³é—­æˆåŠŸï¼
[DYCLOUD]2024-11-19 13:24:33.301	[34minfo[0m	/Users/dujie/Desktop/cmdb/æŒç»­æ›´æ–°/cmdb/server/api/v1/ws/ws.go:92	ç»ˆç«¯WebSocketè¶…æ—¶å…³é—­æˆåŠŸï¼
