[DYCLOUD]2024-12-24 08:51:10.575	[31merror[0m	/Users/dujie/Desktop/cmdb/æŒç»­æ›´æ–°/cmdb/server/initialize/redis.go:31	redis connect ping failed, err:	{"name": "", "error": "dial tcp 127.0.0.1:6379: connect: connection refused"}
[DYCLOUD]2024-12-24 08:55:18.399	[31merror[0m	/Users/dujie/Desktop/cmdb/æŒç»­æ›´æ–°/cmdb/server/core/server.go:41	accept tcp [::]:8888: use of closed network connection
[DYCLOUD]2024-12-24 08:57:25.002	[31merror[0m	/Users/dujie/Desktop/cmdb/æŒç»­æ›´æ–°/cmdb/server/core/server.go:41	accept tcp [::]:8888: use of closed network connection
[DYCLOUD]2024-12-24 09:26:03.653	[31merror[0m	/Users/dujie/Desktop/cmdb/æŒç»­æ›´æ–°/cmdb/server/middleware/operation.go:120	create operation record error:	{"error": "Error 1406 (22001): Data too long for column 'resp' at row 1"}
[DYCLOUD]2024-12-24 09:26:33.658	[31merror[0m	/Users/dujie/Desktop/cmdb/æŒç»­æ›´æ–°/cmdb/server/middleware/operation.go:120	create operation record error:	{"error": "Error 1406 (22001): Data too long for column 'resp' at row 1"}
[DYCLOUD]2024-12-24 09:46:23.727	[31merror[0m	/Users/dujie/Desktop/cmdb/æŒç»­æ›´æ–°/cmdb/server/service/kubernetes/workload/deployment/k8s_deployment.go:82	MISCONF Redis is configured to save RDB snapshots, but it's currently unable to persist to disk. Commands that may modify the data set are disabled, because this instance is configured to report errors during writes if RDB snapshotting fails (stop-writes-on-bgsave-error option). Please check the Redis logs for details about the RDB error.
[DYCLOUD]2024-12-24 09:57:07.568	[31merror[0m	/Users/dujie/Desktop/cmdb/æŒç»­æ›´æ–°/cmdb/server/service/kubernetes/workload/deployment/k8s_deployment.go:82	MISCONF Redis is configured to save RDB snapshots, but it's currently unable to persist to disk. Commands that may modify the data set are disabled, because this instance is configured to report errors during writes if RDB snapshotting fails (stop-writes-on-bgsave-error option). Please check the Redis logs for details about the RDB error.
[DYCLOUD]2024-12-24 09:57:22.562	[31merror[0m	/Users/dujie/Desktop/cmdb/æŒç»­æ›´æ–°/cmdb/server/utils/docker/docker/client.go:35	record not found
[DYCLOUD]2024-12-24 09:57:22.563	[31merror[0m	/Users/dujie/Desktop/cmdb/æŒç»­æ›´æ–°/cmdb/server/utils/docker/docker/client.go:35	record not found
[DYCLOUD]2024-12-24 09:57:22.563	[31merror[0m	/Users/dujie/Desktop/cmdb/æŒç»­æ›´æ–°/cmdb/server/api/v1/docker/network.go:33	è·å–ç½‘ç»œåˆ—è¡¨å¤±è´¥!	{"error": "host is not found"}
[DYCLOUD]2024-12-24 09:57:22.563	[31merror[0m	/Users/dujie/Desktop/cmdb/æŒç»­æ›´æ–°/cmdb/server/api/v1/docker/container.go:39	è·å–å®¹å™¨åˆ—è¡¨å¤±è´¥:	{"error": "host is not found"}
[DYCLOUD]2024-12-24 09:57:22.566	[31merror[0m	/Users/dujie/Desktop/cmdb/æŒç»­æ›´æ–°/cmdb/server/utils/docker/docker/client.go:35	record not found
[DYCLOUD]2024-12-24 09:57:22.566	[31merror[0m	/Users/dujie/Desktop/cmdb/æŒç»­æ›´æ–°/cmdb/server/api/v1/docker/image.go:33	è·å–é•œåƒåˆ—è¡¨å¤±è´¥!	{"error": "host is not found"}
[DYCLOUD]2024-12-24 09:57:22.565	[31merror[0m	/Users/dujie/Desktop/cmdb/æŒç»­æ›´æ–°/cmdb/server/utils/docker/docker/client.go:35	record not found
[DYCLOUD]2024-12-24 09:57:22.566	[31merror[0m	/Users/dujie/Desktop/cmdb/æŒç»­æ›´æ–°/cmdb/server/api/v1/docker/system.go:29	è·å–ç³»ç»Ÿä¿¡æ¯å¤±è´¥!	{"error": "host is not found"}
[DYCLOUD]2024-12-24 09:57:22.568	[31merror[0m	/Users/dujie/Desktop/cmdb/æŒç»­æ›´æ–°/cmdb/server/utils/docker/docker/client.go:35	record not found
[DYCLOUD]2024-12-24 09:57:22.568	[31merror[0m	/Users/dujie/Desktop/cmdb/æŒç»­æ›´æ–°/cmdb/server/api/v1/docker/volume.go:33	è·å–å­˜å‚¨å·åˆ—è¡¨å¤±è´¥!	{"error": "host is not found"}
[DYCLOUD]2024-12-24 09:57:23.702	[31merror[0m	/Users/dujie/Desktop/cmdb/æŒç»­æ›´æ–°/cmdb/server/utils/docker/docker/client.go:35	record not found
[DYCLOUD]2024-12-24 09:57:23.702	[31merror[0m	/Users/dujie/Desktop/cmdb/æŒç»­æ›´æ–°/cmdb/server/api/v1/docker/image.go:33	è·å–é•œåƒåˆ—è¡¨å¤±è´¥!	{"error": "host is not found"}
[DYCLOUD]2024-12-24 09:57:24.525	[31merror[0m	/Users/dujie/Desktop/cmdb/æŒç»­æ›´æ–°/cmdb/server/utils/docker/docker/client.go:35	record not found
[DYCLOUD]2024-12-24 09:57:24.525	[31merror[0m	/Users/dujie/Desktop/cmdb/æŒç»­æ›´æ–°/cmdb/server/utils/docker/docker/client.go:35	record not found
[DYCLOUD]2024-12-24 09:57:24.525	[31merror[0m	/Users/dujie/Desktop/cmdb/æŒç»­æ›´æ–°/cmdb/server/utils/docker/docker/client.go:35	record not found
[DYCLOUD]2024-12-24 09:57:24.525	[31merror[0m	/Users/dujie/Desktop/cmdb/æŒç»­æ›´æ–°/cmdb/server/utils/docker/docker/client.go:35	record not found
[DYCLOUD]2024-12-24 09:57:24.525	[31merror[0m	/Users/dujie/Desktop/cmdb/æŒç»­æ›´æ–°/cmdb/server/utils/docker/docker/client.go:35	record not found
[DYCLOUD]2024-12-24 09:57:24.525	[31merror[0m	/Users/dujie/Desktop/cmdb/æŒç»­æ›´æ–°/cmdb/server/api/v1/docker/network.go:33	è·å–ç½‘ç»œåˆ—è¡¨å¤±è´¥!	{"error": "host is not found"}
[DYCLOUD]2024-12-24 09:57:24.525	[31merror[0m	/Users/dujie/Desktop/cmdb/æŒç»­æ›´æ–°/cmdb/server/api/v1/docker/system.go:29	è·å–ç³»ç»Ÿä¿¡æ¯å¤±è´¥!	{"error": "host is not found"}
[DYCLOUD]2024-12-24 09:57:24.526	[31merror[0m	/Users/dujie/Desktop/cmdb/æŒç»­æ›´æ–°/cmdb/server/api/v1/docker/container.go:39	è·å–å®¹å™¨åˆ—è¡¨å¤±è´¥:	{"error": "host is not found"}
[DYCLOUD]2024-12-24 09:57:24.526	[31merror[0m	/Users/dujie/Desktop/cmdb/æŒç»­æ›´æ–°/cmdb/server/api/v1/docker/volume.go:33	è·å–å­˜å‚¨å·åˆ—è¡¨å¤±è´¥!	{"error": "host is not found"}
[DYCLOUD]2024-12-24 09:57:24.526	[31merror[0m	/Users/dujie/Desktop/cmdb/æŒç»­æ›´æ–°/cmdb/server/api/v1/docker/image.go:33	è·å–é•œåƒåˆ—è¡¨å¤±è´¥!	{"error": "host is not found"}
[DYCLOUD]2024-12-24 09:58:19.614	[31merror[0m	/Users/dujie/Desktop/cmdb/æŒç»­æ›´æ–°/cmdb/server/utils/docker/docker/client.go:35	record not found
[DYCLOUD]2024-12-24 09:58:19.614	[31merror[0m	/Users/dujie/Desktop/cmdb/æŒç»­æ›´æ–°/cmdb/server/utils/docker/docker/client.go:35	record not found
[DYCLOUD]2024-12-24 09:58:19.614	[31merror[0m	/Users/dujie/Desktop/cmdb/æŒç»­æ›´æ–°/cmdb/server/utils/docker/docker/client.go:35	record not found
[DYCLOUD]2024-12-24 09:58:19.616	[31merror[0m	/Users/dujie/Desktop/cmdb/æŒç»­æ›´æ–°/cmdb/server/api/v1/docker/network.go:33	è·å–ç½‘ç»œåˆ—è¡¨å¤±è´¥!	{"error": "host is not found"}
[DYCLOUD]2024-12-24 09:58:19.615	[31merror[0m	/Users/dujie/Desktop/cmdb/æŒç»­æ›´æ–°/cmdb/server/utils/docker/docker/client.go:35	record not found
[DYCLOUD]2024-12-24 09:58:19.615	[31merror[0m	/Users/dujie/Desktop/cmdb/æŒç»­æ›´æ–°/cmdb/server/utils/docker/docker/client.go:35	record not found
[DYCLOUD]2024-12-24 09:58:19.615	[31merror[0m	/Users/dujie/Desktop/cmdb/æŒç»­æ›´æ–°/cmdb/server/api/v1/docker/volume.go:33	è·å–å­˜å‚¨å·åˆ—è¡¨å¤±è´¥!	{"error": "host is not found"}
[DYCLOUD]2024-12-24 09:58:19.616	[31merror[0m	/Users/dujie/Desktop/cmdb/æŒç»­æ›´æ–°/cmdb/server/api/v1/docker/image.go:33	è·å–é•œåƒåˆ—è¡¨å¤±è´¥!	{"error": "host is not found"}
[DYCLOUD]2024-12-24 09:58:19.616	[31merror[0m	/Users/dujie/Desktop/cmdb/æŒç»­æ›´æ–°/cmdb/server/api/v1/docker/container.go:39	è·å–å®¹å™¨åˆ—è¡¨å¤±è´¥:	{"error": "host is not found"}
[DYCLOUD]2024-12-24 09:58:19.616	[31merror[0m	/Users/dujie/Desktop/cmdb/æŒç»­æ›´æ–°/cmdb/server/api/v1/docker/system.go:29	è·å–ç³»ç»Ÿä¿¡æ¯å¤±è´¥!	{"error": "host is not found"}
[DYCLOUD]2024-12-24 09:58:24.185	[31merror[0m	/Users/dujie/Desktop/cmdb/æŒç»­æ›´æ–°/cmdb/server/utils/docker/docker/client.go:35	record not found
[DYCLOUD]2024-12-24 09:58:24.185	[31merror[0m	/Users/dujie/Desktop/cmdb/æŒç»­æ›´æ–°/cmdb/server/utils/docker/docker/client.go:35	record not found
[DYCLOUD]2024-12-24 09:58:24.186	[31merror[0m	/Users/dujie/Desktop/cmdb/æŒç»­æ›´æ–°/cmdb/server/utils/docker/docker/client.go:35	record not found
[DYCLOUD]2024-12-24 09:58:24.186	[31merror[0m	/Users/dujie/Desktop/cmdb/æŒç»­æ›´æ–°/cmdb/server/api/v1/docker/volume.go:33	è·å–å­˜å‚¨å·åˆ—è¡¨å¤±è´¥!	{"error": "host is not found"}
[DYCLOUD]2024-12-24 09:58:24.185	[31merror[0m	/Users/dujie/Desktop/cmdb/æŒç»­æ›´æ–°/cmdb/server/api/v1/docker/system.go:29	è·å–ç³»ç»Ÿä¿¡æ¯å¤±è´¥!	{"error": "host is not found"}
[DYCLOUD]2024-12-24 09:58:24.186	[31merror[0m	/Users/dujie/Desktop/cmdb/æŒç»­æ›´æ–°/cmdb/server/api/v1/docker/image.go:33	è·å–é•œåƒåˆ—è¡¨å¤±è´¥!	{"error": "host is not found"}
[DYCLOUD]2024-12-24 09:58:24.187	[31merror[0m	/Users/dujie/Desktop/cmdb/æŒç»­æ›´æ–°/cmdb/server/utils/docker/docker/client.go:35	record not found
[DYCLOUD]2024-12-24 09:58:24.187	[31merror[0m	/Users/dujie/Desktop/cmdb/æŒç»­æ›´æ–°/cmdb/server/api/v1/docker/network.go:33	è·å–ç½‘ç»œåˆ—è¡¨å¤±è´¥!	{"error": "host is not found"}
[DYCLOUD]2024-12-24 09:58:24.190	[31merror[0m	/Users/dujie/Desktop/cmdb/æŒç»­æ›´æ–°/cmdb/server/utils/docker/docker/client.go:35	record not found
[DYCLOUD]2024-12-24 09:58:24.191	[31merror[0m	/Users/dujie/Desktop/cmdb/æŒç»­æ›´æ–°/cmdb/server/api/v1/docker/container.go:39	è·å–å®¹å™¨åˆ—è¡¨å¤±è´¥:	{"error": "host is not found"}
[DYCLOUD]2024-12-24 09:58:27.627	[31merror[0m	/Users/dujie/Desktop/cmdb/æŒç»­æ›´æ–°/cmdb/server/utils/docker/docker/client.go:35	record not found
[DYCLOUD]2024-12-24 09:58:27.627	[31merror[0m	/Users/dujie/Desktop/cmdb/æŒç»­æ›´æ–°/cmdb/server/api/v1/docker/image.go:33	è·å–é•œåƒåˆ—è¡¨å¤±è´¥!	{"error": "host is not found"}
[DYCLOUD]2024-12-24 09:58:30.209	[31merror[0m	/Users/dujie/Desktop/cmdb/æŒç»­æ›´æ–°/cmdb/server/utils/docker/docker/client.go:35	record not found
[DYCLOUD]2024-12-24 09:58:30.209	[31merror[0m	/Users/dujie/Desktop/cmdb/æŒç»­æ›´æ–°/cmdb/server/api/v1/docker/image.go:33	è·å–é•œåƒåˆ—è¡¨å¤±è´¥!	{"error": "host is not found"}
[DYCLOUD]2024-12-24 09:58:30.349	[31merror[0m	/Users/dujie/Desktop/cmdb/æŒç»­æ›´æ–°/cmdb/server/utils/docker/docker/client.go:35	record not found
[DYCLOUD]2024-12-24 09:58:30.350	[31merror[0m	/Users/dujie/Desktop/cmdb/æŒç»­æ›´æ–°/cmdb/server/api/v1/docker/image.go:33	è·å–é•œåƒåˆ—è¡¨å¤±è´¥!	{"error": "host is not found"}
[DYCLOUD]2024-12-24 09:58:31.845	[31merror[0m	/Users/dujie/Desktop/cmdb/æŒç»­æ›´æ–°/cmdb/server/utils/docker/docker/client.go:35	record not found
[DYCLOUD]2024-12-24 09:58:31.846	[31merror[0m	/Users/dujie/Desktop/cmdb/æŒç»­æ›´æ–°/cmdb/server/api/v1/docker/network.go:33	è·å–ç½‘ç»œåˆ—è¡¨å¤±è´¥!	{"error": "host is not found"}
[DYCLOUD]2024-12-24 09:58:31.845	[31merror[0m	/Users/dujie/Desktop/cmdb/æŒç»­æ›´æ–°/cmdb/server/utils/docker/docker/client.go:35	record not found
[DYCLOUD]2024-12-24 09:58:31.846	[31merror[0m	/Users/dujie/Desktop/cmdb/æŒç»­æ›´æ–°/cmdb/server/api/v1/docker/volume.go:33	è·å–å­˜å‚¨å·åˆ—è¡¨å¤±è´¥!	{"error": "host is not found"}
[DYCLOUD]2024-12-24 09:58:31.846	[31merror[0m	/Users/dujie/Desktop/cmdb/æŒç»­æ›´æ–°/cmdb/server/utils/docker/docker/client.go:35	record not found
[DYCLOUD]2024-12-24 09:58:31.846	[31merror[0m	/Users/dujie/Desktop/cmdb/æŒç»­æ›´æ–°/cmdb/server/utils/docker/docker/client.go:35	record not found
[DYCLOUD]2024-12-24 09:58:31.846	[31merror[0m	/Users/dujie/Desktop/cmdb/æŒç»­æ›´æ–°/cmdb/server/api/v1/docker/container.go:39	è·å–å®¹å™¨åˆ—è¡¨å¤±è´¥:	{"error": "host is not found"}
[DYCLOUD]2024-12-24 09:58:31.846	[31merror[0m	/Users/dujie/Desktop/cmdb/æŒç»­æ›´æ–°/cmdb/server/api/v1/docker/image.go:33	è·å–é•œåƒåˆ—è¡¨å¤±è´¥!	{"error": "host is not found"}
[DYCLOUD]2024-12-24 09:58:31.846	[31merror[0m	/Users/dujie/Desktop/cmdb/æŒç»­æ›´æ–°/cmdb/server/utils/docker/docker/client.go:35	record not found
[DYCLOUD]2024-12-24 09:58:31.846	[31merror[0m	/Users/dujie/Desktop/cmdb/æŒç»­æ›´æ–°/cmdb/server/api/v1/docker/system.go:29	è·å–ç³»ç»Ÿä¿¡æ¯å¤±è´¥!	{"error": "host is not found"}
[DYCLOUD]2024-12-24 09:59:16.472	[31merror[0m	/Users/dujie/Desktop/cmdb/æŒç»­æ›´æ–°/cmdb/server/api/v1/docker/host.go:216	æ£€æŸ¥dockerè¿æ¥å¯ç”¨æ€§å¤±è´¥!	{"error": "Cannot connect to the Docker daemon at unix:///var/run/docker.sock. Is the docker daemon running?"}
[DYCLOUD]2024-12-24 10:08:17.278	[31merror[0m	/Users/dujie/Desktop/cmdb/æŒç»­æ›´æ–°/cmdb/server/utils/docker/docker/client.go:35	record not found
[DYCLOUD]2024-12-24 10:08:17.278	[31merror[0m	/Users/dujie/Desktop/cmdb/æŒç»­æ›´æ–°/cmdb/server/api/v1/docker/image.go:33	è·å–é•œåƒåˆ—è¡¨å¤±è´¥!	{"error": "host is not found"}
[DYCLOUD]2024-12-24 10:12:01.003	[31merror[0m	/Users/dujie/Desktop/cmdb/æŒç»­æ›´æ–°/cmdb/server/api/v1/docker/container.go:74	åˆ›å»ºå®¹å™¨å¤±è´¥!	{"error": "Error response from daemon: No such image: swr.cn-north-4.myhuaweicloud.com/ddn-k8s/docker.io/library/nginx:latest"}
[DYCLOUD]2024-12-24 14:50:08.103	[31merror[0m	/Users/dujie/Desktop/cmdb/æŒç»­æ›´æ–°/cmdb/server/core/server.go:41	accept tcp [::]:8888: use of closed network connection
[DYCLOUD]2024-12-24 14:50:41.902	[31merror[0m	/Users/dujie/Desktop/cmdb/æŒç»­æ›´æ–°/cmdb/server/initialize/redis.go:31	redis connect ping failed, err:	{"name": "", "error": "MISCONF Redis is configured to save RDB snapshots, but it's currently unable to persist to disk. Commands that may modify the data set are disabled, because this instance is configured to report errors during writes if RDB snapshotting fails (stop-writes-on-bgsave-error option). Please check the Redis logs for details about the RDB error."}
[DYCLOUD]2024-12-24 15:05:23.385	[31merror[0m	/Users/dujie/Desktop/cmdb/æŒç»­æ›´æ–°/cmdb/server/core/server.go:41	accept tcp [::]:8888: use of closed network connection
[DYCLOUD]2024-12-24 15:49:10.917	[31merror[0m	/Users/dujie/Desktop/cmdb/æŒç»­æ›´æ–°/cmdb/server/core/server.go:41	accept tcp [::]:8888: use of closed network connection
[DYCLOUD]2024-12-24 15:55:47.931	[31merror[0m	/Users/dujie/Desktop/cmdb/æŒç»­æ›´æ–°/cmdb/server/core/server.go:41	accept tcp [::]:8888: use of closed network connection
[DYCLOUD]2024-12-24 15:58:30.138	[31merror[0m	/Users/dujie/Desktop/cmdb/æŒç»­æ›´æ–°/cmdb/server/utils/claims.go:48	é‡æ–°å†™å…¥cookie tokenå¤±è´¥,æœªèƒ½æˆåŠŸè§£ætoken,è¯·æ£€æŸ¥è¯·æ±‚å¤´æ˜¯å¦å­˜åœ¨x-tokenä¸”claimsæ˜¯å¦ä¸ºè§„å®šç»“æ„
[DYCLOUD]2024-12-24 16:43:35.932	[31merror[0m	/Users/dujie/Desktop/cmdb/æŒç»­æ›´æ–°/cmdb/server/core/server.go:41	accept tcp [::]:8888: use of closed network connection
[DYCLOUD]2024-12-24 16:48:45.660	[31merror[0m	/Users/dujie/Desktop/cmdb/æŒç»­æ›´æ–°/cmdb/server/core/server.go:41	accept tcp [::]:8888: use of closed network connection
