[DYCLOUD]2024-12-24 08:51:10.506	[34minfo[0m	/Users/dujie/Desktop/cmdb/æŒç»­æ›´æ–°/cmdb/server/initialize/gorm.go:73	register table success
[DYCLOUD]2024-12-24 08:51:33.113	[34minfo[0m	/Users/dujie/Desktop/cmdb/æŒç»­æ›´æ–°/cmdb/server/initialize/gorm.go:73	register table success
[DYCLOUD]2024-12-24 08:51:33.114	[34minfo[0m	/Users/dujie/Desktop/cmdb/æŒç»­æ›´æ–°/cmdb/server/initialize/redis.go:35	redis connect ping response:	{"name": "", "pong": "PONG"}
[DYCLOUD]2024-12-24 08:51:33.114	[34minfo[0m	/Users/dujie/Desktop/cmdb/æŒç»­æ›´æ–°/cmdb/server/initialize/redis.go:35	redis connect ping response:	{"name": "cache", "pong": "PONG"}
[DYCLOUD]2024-12-24 08:51:33.115	[34minfo[0m	/Users/dujie/Desktop/cmdb/æŒç»­æ›´æ–°/cmdb/server/initialize/router.go:60	register swagger handler
[DYCLOUD]2024-12-24 08:51:33.184	[34minfo[0m	/Users/dujie/Desktop/cmdb/æŒç»­æ›´æ–°/cmdb/server/initialize/router.go:105	router register success
[DYCLOUD]2024-12-24 08:51:33.184	[34minfo[0m	/Users/dujie/Desktop/cmdb/æŒç»­æ›´æ–°/cmdb/server/core/server.go:39	server run success on 	{"address": ":8888"}
[DYCLOUD]2024-12-24 08:55:24.316	[34minfo[0m	/Users/dujie/Desktop/cmdb/æŒç»­æ›´æ–°/cmdb/server/initialize/gorm.go:73	register table success
[DYCLOUD]2024-12-24 08:55:24.317	[34minfo[0m	/Users/dujie/Desktop/cmdb/æŒç»­æ›´æ–°/cmdb/server/initialize/redis.go:35	redis connect ping response:	{"name": "", "pong": "PONG"}
[DYCLOUD]2024-12-24 08:55:24.317	[34minfo[0m	/Users/dujie/Desktop/cmdb/æŒç»­æ›´æ–°/cmdb/server/initialize/redis.go:35	redis connect ping response:	{"name": "cache", "pong": "PONG"}
[DYCLOUD]2024-12-24 08:55:24.318	[34minfo[0m	/Users/dujie/Desktop/cmdb/æŒç»­æ›´æ–°/cmdb/server/initialize/router.go:60	register swagger handler
[DYCLOUD]2024-12-24 08:55:24.368	[34minfo[0m	/Users/dujie/Desktop/cmdb/æŒç»­æ›´æ–°/cmdb/server/initialize/router.go:105	router register success
[DYCLOUD]2024-12-24 08:55:24.368	[34minfo[0m	/Users/dujie/Desktop/cmdb/æŒç»­æ›´æ–°/cmdb/server/core/server.go:39	server run success on 	{"address": ":8888"}
[DYCLOUD]2024-12-24 08:57:51.636	[34minfo[0m	/Users/dujie/Desktop/cmdb/æŒç»­æ›´æ–°/cmdb/server/initialize/gorm.go:73	register table success
[DYCLOUD]2024-12-24 08:57:51.637	[34minfo[0m	/Users/dujie/Desktop/cmdb/æŒç»­æ›´æ–°/cmdb/server/initialize/redis.go:35	redis connect ping response:	{"name": "", "pong": "PONG"}
[DYCLOUD]2024-12-24 08:57:51.638	[34minfo[0m	/Users/dujie/Desktop/cmdb/æŒç»­æ›´æ–°/cmdb/server/initialize/redis.go:35	redis connect ping response:	{"name": "cache", "pong": "PONG"}
[DYCLOUD]2024-12-24 08:57:51.638	[34minfo[0m	/Users/dujie/Desktop/cmdb/æŒç»­æ›´æ–°/cmdb/server/initialize/router.go:60	register swagger handler
[DYCLOUD]2024-12-24 08:57:51.681	[34minfo[0m	/Users/dujie/Desktop/cmdb/æŒç»­æ›´æ–°/cmdb/server/initialize/router.go:105	router register success
[DYCLOUD]2024-12-24 08:57:51.682	[34minfo[0m	/Users/dujie/Desktop/cmdb/æŒç»­æ›´æ–°/cmdb/server/core/server.go:39	server run success on 	{"address": ":8888"}
[DYCLOUD]2024-12-24 09:08:03.915	[34minfo[0m	/Users/dujie/Desktop/cmdb/æŒç»­æ›´æ–°/cmdb/server/service/kubernetes/metrics/metrics.go:128	promql: sum(container_memory_working_set_bytes{image!="", pod=~"calico-kube-controllers-f4c87846f-mxdvm", namespace="kube-system"}) by (pod, namespace) 
[DYCLOUD]2024-12-24 09:08:03.915	[34minfo[0m	/Users/dujie/Desktop/cmdb/æŒç»­æ›´æ–°/cmdb/server/service/kubernetes/metrics/metrics.go:128	promql: sum(inspector_pod_tcpsummarytcpestablishedconn{target_pod=~"grafana-d56fc4b79-lnplj", target_namespace="monitoring"} ) by  (target_pod, target_namespace) 
[DYCLOUD]2024-12-24 09:08:03.916	[34minfo[0m	/Users/dujie/Desktop/cmdb/æŒç»­æ›´æ–°/cmdb/server/service/kubernetes/metrics/metrics.go:128	promql: sum(container_memory_working_set_bytes{image!="", pod=~"grafana-d56fc4b79-lnplj", namespace="monitoring"}) by (pod, namespace) 
[DYCLOUD]2024-12-24 09:08:03.915	[34minfo[0m	/Users/dujie/Desktop/cmdb/æŒç»­æ›´æ–°/cmdb/server/service/kubernetes/metrics/metrics.go:128	promql: sum(container_memory_working_set_bytes{image!="", pod=~"metrics-server-747b5c55c6-8t5vs", namespace="kube-system"}) by (pod, namespace) 
[DYCLOUD]2024-12-24 09:08:03.915	[34minfo[0m	/Users/dujie/Desktop/cmdb/æŒç»­æ›´æ–°/cmdb/server/service/kubernetes/metrics/metrics.go:128	promql: sum(rate(container_cpu_usage_seconds_total{image!="",pod="calico-kube-controllers-f4c87846f-mxdvm", namespace="kube-system"}[1m])) by (pod,namespace) 
[DYCLOUD]2024-12-24 09:08:03.917	[34minfo[0m	/Users/dujie/Desktop/cmdb/æŒç»­æ›´æ–°/cmdb/server/service/kubernetes/metrics/metrics.go:128	promql: sum(container_memory_working_set_bytes{image!="", pod=~"calico-node-mvtf6", namespace="kube-system"}) by (pod, namespace) 
[DYCLOUD]2024-12-24 09:08:03.917	[34minfo[0m	/Users/dujie/Desktop/cmdb/æŒç»­æ›´æ–°/cmdb/server/service/kubernetes/metrics/metrics.go:128	promql: sum(rate(container_cpu_usage_seconds_total{image!="",pod="calico-node-mvtf6", namespace="kube-system"}[1m])) by (pod,namespace) 
[DYCLOUD]2024-12-24 09:08:03.917	[34minfo[0m	/Users/dujie/Desktop/cmdb/æŒç»­æ›´æ–°/cmdb/server/service/kubernetes/metrics/metrics.go:128	promql: sum(inspector_pod_tcpsummarytcpestablishedconn{target_pod=~"calico-node-mvtf6", target_namespace="kube-system"} ) by  (target_pod, target_namespace) 
[DYCLOUD]2024-12-24 09:08:03.918	[34minfo[0m	/Users/dujie/Desktop/cmdb/æŒç»­æ›´æ–°/cmdb/server/service/kubernetes/metrics/metrics.go:128	promql: sum(rate(container_cpu_usage_seconds_total{image!="",pod="grafana-d56fc4b79-lnplj", namespace="monitoring"}[1m])) by (pod,namespace) 
[DYCLOUD]2024-12-24 09:08:03.918	[34minfo[0m	/Users/dujie/Desktop/cmdb/æŒç»­æ›´æ–°/cmdb/server/service/kubernetes/metrics/metrics.go:128	promql: sum(inspector_pod_tcpsummarytcpestablishedconn{target_pod=~"metrics-server-747b5c55c6-8t5vs", target_namespace="kube-system"} ) by  (target_pod, target_namespace) 
[DYCLOUD]2024-12-24 09:08:03.918	[34minfo[0m	/Users/dujie/Desktop/cmdb/æŒç»­æ›´æ–°/cmdb/server/service/kubernetes/metrics/metrics.go:128	promql: sum(inspector_pod_tcpsummarytcpestablishedconn{target_pod=~"calico-kube-controllers-f4c87846f-mxdvm", target_namespace="kube-system"} ) by  (target_pod, target_namespace) 
[DYCLOUD]2024-12-24 09:08:03.918	[34minfo[0m	/Users/dujie/Desktop/cmdb/æŒç»­æ›´æ–°/cmdb/server/service/kubernetes/metrics/metrics.go:128	promql: sum(rate(container_cpu_usage_seconds_total{image!="",pod="metrics-server-747b5c55c6-8t5vs", namespace="kube-system"}[1m])) by (pod,namespace) 
[DYCLOUD]2024-12-24 09:08:03.973	[34minfo[0m	/Users/dujie/Desktop/cmdb/æŒç»­æ›´æ–°/cmdb/server/service/kubernetes/metrics/metrics.go:128	promql: sum(container_memory_working_set_bytes{image!="", pod=~"coredns-5d6d79b5cd-fjm5k", namespace="kube-system"}) by (pod, namespace) 
[DYCLOUD]2024-12-24 09:08:04.071	[34minfo[0m	/Users/dujie/Desktop/cmdb/æŒç»­æ›´æ–°/cmdb/server/service/kubernetes/metrics/metrics.go:128	promql: sum(inspector_pod_tcpsummarytcpestablishedconn{target_pod=~"coredns-5d6d79b5cd-fjm5k", target_namespace="kube-system"} ) by  (target_pod, target_namespace) 
[DYCLOUD]2024-12-24 09:08:04.071	[34minfo[0m	/Users/dujie/Desktop/cmdb/æŒç»­æ›´æ–°/cmdb/server/service/kubernetes/metrics/metrics.go:128	promql: sum(container_memory_working_set_bytes{image!="", pod=~"alertmanager-main-0", namespace="monitoring"}) by (pod, namespace) 
[DYCLOUD]2024-12-24 09:08:04.071	[34minfo[0m	/Users/dujie/Desktop/cmdb/æŒç»­æ›´æ–°/cmdb/server/service/kubernetes/metrics/metrics.go:128	promql: sum(rate(container_cpu_usage_seconds_total{image!="",pod="alertmanager-main-0", namespace="monitoring"}[1m])) by (pod,namespace) 
[DYCLOUD]2024-12-24 09:08:04.071	[34minfo[0m	/Users/dujie/Desktop/cmdb/æŒç»­æ›´æ–°/cmdb/server/service/kubernetes/metrics/metrics.go:128	promql: sum(inspector_pod_tcpsummarytcpestablishedconn{target_pod=~"alertmanager-main-0", target_namespace="monitoring"} ) by  (target_pod, target_namespace) 
[DYCLOUD]2024-12-24 09:08:04.072	[34minfo[0m	/Users/dujie/Desktop/cmdb/æŒç»­æ›´æ–°/cmdb/server/service/kubernetes/metrics/metrics.go:128	promql: sum(rate(container_cpu_usage_seconds_total{image!="",pod="coredns-5d6d79b5cd-fjm5k", namespace="kube-system"}[1m])) by (pod,namespace) 
[DYCLOUD]2024-12-24 09:08:04.320	[34minfo[0m	/Users/dujie/Desktop/cmdb/æŒç»­æ›´æ–°/cmdb/server/service/kubernetes/metrics/metrics.go:128	promql: sum(inspector_pod_tcpsummarytcpestablishedconn{target_pod=~"node-exporter-4z4c2", target_namespace="monitoring"} ) by  (target_pod, target_namespace) 
[DYCLOUD]2024-12-24 09:08:04.320	[34minfo[0m	/Users/dujie/Desktop/cmdb/æŒç»­æ›´æ–°/cmdb/server/service/kubernetes/metrics/metrics.go:128	promql: sum(container_memory_working_set_bytes{image!="", pod=~"node-exporter-4z4c2", namespace="monitoring"}) by (pod, namespace) 
[DYCLOUD]2024-12-24 09:08:04.320	[34minfo[0m	/Users/dujie/Desktop/cmdb/æŒç»­æ›´æ–°/cmdb/server/service/kubernetes/metrics/metrics.go:128	promql: sum(rate(container_cpu_usage_seconds_total{image!="",pod="node-exporter-4z4c2", namespace="monitoring"}[1m])) by (pod,namespace) 
[DYCLOUD]2024-12-24 09:08:04.368	[34minfo[0m	/Users/dujie/Desktop/cmdb/æŒç»­æ›´æ–°/cmdb/server/service/kubernetes/metrics/metrics.go:128	promql: sum(rate(container_cpu_usage_seconds_total{image!="",pod="csi-cephfsplugin-hm9sf", namespace="rook-ceph"}[1m])) by (pod,namespace) 
[DYCLOUD]2024-12-24 09:08:04.369	[34minfo[0m	/Users/dujie/Desktop/cmdb/æŒç»­æ›´æ–°/cmdb/server/service/kubernetes/metrics/metrics.go:128	promql: sum(inspector_pod_tcpsummarytcpestablishedconn{target_pod=~"csi-cephfsplugin-hm9sf", target_namespace="rook-ceph"} ) by  (target_pod, target_namespace) 
[DYCLOUD]2024-12-24 09:08:04.375	[34minfo[0m	/Users/dujie/Desktop/cmdb/æŒç»­æ›´æ–°/cmdb/server/service/kubernetes/metrics/metrics.go:128	promql: sum(container_memory_working_set_bytes{image!="", pod=~"csi-rbdplugin-9r9bs", namespace="rook-ceph"}) by (pod, namespace) 
[DYCLOUD]2024-12-24 09:08:04.375	[34minfo[0m	/Users/dujie/Desktop/cmdb/æŒç»­æ›´æ–°/cmdb/server/service/kubernetes/metrics/metrics.go:128	promql: sum(rate(container_cpu_usage_seconds_total{image!="",pod="csi-rbdplugin-9r9bs", namespace="rook-ceph"}[1m])) by (pod,namespace) 
[DYCLOUD]2024-12-24 09:08:04.375	[34minfo[0m	/Users/dujie/Desktop/cmdb/æŒç»­æ›´æ–°/cmdb/server/service/kubernetes/metrics/metrics.go:128	promql: sum(inspector_pod_tcpsummarytcpestablishedconn{target_pod=~"csi-rbdplugin-9r9bs", target_namespace="rook-ceph"} ) by  (target_pod, target_namespace) 
[DYCLOUD]2024-12-24 09:08:04.375	[34minfo[0m	/Users/dujie/Desktop/cmdb/æŒç»­æ›´æ–°/cmdb/server/service/kubernetes/metrics/metrics.go:128	promql: sum(container_memory_working_set_bytes{image!="", pod=~"csi-cephfsplugin-hm9sf", namespace="rook-ceph"}) by (pod, namespace) 
[DYCLOUD]2024-12-24 09:08:04.467	[34minfo[0m	/Users/dujie/Desktop/cmdb/æŒç»­æ›´æ–°/cmdb/server/service/kubernetes/metrics/metrics.go:128	promql: sum(container_memory_working_set_bytes{image!="", pod=~"rook-ceph-crashcollector-k8s-master01-6454f48c59-8l657", namespace="rook-ceph"}) by (pod, namespace) 
[DYCLOUD]2024-12-24 09:08:04.468	[34minfo[0m	/Users/dujie/Desktop/cmdb/æŒç»­æ›´æ–°/cmdb/server/service/kubernetes/metrics/metrics.go:128	promql: sum(inspector_pod_tcpsummarytcpestablishedconn{target_pod=~"rook-ceph-crashcollector-k8s-master01-6454f48c59-8l657", target_namespace="rook-ceph"} ) by  (target_pod, target_namespace) 
[DYCLOUD]2024-12-24 09:08:04.468	[34minfo[0m	/Users/dujie/Desktop/cmdb/æŒç»­æ›´æ–°/cmdb/server/service/kubernetes/metrics/metrics.go:128	promql: sum(rate(container_cpu_usage_seconds_total{image!="",pod="rook-ceph-crashcollector-k8s-master01-6454f48c59-8l657", namespace="rook-ceph"}[1m])) by (pod,namespace) 
[DYCLOUD]2024-12-24 09:08:15.342	[34minfo[0m	/Users/dujie/Desktop/cmdb/æŒç»­æ›´æ–°/cmdb/server/service/kubernetes/metrics/metrics.go:128	promql: sum(container_memory_working_set_bytes{image!="", pod=~"test-68594f8b55-bnlc6", namespace="default"}) by (pod, namespace) 
[DYCLOUD]2024-12-24 09:08:15.342	[34minfo[0m	/Users/dujie/Desktop/cmdb/æŒç»­æ›´æ–°/cmdb/server/service/kubernetes/metrics/metrics.go:128	promql: sum(rate(container_cpu_usage_seconds_total{image!="",pod="test-68594f8b55-bnlc6", namespace="default"}[1m])) by (pod,namespace) 
[DYCLOUD]2024-12-24 09:08:15.345	[34minfo[0m	/Users/dujie/Desktop/cmdb/æŒç»­æ›´æ–°/cmdb/server/service/kubernetes/metrics/metrics.go:128	promql: sum(inspector_pod_tcpsummarytcpestablishedconn{target_pod=~"test-68594f8b55-bnlc6", target_namespace="default"} ) by  (target_pod, target_namespace) 
[DYCLOUD]2024-12-24 09:08:16.843	[34minfo[0m	/Users/dujie/Desktop/cmdb/æŒç»­æ›´æ–°/cmdb/server/service/kubernetes/metrics/metrics.go:128	promql: sum(rate(container_cpu_usage_seconds_total{image!="",pod="test-68594f8b55-bnlc6", namespace="default"}[1m])) by (pod,namespace) 
[DYCLOUD]2024-12-24 09:08:16.843	[34minfo[0m	/Users/dujie/Desktop/cmdb/æŒç»­æ›´æ–°/cmdb/server/service/kubernetes/metrics/metrics.go:128	promql: sum(container_memory_working_set_bytes{image!="", pod=~"test-68594f8b55-bnlc6", namespace="default"}) by (pod, namespace) 
[DYCLOUD]2024-12-24 09:08:16.843	[34minfo[0m	/Users/dujie/Desktop/cmdb/æŒç»­æ›´æ–°/cmdb/server/service/kubernetes/metrics/metrics.go:128	promql: sum(inspector_pod_tcpsummarytcpestablishedconn{target_pod=~"test-68594f8b55-bnlc6", target_namespace="default"} ) by  (target_pod, target_namespace) 
[DYCLOUD]2024-12-24 09:08:28.000	[34minfo[0m	/Users/dujie/Desktop/cmdb/æŒç»­æ›´æ–°/cmdb/server/service/kubernetes/metrics/metrics.go:128	promql: sum(container_memory_working_set_bytes{image!="", pod=~"test-68594f8b55-bnlc6", namespace="default"}) by (pod, namespace) 
[DYCLOUD]2024-12-24 09:08:28.000	[34minfo[0m	/Users/dujie/Desktop/cmdb/æŒç»­æ›´æ–°/cmdb/server/service/kubernetes/metrics/metrics.go:128	promql: sum(rate(container_cpu_usage_seconds_total{image!="",pod="test-68594f8b55-bnlc6", namespace="default"}[1m])) by (pod,namespace) 
[DYCLOUD]2024-12-24 09:08:28.000	[34minfo[0m	/Users/dujie/Desktop/cmdb/æŒç»­æ›´æ–°/cmdb/server/service/kubernetes/metrics/metrics.go:128	promql: sum(inspector_pod_tcpsummarytcpestablishedconn{target_pod=~"test-68594f8b55-bnlc6", target_namespace="default"} ) by  (target_pod, target_namespace) 
