[DYCLOUD]2024-11-05 08:45:45.641	[31merror[0m	/Users/dujie/Desktop/cmdb/æŒç»­æ›´æ–°/cmdb/server/core/server.go:41	accept tcp [::]:8888: use of closed network connection
[DYCLOUD]2024-11-05 08:47:22.235	[31merror[0m	/Users/dujie/Desktop/cmdb/æŒç»­æ›´æ–°/cmdb/server/core/server.go:41	accept tcp [::]:8888: use of closed network connection
[DYCLOUD]2024-11-05 08:48:45.907	[31merror[0m	/Users/dujie/Desktop/cmdb/æŒç»­æ›´æ–°/cmdb/server/core/server.go:41	accept tcp [::]:8888: use of closed network connection
[DYCLOUD]2024-11-05 08:58:05.693	[31merror[0m	/Users/dujie/Desktop/cmdb/æŒç»­æ›´æ–°/cmdb/server/api/v1/cicd/serviceIntegration.go:142	æ‰§è¡Œå¤±è´¥!	{"error": "record not found"}
[DYCLOUD]2024-11-05 09:02:11.343	[31merror[0m	/Users/dujie/Desktop/cmdb/æŒç»­æ›´æ–°/cmdb/server/core/server.go:41	accept tcp [::]:8888: use of closed network connection
[DYCLOUD]2024-11-05 09:06:00.738	[31merror[0m	/Users/dujie/Desktop/cmdb/æŒç»­æ›´æ–°/cmdb/server/core/server.go:41	accept tcp [::]:8888: use of closed network connection
[DYCLOUD]2024-11-05 09:06:52.362	[31merror[0m	/Users/dujie/Desktop/cmdb/æŒç»­æ›´æ–°/cmdb/server/api/v1/cicd/sourceCode.go:173	æ‰§è¡Œå¤±è´¥!	{"error": "scmclient get repositories list error: 401 Unauthorized"}
[DYCLOUD]2024-11-05 09:11:13.348	[31merror[0m	/Users/dujie/Desktop/cmdb/æŒç»­æ›´æ–°/cmdb/server/utils/docker/docker/client.go:35	record not found
[DYCLOUD]2024-11-05 09:11:13.349	[31merror[0m	/Users/dujie/Desktop/cmdb/æŒç»­æ›´æ–°/cmdb/server/api/v1/docker/system.go:29	è·å–ç³»ç»Ÿä¿¡æ¯å¤±è´¥!	{"error": "host is not found"}
[DYCLOUD]2024-11-05 09:11:13.350	[31merror[0m	/Users/dujie/Desktop/cmdb/æŒç»­æ›´æ–°/cmdb/server/utils/docker/docker/client.go:35	record not found
[DYCLOUD]2024-11-05 09:11:13.350	[31merror[0m	/Users/dujie/Desktop/cmdb/æŒç»­æ›´æ–°/cmdb/server/api/v1/docker/container.go:39	è·å–å®¹å™¨åˆ—è¡¨å¤±è´¥:	{"error": "host is not found"}
[DYCLOUD]2024-11-05 09:11:13.350	[31merror[0m	/Users/dujie/Desktop/cmdb/æŒç»­æ›´æ–°/cmdb/server/utils/docker/docker/client.go:35	record not found
[DYCLOUD]2024-11-05 09:11:13.350	[31merror[0m	/Users/dujie/Desktop/cmdb/æŒç»­æ›´æ–°/cmdb/server/api/v1/docker/volume.go:33	è·å–å­˜å‚¨å·åˆ—è¡¨å¤±è´¥!	{"error": "host is not found"}
[DYCLOUD]2024-11-05 09:11:13.351	[31merror[0m	/Users/dujie/Desktop/cmdb/æŒç»­æ›´æ–°/cmdb/server/utils/docker/docker/client.go:35	record not found
[DYCLOUD]2024-11-05 09:11:13.351	[31merror[0m	/Users/dujie/Desktop/cmdb/æŒç»­æ›´æ–°/cmdb/server/api/v1/docker/network.go:33	è·å–ç½‘ç»œåˆ—è¡¨å¤±è´¥!	{"error": "host is not found"}
[DYCLOUD]2024-11-05 09:11:13.352	[31merror[0m	/Users/dujie/Desktop/cmdb/æŒç»­æ›´æ–°/cmdb/server/utils/docker/docker/client.go:35	record not found
[DYCLOUD]2024-11-05 09:11:13.352	[31merror[0m	/Users/dujie/Desktop/cmdb/æŒç»­æ›´æ–°/cmdb/server/api/v1/docker/image.go:33	è·å–é•œåƒåˆ—è¡¨å¤±è´¥!	{"error": "host is not found"}
[DYCLOUD]2024-11-05 09:13:37.389	[31merror[0m	/Users/dujie/Desktop/cmdb/æŒç»­æ›´æ–°/cmdb/server/core/server.go:41	accept tcp [::]:8888: use of closed network connection
[DYCLOUD]2024-11-05 09:23:26.766	[31merror[0m	/Users/dujie/Desktop/cmdb/æŒç»­æ›´æ–°/cmdb/server/core/server.go:41	accept tcp [::]:8888: use of closed network connection
[DYCLOUD]2024-11-05 09:59:55.915	[31merror[0m	/Users/dujie/Desktop/cmdb/æŒç»­æ›´æ–°/cmdb/server/core/server.go:41	accept tcp [::]:8888: use of closed network connection
[DYCLOUD]2024-11-05 10:04:49.138	[31merror[0m	/Users/dujie/Desktop/cmdb/æŒç»­æ›´æ–°/cmdb/server/core/server.go:41	accept tcp [::]:8888: use of closed network connection
[DYCLOUD]2024-11-05 10:05:20.259	[31merror[0m	/Users/dujie/Desktop/cmdb/æŒç»­æ›´æ–°/cmdb/server/core/server.go:41	accept tcp [::]:8888: use of closed network connection
[DYCLOUD]2024-11-05 10:32:40.540	[31merror[0m	/Users/dujie/Desktop/cmdb/æŒç»­æ›´æ–°/cmdb/server/core/server.go:41	accept tcp [::]:8888: use of closed network connection
[DYCLOUD]2024-11-05 10:55:38.294	[31merror[0m	/Users/dujie/Desktop/cmdb/æŒç»­æ›´æ–°/cmdb/server/core/server.go:41	accept tcp [::]:8888: use of closed network connection
[DYCLOUD]2024-11-05 11:04:45.223	[31merror[0m	/Users/dujie/Desktop/cmdb/æŒç»­æ›´æ–°/cmdb/server/core/server.go:41	accept tcp [::]:8888: use of closed network connection
[DYCLOUD]2024-11-05 11:05:19.593	[31merror[0m	/Users/dujie/Desktop/cmdb/æŒç»­æ›´æ–°/cmdb/server/core/server.go:41	accept tcp [::]:8888: use of closed network connection
[DYCLOUD]2024-11-05 11:08:47.685	[31merror[0m	/Users/dujie/Desktop/cmdb/æŒç»­æ›´æ–°/cmdb/server/core/server.go:41	accept tcp [::]:8888: use of closed network connection
[DYCLOUD]2024-11-05 11:15:19.583	[31merror[0m	/Users/dujie/Desktop/cmdb/æŒç»­æ›´æ–°/cmdb/server/core/server.go:41	accept tcp [::]:8888: use of closed network connection
[DYCLOUD]2024-11-05 11:16:03.113	[31merror[0m	/Users/dujie/Desktop/cmdb/æŒç»­æ›´æ–°/cmdb/server/api/v1/cicd/applications.go:62	æ‰§è¡Œå¤±è´¥!	{"error": "record not found"}
[DYCLOUD]2024-11-05 11:19:45.077	[31merror[0m	/Users/dujie/Desktop/cmdb/æŒç»­æ›´æ–°/cmdb/server/core/server.go:41	accept tcp [::]:8888: use of closed network connection
[DYCLOUD]2024-11-05 12:02:21.139	[31merror[0m	/Users/dujie/Desktop/cmdb/æŒç»­æ›´æ–°/cmdb/server/core/server.go:41	accept tcp [::]:8888: use of closed network connection
[DYCLOUD]2024-11-05 12:11:12.156	[31merror[0m	/Users/dujie/Desktop/cmdb/æŒç»­æ›´æ–°/cmdb/server/utils/kubernetes/deployments.go:63	get user info failed: record not found
[DYCLOUD]2024-11-05 12:11:12.157	[31merror[0m	/Users/dujie/Desktop/cmdb/æŒç»­æ›´æ–°/cmdb/server/service/kubernetes/node/k8s_node.go:44	record not found
[DYCLOUD]2024-11-05 12:13:11.153	[31merror[0m	/Users/dujie/Desktop/cmdb/æŒç»­æ›´æ–°/cmdb/server/core/server.go:41	accept tcp [::]:8888: use of closed network connection
[DYCLOUD]2024-11-05 12:13:15.610	[31merror[0m	/Users/dujie/Desktop/cmdb/æŒç»­æ›´æ–°/cmdb/server/initialize/redis.go:31	redis connect ping failed, err:	{"name": "", "error": "MISCONF Redis is configured to save RDB snapshots, but it's currently unable to persist to disk. Commands that may modify the data set are disabled, because this instance is configured to report errors during writes if RDB snapshotting fails (stop-writes-on-bgsave-error option). Please check the Redis logs for details about the RDB error."}
[DYCLOUD]2024-11-05 12:13:44.303	[31merror[0m	/Users/dujie/Desktop/cmdb/æŒç»­æ›´æ–°/cmdb/server/initialize/redis.go:31	redis connect ping failed, err:	{"name": "", "error": "MISCONF Redis is configured to save RDB snapshots, but it's currently unable to persist to disk. Commands that may modify the data set are disabled, because this instance is configured to report errors during writes if RDB snapshotting fails (stop-writes-on-bgsave-error option). Please check the Redis logs for details about the RDB error."}
[DYCLOUD]2024-11-05 12:14:03.222	[31merror[0m	/Users/dujie/Desktop/cmdb/æŒç»­æ›´æ–°/cmdb/server/initialize/redis.go:31	redis connect ping failed, err:	{"name": "", "error": "MISCONF Redis is configured to save RDB snapshots, but it's currently unable to persist to disk. Commands that may modify the data set are disabled, because this instance is configured to report errors during writes if RDB snapshotting fails (stop-writes-on-bgsave-error option). Please check the Redis logs for details about the RDB error."}
[DYCLOUD]2024-11-05 12:16:23.273	[31merror[0m	/Users/dujie/Desktop/cmdb/æŒç»­æ›´æ–°/cmdb/server/core/server.go:41	accept tcp [::]:8888: use of closed network connection
[DYCLOUD]2024-11-05 12:21:45.802	[31merror[0m	/Users/dujie/Desktop/cmdb/æŒç»­æ›´æ–°/cmdb/server/core/server.go:41	accept tcp [::]:8888: use of closed network connection
[DYCLOUD]2024-11-05 12:24:32.112	[31merror[0m	/Users/dujie/Desktop/cmdb/æŒç»­æ›´æ–°/cmdb/server/core/server.go:41	accept tcp [::]:8888: use of closed network connection
[DYCLOUD]2024-11-05 12:26:38.972	[31merror[0m	/Users/dujie/Desktop/cmdb/æŒç»­æ›´æ–°/cmdb/server/core/server.go:41	accept tcp [::]:8888: use of closed network connection
[DYCLOUD]2024-11-05 13:21:30.637	[31merror[0m	/Users/dujie/Desktop/cmdb/æŒç»­æ›´æ–°/cmdb/server/core/server.go:41	accept tcp [::]:8888: use of closed network connection
[DYCLOUD]2024-11-05 13:30:20.742	[31merror[0m	/Users/dujie/Desktop/cmdb/æŒç»­æ›´æ–°/cmdb/server/core/server.go:41	accept tcp [::]:8888: use of closed network connection
[DYCLOUD]2024-11-05 13:35:27.178	[31merror[0m	/Users/dujie/Desktop/cmdb/æŒç»­æ›´æ–°/cmdb/server/core/server.go:41	accept tcp [::]:8888: use of closed network connection
[DYCLOUD]2024-11-05 14:08:43.693	[31merror[0m	/Users/dujie/Desktop/cmdb/æŒç»­æ›´æ–°/cmdb/server/api/v1/configCenter/buildEnv.go:34	æ‰§è¡Œå¤±è´¥!	{"error": "Error 1054 (42S22): Unknown column 'key' in 'where clause'"}
[DYCLOUD]2024-11-05 14:09:06.265	[31merror[0m	/Users/dujie/Desktop/cmdb/æŒç»­æ›´æ–°/cmdb/server/core/server.go:41	accept tcp [::]:8888: use of closed network connection
[DYCLOUD]2024-11-05 14:20:44.739	[31merror[0m	/Users/dujie/Desktop/cmdb/æŒç»­æ›´æ–°/cmdb/server/core/server.go:41	accept tcp [::]:8888: use of closed network connection
[DYCLOUD]2024-11-05 15:38:30.222	[31merror[0m	/Users/dujie/Desktop/cmdb/æŒç»­æ›´æ–°/cmdb/server/service/configCenter/serviceIntegration.go:197	ç™»å½•ä»“åº“å¤±è´¥:è´¦å·æˆ–å¯†ç ä¸æ­£ç¡®
[DYCLOUD]2024-11-05 15:38:41.033	[31merror[0m	/Users/dujie/Desktop/cmdb/æŒç»­æ›´æ–°/cmdb/server/service/configCenter/serviceIntegration.go:197	ç™»å½•ä»“åº“å¤±è´¥:https://192.168.31.41:82è®¿é—®å¼‚å¸¸:Get "https://192.168.31.41:82": http: server gave HTTP response to HTTPS client
