[DYCLOUD]2024-12-03 08:56:04.734	[34minfo[0m	/Users/dujie/Desktop/cmdb/æŒç»­æ›´æ–°/cmdb/server/initialize/gorm.go:73	register table success
[DYCLOUD]2024-12-03 08:56:04.735	[34minfo[0m	/Users/dujie/Desktop/cmdb/æŒç»­æ›´æ–°/cmdb/server/initialize/redis.go:35	redis connect ping response:	{"name": "", "pong": "PONG"}
[DYCLOUD]2024-12-03 08:56:04.736	[34minfo[0m	/Users/dujie/Desktop/cmdb/æŒç»­æ›´æ–°/cmdb/server/initialize/redis.go:35	redis connect ping response:	{"name": "cache", "pong": "PONG"}
[DYCLOUD]2024-12-03 08:56:04.736	[34minfo[0m	/Users/dujie/Desktop/cmdb/æŒç»­æ›´æ–°/cmdb/server/initialize/router.go:60	register swagger handler
[DYCLOUD]2024-12-03 08:56:04.776	[34minfo[0m	/Users/dujie/Desktop/cmdb/æŒç»­æ›´æ–°/cmdb/server/initialize/router.go:105	router register success
[DYCLOUD]2024-12-03 08:56:04.776	[34minfo[0m	/Users/dujie/Desktop/cmdb/æŒç»­æ›´æ–°/cmdb/server/core/server.go:39	server run success on 	{"address": ":8888"}
[DYCLOUD]2024-12-03 09:19:23.045	[34minfo[0m	/Users/dujie/Desktop/cmdb/æŒç»­æ›´æ–°/cmdb/server/initialize/gorm.go:73	register table success
[DYCLOUD]2024-12-03 09:19:23.047	[34minfo[0m	/Users/dujie/Desktop/cmdb/æŒç»­æ›´æ–°/cmdb/server/initialize/redis.go:35	redis connect ping response:	{"name": "", "pong": "PONG"}
[DYCLOUD]2024-12-03 09:19:23.048	[34minfo[0m	/Users/dujie/Desktop/cmdb/æŒç»­æ›´æ–°/cmdb/server/initialize/redis.go:35	redis connect ping response:	{"name": "cache", "pong": "PONG"}
[DYCLOUD]2024-12-03 09:19:23.049	[34minfo[0m	/Users/dujie/Desktop/cmdb/æŒç»­æ›´æ–°/cmdb/server/initialize/router.go:60	register swagger handler
[DYCLOUD]2024-12-03 09:19:23.092	[34minfo[0m	/Users/dujie/Desktop/cmdb/æŒç»­æ›´æ–°/cmdb/server/initialize/router.go:105	router register success
[DYCLOUD]2024-12-03 09:19:23.093	[34minfo[0m	/Users/dujie/Desktop/cmdb/æŒç»­æ›´æ–°/cmdb/server/core/server.go:39	server run success on 	{"address": ":8888"}
[DYCLOUD]2024-12-03 09:21:59.158	[34minfo[0m	/Users/dujie/Desktop/cmdb/æŒç»­æ›´æ–°/cmdb/server/initialize/gorm.go:73	register table success
[DYCLOUD]2024-12-03 09:21:59.159	[34minfo[0m	/Users/dujie/Desktop/cmdb/æŒç»­æ›´æ–°/cmdb/server/initialize/redis.go:35	redis connect ping response:	{"name": "", "pong": "PONG"}
[DYCLOUD]2024-12-03 09:21:59.160	[34minfo[0m	/Users/dujie/Desktop/cmdb/æŒç»­æ›´æ–°/cmdb/server/initialize/redis.go:35	redis connect ping response:	{"name": "cache", "pong": "PONG"}
[DYCLOUD]2024-12-03 09:21:59.161	[34minfo[0m	/Users/dujie/Desktop/cmdb/æŒç»­æ›´æ–°/cmdb/server/initialize/router.go:60	register swagger handler
[DYCLOUD]2024-12-03 09:21:59.196	[34minfo[0m	/Users/dujie/Desktop/cmdb/æŒç»­æ›´æ–°/cmdb/server/initialize/router.go:105	router register success
[DYCLOUD]2024-12-03 09:21:59.196	[34minfo[0m	/Users/dujie/Desktop/cmdb/æŒç»­æ›´æ–°/cmdb/server/core/server.go:39	server run success on 	{"address": ":8888"}
[DYCLOUD]2024-12-03 09:44:03.368	[34minfo[0m	/Users/dujie/Desktop/cmdb/æŒç»­æ›´æ–°/cmdb/server/initialize/gorm.go:73	register table success
[DYCLOUD]2024-12-03 09:44:03.370	[34minfo[0m	/Users/dujie/Desktop/cmdb/æŒç»­æ›´æ–°/cmdb/server/initialize/redis.go:35	redis connect ping response:	{"name": "", "pong": "PONG"}
[DYCLOUD]2024-12-03 09:44:03.371	[34minfo[0m	/Users/dujie/Desktop/cmdb/æŒç»­æ›´æ–°/cmdb/server/initialize/redis.go:35	redis connect ping response:	{"name": "cache", "pong": "PONG"}
[DYCLOUD]2024-12-03 09:44:03.371	[34minfo[0m	/Users/dujie/Desktop/cmdb/æŒç»­æ›´æ–°/cmdb/server/initialize/router.go:60	register swagger handler
[DYCLOUD]2024-12-03 09:44:03.412	[34minfo[0m	/Users/dujie/Desktop/cmdb/æŒç»­æ›´æ–°/cmdb/server/initialize/router.go:105	router register success
[DYCLOUD]2024-12-03 09:44:03.413	[34minfo[0m	/Users/dujie/Desktop/cmdb/æŒç»­æ›´æ–°/cmdb/server/core/server.go:39	server run success on 	{"address": ":8888"}
[DYCLOUD]2024-12-03 10:20:55.416	[34minfo[0m	/Users/dujie/Desktop/cmdb/æŒç»­æ›´æ–°/cmdb/server/initialize/gorm.go:73	register table success
[DYCLOUD]2024-12-03 10:20:55.417	[34minfo[0m	/Users/dujie/Desktop/cmdb/æŒç»­æ›´æ–°/cmdb/server/initialize/redis.go:35	redis connect ping response:	{"name": "", "pong": "PONG"}
[DYCLOUD]2024-12-03 10:20:55.418	[34minfo[0m	/Users/dujie/Desktop/cmdb/æŒç»­æ›´æ–°/cmdb/server/initialize/redis.go:35	redis connect ping response:	{"name": "cache", "pong": "PONG"}
[DYCLOUD]2024-12-03 10:20:55.419	[34minfo[0m	/Users/dujie/Desktop/cmdb/æŒç»­æ›´æ–°/cmdb/server/initialize/router.go:60	register swagger handler
[DYCLOUD]2024-12-03 10:20:55.461	[34minfo[0m	/Users/dujie/Desktop/cmdb/æŒç»­æ›´æ–°/cmdb/server/initialize/router.go:105	router register success
[DYCLOUD]2024-12-03 10:20:55.462	[34minfo[0m	/Users/dujie/Desktop/cmdb/æŒç»­æ›´æ–°/cmdb/server/core/server.go:39	server run success on 	{"address": ":8888"}
[DYCLOUD]2024-12-03 10:23:05.752	[34minfo[0m	/Users/dujie/Desktop/cmdb/æŒç»­æ›´æ–°/cmdb/server/initialize/gorm.go:73	register table success
[DYCLOUD]2024-12-03 10:23:05.754	[34minfo[0m	/Users/dujie/Desktop/cmdb/æŒç»­æ›´æ–°/cmdb/server/initialize/redis.go:35	redis connect ping response:	{"name": "", "pong": "PONG"}
[DYCLOUD]2024-12-03 10:23:05.754	[34minfo[0m	/Users/dujie/Desktop/cmdb/æŒç»­æ›´æ–°/cmdb/server/initialize/redis.go:35	redis connect ping response:	{"name": "cache", "pong": "PONG"}
[DYCLOUD]2024-12-03 10:23:05.755	[34minfo[0m	/Users/dujie/Desktop/cmdb/æŒç»­æ›´æ–°/cmdb/server/initialize/router.go:60	register swagger handler
[DYCLOUD]2024-12-03 10:23:05.794	[34minfo[0m	/Users/dujie/Desktop/cmdb/æŒç»­æ›´æ–°/cmdb/server/initialize/router.go:105	router register success
[DYCLOUD]2024-12-03 10:23:05.795	[34minfo[0m	/Users/dujie/Desktop/cmdb/æŒç»­æ›´æ–°/cmdb/server/core/server.go:39	server run success on 	{"address": ":8888"}
[DYCLOUD]2024-12-03 10:29:28.483	[34minfo[0m	/Users/dujie/Desktop/cmdb/æŒç»­æ›´æ–°/cmdb/server/initialize/gorm.go:73	register table success
[DYCLOUD]2024-12-03 10:29:28.485	[34minfo[0m	/Users/dujie/Desktop/cmdb/æŒç»­æ›´æ–°/cmdb/server/initialize/redis.go:35	redis connect ping response:	{"name": "", "pong": "PONG"}
[DYCLOUD]2024-12-03 10:29:28.485	[34minfo[0m	/Users/dujie/Desktop/cmdb/æŒç»­æ›´æ–°/cmdb/server/initialize/redis.go:35	redis connect ping response:	{"name": "cache", "pong": "PONG"}
[DYCLOUD]2024-12-03 10:29:28.486	[34minfo[0m	/Users/dujie/Desktop/cmdb/æŒç»­æ›´æ–°/cmdb/server/initialize/router.go:60	register swagger handler
[DYCLOUD]2024-12-03 10:29:28.521	[34minfo[0m	/Users/dujie/Desktop/cmdb/æŒç»­æ›´æ–°/cmdb/server/initialize/router.go:105	router register success
[DYCLOUD]2024-12-03 10:29:28.522	[34minfo[0m	/Users/dujie/Desktop/cmdb/æŒç»­æ›´æ–°/cmdb/server/core/server.go:39	server run success on 	{"address": ":8888"}
[DYCLOUD]2024-12-03 10:32:29.735	[34minfo[0m	/Users/dujie/Desktop/cmdb/æŒç»­æ›´æ–°/cmdb/server/initialize/gorm.go:73	register table success
[DYCLOUD]2024-12-03 10:32:29.736	[34minfo[0m	/Users/dujie/Desktop/cmdb/æŒç»­æ›´æ–°/cmdb/server/initialize/redis.go:35	redis connect ping response:	{"name": "", "pong": "PONG"}
[DYCLOUD]2024-12-03 10:32:29.737	[34minfo[0m	/Users/dujie/Desktop/cmdb/æŒç»­æ›´æ–°/cmdb/server/initialize/redis.go:35	redis connect ping response:	{"name": "cache", "pong": "PONG"}
[DYCLOUD]2024-12-03 10:32:29.738	[34minfo[0m	/Users/dujie/Desktop/cmdb/æŒç»­æ›´æ–°/cmdb/server/initialize/router.go:60	register swagger handler
[DYCLOUD]2024-12-03 10:32:29.773	[34minfo[0m	/Users/dujie/Desktop/cmdb/æŒç»­æ›´æ–°/cmdb/server/initialize/router.go:105	router register success
[DYCLOUD]2024-12-03 10:32:29.773	[34minfo[0m	/Users/dujie/Desktop/cmdb/æŒç»­æ›´æ–°/cmdb/server/core/server.go:39	server run success on 	{"address": ":8888"}
[DYCLOUD]2024-12-03 10:45:21.445	[34minfo[0m	/Users/dujie/Desktop/cmdb/æŒç»­æ›´æ–°/cmdb/server/initialize/gorm.go:73	register table success
[DYCLOUD]2024-12-03 10:45:21.447	[34minfo[0m	/Users/dujie/Desktop/cmdb/æŒç»­æ›´æ–°/cmdb/server/initialize/redis.go:35	redis connect ping response:	{"name": "", "pong": "PONG"}
[DYCLOUD]2024-12-03 10:45:21.447	[34minfo[0m	/Users/dujie/Desktop/cmdb/æŒç»­æ›´æ–°/cmdb/server/initialize/redis.go:35	redis connect ping response:	{"name": "cache", "pong": "PONG"}
[DYCLOUD]2024-12-03 10:45:21.448	[34minfo[0m	/Users/dujie/Desktop/cmdb/æŒç»­æ›´æ–°/cmdb/server/initialize/router.go:60	register swagger handler
[DYCLOUD]2024-12-03 10:45:21.485	[34minfo[0m	/Users/dujie/Desktop/cmdb/æŒç»­æ›´æ–°/cmdb/server/initialize/router.go:105	router register success
[DYCLOUD]2024-12-03 10:45:21.485	[34minfo[0m	/Users/dujie/Desktop/cmdb/æŒç»­æ›´æ–°/cmdb/server/core/server.go:39	server run success on 	{"address": ":8888"}
[DYCLOUD]2024-12-03 10:47:01.825	[34minfo[0m	/Users/dujie/Desktop/cmdb/æŒç»­æ›´æ–°/cmdb/server/initialize/gorm.go:73	register table success
[DYCLOUD]2024-12-03 10:47:01.827	[34minfo[0m	/Users/dujie/Desktop/cmdb/æŒç»­æ›´æ–°/cmdb/server/initialize/redis.go:35	redis connect ping response:	{"name": "", "pong": "PONG"}
[DYCLOUD]2024-12-03 10:47:01.828	[34minfo[0m	/Users/dujie/Desktop/cmdb/æŒç»­æ›´æ–°/cmdb/server/initialize/redis.go:35	redis connect ping response:	{"name": "cache", "pong": "PONG"}
[DYCLOUD]2024-12-03 10:47:01.829	[34minfo[0m	/Users/dujie/Desktop/cmdb/æŒç»­æ›´æ–°/cmdb/server/initialize/router.go:60	register swagger handler
[DYCLOUD]2024-12-03 10:47:01.868	[34minfo[0m	/Users/dujie/Desktop/cmdb/æŒç»­æ›´æ–°/cmdb/server/initialize/router.go:105	router register success
[DYCLOUD]2024-12-03 10:47:01.868	[34minfo[0m	/Users/dujie/Desktop/cmdb/æŒç»­æ›´æ–°/cmdb/server/core/server.go:39	server run success on 	{"address": ":8888"}
[DYCLOUD]2024-12-03 10:53:46.931	[34minfo[0m	/Users/dujie/Desktop/cmdb/æŒç»­æ›´æ–°/cmdb/server/initialize/gorm.go:73	register table success
[DYCLOUD]2024-12-03 10:53:46.933	[34minfo[0m	/Users/dujie/Desktop/cmdb/æŒç»­æ›´æ–°/cmdb/server/initialize/redis.go:35	redis connect ping response:	{"name": "", "pong": "PONG"}
[DYCLOUD]2024-12-03 10:53:46.934	[34minfo[0m	/Users/dujie/Desktop/cmdb/æŒç»­æ›´æ–°/cmdb/server/initialize/redis.go:35	redis connect ping response:	{"name": "cache", "pong": "PONG"}
[DYCLOUD]2024-12-03 10:53:46.934	[34minfo[0m	/Users/dujie/Desktop/cmdb/æŒç»­æ›´æ–°/cmdb/server/initialize/router.go:60	register swagger handler
[DYCLOUD]2024-12-03 10:53:46.973	[34minfo[0m	/Users/dujie/Desktop/cmdb/æŒç»­æ›´æ–°/cmdb/server/initialize/router.go:105	router register success
[DYCLOUD]2024-12-03 10:53:46.973	[34minfo[0m	/Users/dujie/Desktop/cmdb/æŒç»­æ›´æ–°/cmdb/server/core/server.go:39	server run success on 	{"address": ":8888"}
[DYCLOUD]2024-12-03 11:01:35.544	[34minfo[0m	/Users/dujie/Desktop/cmdb/æŒç»­æ›´æ–°/cmdb/server/initialize/gorm.go:73	register table success
[DYCLOUD]2024-12-03 11:01:35.546	[34minfo[0m	/Users/dujie/Desktop/cmdb/æŒç»­æ›´æ–°/cmdb/server/initialize/redis.go:35	redis connect ping response:	{"name": "", "pong": "PONG"}
[DYCLOUD]2024-12-03 11:01:35.546	[34minfo[0m	/Users/dujie/Desktop/cmdb/æŒç»­æ›´æ–°/cmdb/server/initialize/redis.go:35	redis connect ping response:	{"name": "cache", "pong": "PONG"}
[DYCLOUD]2024-12-03 11:01:35.547	[34minfo[0m	/Users/dujie/Desktop/cmdb/æŒç»­æ›´æ–°/cmdb/server/initialize/router.go:60	register swagger handler
[DYCLOUD]2024-12-03 11:01:35.584	[34minfo[0m	/Users/dujie/Desktop/cmdb/æŒç»­æ›´æ–°/cmdb/server/initialize/router.go:105	router register success
[DYCLOUD]2024-12-03 11:01:35.584	[34minfo[0m	/Users/dujie/Desktop/cmdb/æŒç»­æ›´æ–°/cmdb/server/core/server.go:39	server run success on 	{"address": ":8888"}
